#
# There is insufficient memory for the Java Runtime Environment to continue.
# Native memory allocation (malloc) failed to allocate 1293296 bytes for Chunk::new
# Possible reasons:
#   The system is out of physical RAM or swap space
#   The process is running with CompressedOops enabled, and the Java Heap may be blocking the growth of the native heap
# Possible solutions:
#   Reduce memory load on the system
#   Increase physical memory or swap space
#   Check if swap backing store is full
#   Decrease Java heap size (-Xmx/-Xms)
#   Decrease number of Java threads
#   Decrease Java thread stack sizes (-Xss)
#   Set larger code cache with -XX:ReservedCodeCacheSize=
#   JVM is running with Unscaled Compressed Oops mode in which the Java heap is
#     placed in the first 4GB address space. The Java Heap base address is the
#     maximum limit for the native heap growth. Please use -XX:HeapBaseMinAddress
#     to set the Java Heap base and to place the Java Heap above 4GB virtual address.
# This output file may be truncated or incomplete.
#
#  Out of Memory Error (./src/hotspot/share/memory/arena.cpp:197), pid=12312, tid=22172
#
# JRE version: OpenJDK Runtime Environment (11.0.11+9) (build 11.0.11+9-b60-7590822)
# Java VM: OpenJDK 64-Bit Server VM (11.0.11+9-b60-7590822, mixed mode, tiered, compressed oops, g1 gc, windows-amd64)
# No core dump will be written. Minidumps are not enabled by default on client versions of Windows
#

---------------  S U M M A R Y ------------

Command Line: --add-opens=java.base/java.util=ALL-UNNAMED --add-opens=java.base/java.lang=ALL-UNNAMED --add-opens=java.base/java.lang.invoke=ALL-UNNAMED --add-opens=java.base/java.util=ALL-UNNAMED --add-opens=java.prefs/java.util.prefs=ALL-UNNAMED --add-opens=java.prefs/java.util.prefs=ALL-UNNAMED --add-opens=java.base/java.nio.charset=ALL-UNNAMED --add-opens=java.base/java.net=ALL-UNNAMED --add-opens=java.base/java.util.concurrent.atomic=ALL-UNNAMED -Xmx2048m -Dfile.encoding=UTF-8 -Duser.country=KR -Duser.language=ko -Duser.variant org.gradle.launcher.daemon.bootstrap.GradleDaemon 7.2

Host: Intel(R) Core(TM) i5-4690 CPU @ 3.50GHz, 4 cores, 15G,  Windows 10 , 64 bit Build 19041 (10.0.19041.1706)
Time: Wed Jun 29 22:10:53 2022 대한민국 표준시 elapsed time: 24.032638 seconds (0d 0h 0m 24s)

---------------  T H R E A D  ---------------

Current thread (0x00000284b292c800):  JavaThread "C2 CompilerThread1" daemon [_thread_in_native, id=22172, stack(0x000000a8be400000,0x000000a8be500000)]


Current CompileTask:
C2:  24032 13424       4       org.gradle.internal.file.DefaultFileHierarchySet$Node::plus (337 bytes)

Stack: [0x000000a8be400000,0x000000a8be500000]
Native frames: (J=compiled Java code, j=interpreted, Vv=VM code, C=native code)
V  [jvm.dll+0x5f214a]
V  [jvm.dll+0x726fb5]
V  [jvm.dll+0x7285cd]
V  [jvm.dll+0x728c83]
V  [jvm.dll+0x243278]
V  [jvm.dll+0xbc53c]
V  [jvm.dll+0xbca3c]
V  [jvm.dll+0x353e7d]
V  [jvm.dll+0x321893]
V  [jvm.dll+0x320d8a]
V  [jvm.dll+0x1fc1e2]
V  [jvm.dll+0x1fb3d4]
V  [jvm.dll+0x183d6c]
V  [jvm.dll+0x209a57]
V  [jvm.dll+0x2082a1]
V  [jvm.dll+0x6ef58f]
V  [jvm.dll+0x6e80b5]
V  [jvm.dll+0x5f1036]
C  [ucrtbase.dll+0x21bb2]
C  [KERNEL32.DLL+0x17034]
C  [ntdll.dll+0x52651]


---------------  P R O C E S S  ---------------

Threads class SMR info:
_java_thread_list=0x00000284b2afc010, length=88, elements={
0x00000284954b0000, 0x00000284af0de000, 0x00000284af902800, 0x00000284af975800,
0x00000284af976000, 0x00000284af977000, 0x00000284af97a800, 0x00000284af97f800,
0x00000284af9e6800, 0x00000284afaeb800, 0x00000284b2502000, 0x00000284b1b4b800,
0x00000284b2907800, 0x00000284b1096800, 0x00000284b152b800, 0x00000284b1447000,
0x00000284b20e5000, 0x00000284b134a800, 0x00000284b25c8000, 0x00000284b2d82000,
0x00000284b2d80800, 0x00000284b2d7d800, 0x00000284b2d7e000, 0x00000284b2d7f000,
0x00000284b2d7f800, 0x00000284b2d81800, 0x00000284b2d7c800, 0x00000284b2d83000,
0x00000284b5971000, 0x00000284b596f800, 0x00000284b5972800, 0x00000284b596e800,
0x00000284b5972000, 0x00000284b596d000, 0x00000284b5975000, 0x00000284b5976000,
0x00000284b5979000, 0x00000284b5973800, 0x00000284b5976800, 0x00000284b5977800,
0x00000284b597a000, 0x00000284b5978800, 0x00000284b5974800, 0x00000284b597b000,
0x00000284b597b800, 0x00000284b23ac800, 0x00000284b23ab000, 0x00000284b23ae000,
0x00000284b23ab800, 0x00000284b23b0000, 0x00000284b23ad800, 0x00000284b23af000,
0x00000284b23aa000, 0x00000284b23b2000, 0x00000284b23b5800, 0x00000284b23b4800,
0x00000284b23b1800, 0x00000284b23b3000, 0x00000284b23b0800, 0x00000284b23b7000,
0x00000284b23b6800, 0x00000284b23b9000, 0x00000284b23b8000, 0x00000284b23b4000,
0x00000284b592b800, 0x00000284b5929800, 0x00000284b5927000, 0x00000284b592a800,
0x00000284b5929000, 0x00000284b5928000, 0x00000284b5925800, 0x00000284b592c000,
0x00000284b5926800, 0x00000284b5932800, 0x00000284b592f800, 0x00000284b5931000,
0x00000284b5930000, 0x00000284b592e800, 0x00000284b5933800, 0x00000284b592d800,
0x00000284b5934000, 0x00000284b5500800, 0x00000284b5502000, 0x00000284b54fe800,
0x00000284b5501000, 0x00000284b5503000, 0x00000284b54ff800, 0x00000284b292c800
}

Java Threads: ( => current thread )
  0x00000284954b0000 JavaThread "main" [_thread_blocked, id=18636, stack(0x000000a8bc300000,0x000000a8bc400000)]
  0x00000284af0de000 JavaThread "Reference Handler" daemon [_thread_blocked, id=6892, stack(0x000000a8bca00000,0x000000a8bcb00000)]
  0x00000284af902800 JavaThread "Finalizer" daemon [_thread_blocked, id=19236, stack(0x000000a8bcb00000,0x000000a8bcc00000)]
  0x00000284af975800 JavaThread "Signal Dispatcher" daemon [_thread_blocked, id=9056, stack(0x000000a8bcc00000,0x000000a8bcd00000)]
  0x00000284af976000 JavaThread "Attach Listener" daemon [_thread_blocked, id=30640, stack(0x000000a8bcd00000,0x000000a8bce00000)]
  0x00000284af977000 JavaThread "Service Thread" daemon [_thread_blocked, id=17172, stack(0x000000a8bce00000,0x000000a8bcf00000)]
  0x00000284af97a800 JavaThread "C2 CompilerThread0" daemon [_thread_blocked, id=32308, stack(0x000000a8bcf00000,0x000000a8bd000000)]
  0x00000284af97f800 JavaThread "C1 CompilerThread0" daemon [_thread_blocked, id=17876, stack(0x000000a8bd000000,0x000000a8bd100000)]
  0x00000284af9e6800 JavaThread "Sweeper thread" daemon [_thread_blocked, id=11588, stack(0x000000a8bd100000,0x000000a8bd200000)]
  0x00000284afaeb800 JavaThread "Common-Cleaner" daemon [_thread_blocked, id=11232, stack(0x000000a8bd200000,0x000000a8bd300000)]
  0x00000284b2502000 JavaThread "Daemon health stats" [_thread_blocked, id=33516, stack(0x000000a8bd800000,0x000000a8bd900000)]
  0x00000284b1b4b800 JavaThread "Incoming local TCP Connector on port 51653" [_thread_in_native, id=23564, stack(0x000000a8bd400000,0x000000a8bd500000)]
  0x00000284b2907800 JavaThread "Daemon periodic checks" [_thread_blocked, id=9804, stack(0x000000a8bd900000,0x000000a8bda00000)]
  0x00000284b1096800 JavaThread "Daemon" [_thread_blocked, id=18832, stack(0x000000a8bda00000,0x000000a8bdb00000)]
  0x00000284b152b800 JavaThread "Handler for socket connection from /127.0.0.1:51653 to /127.0.0.1:51654" [_thread_in_native, id=13968, stack(0x000000a8bdb00000,0x000000a8bdc00000)]
  0x00000284b1447000 JavaThread "Cancel handler" [_thread_blocked, id=31188, stack(0x000000a8bdc00000,0x000000a8bdd00000)]
  0x00000284b20e5000 JavaThread "Daemon worker" [_thread_in_vm, id=19348, stack(0x000000a8bdd00000,0x000000a8bde00000)]
  0x00000284b134a800 JavaThread "Asynchronous log dispatcher for DefaultDaemonConnection: socket connection from /127.0.0.1:51653 to /127.0.0.1:51654" [_thread_blocked, id=15168, stack(0x000000a8bde00000,0x000000a8bdf00000)]
  0x00000284b25c8000 JavaThread "Stdin handler" [_thread_blocked, id=31836, stack(0x000000a8bdf00000,0x000000a8be000000)]
  0x00000284b2d82000 JavaThread "Daemon client event forwarder" [_thread_blocked, id=5976, stack(0x000000a8be000000,0x000000a8be100000)]
  0x00000284b2d80800 JavaThread "Cache worker for journal cache (C:\Users\User\.gradle\caches\journal-1)" [_thread_blocked, id=34556, stack(0x000000a8be100000,0x000000a8be200000)]
  0x00000284b2d7d800 JavaThread "File lock request listener" [_thread_in_native, id=18656, stack(0x000000a8be200000,0x000000a8be300000)]
  0x00000284b2d7e000 JavaThread "Cache worker for file hash cache (C:\Users\User\.gradle\caches\7.2\fileHashes)" [_thread_blocked, id=36680, stack(0x000000a8be300000,0x000000a8be400000)]
  0x00000284b2d7f000 JavaThread "Cache worker for file hash cache (C:\Users\User\AndroidStudioProjects\Why_Not\.gradle\7.2\fileHashes)" [_thread_blocked, id=21576, stack(0x000000a8be500000,0x000000a8be600000)]
  0x00000284b2d7f800 JavaThread "File watcher server" daemon [_thread_in_native, id=10956, stack(0x000000a8be600000,0x000000a8be700000)]
  0x00000284b2d81800 JavaThread "File watcher consumer" daemon [_thread_blocked, id=31100, stack(0x000000a8be700000,0x000000a8be800000)]
  0x00000284b2d7c800 JavaThread "Cache worker for checksums cache (C:\Users\User\AndroidStudioProjects\Why_Not\.gradle\checksums)" [_thread_blocked, id=8580, stack(0x000000a8be800000,0x000000a8be900000)]
  0x00000284b2d83000 JavaThread "Cache worker for cache directory md-supplier (C:\Users\User\.gradle\caches\7.2\md-supplier)" [_thread_blocked, id=9016, stack(0x000000a8be900000,0x000000a8bea00000)]
  0x00000284b5971000 JavaThread "Cache worker for cache directory md-rule (C:\Users\User\.gradle\caches\7.2\md-rule)" [_thread_blocked, id=29724, stack(0x000000a8bea00000,0x000000a8beb00000)]
  0x00000284b596f800 JavaThread "Cache worker for execution history cache (C:\Users\User\.gradle\caches\7.2\executionHistory)" [_thread_blocked, id=33244, stack(0x000000a8beb00000,0x000000a8bec00000)]
  0x00000284b5972800 JavaThread "jar transforms" [_thread_blocked, id=6960, stack(0x000000a8bec00000,0x000000a8bed00000)]
  0x00000284b596e800 JavaThread "Cache worker for file content cache (C:\Users\User\.gradle\caches\7.2\fileContent)" [_thread_blocked, id=30880, stack(0x000000a8bed00000,0x000000a8bee00000)]
  0x00000284b5972000 JavaThread "jar transforms Thread 2" [_thread_blocked, id=15808, stack(0x000000a8bee00000,0x000000a8bef00000)]
  0x00000284b596d000 JavaThread "Cache worker for dependencies-accessors (C:\Users\User\AndroidStudioProjects\Why_Not\.gradle\7.2\dependencies-accessors)" [_thread_blocked, id=36340, stack(0x000000a8bef00000,0x000000a8bf000000)]
  0x00000284b5975000 JavaThread "jar transforms Thread 3" [_thread_blocked, id=7700, stack(0x000000a8bf000000,0x000000a8bf100000)]
  0x00000284b5976000 JavaThread "Cache worker for Build Output Cleanup Cache (C:\Users\User\AndroidStudioProjects\Why_Not\.gradle\buildOutputCleanup)" [_thread_blocked, id=36440, stack(0x000000a8bf100000,0x000000a8bf200000)]
  0x00000284b5979000 JavaThread "Unconstrained build operations" [_thread_blocked, id=22788, stack(0x000000a8bf200000,0x000000a8bf300000)]
  0x00000284b5973800 JavaThread "Unconstrained build operations Thread 2" [_thread_blocked, id=14680, stack(0x000000a8bf300000,0x000000a8bf400000)]
  0x00000284b5976800 JavaThread "Unconstrained build operations Thread 3" [_thread_blocked, id=22316, stack(0x000000a8bf400000,0x000000a8bf500000)]
  0x00000284b5977800 JavaThread "Unconstrained build operations Thread 4" [_thread_blocked, id=23912, stack(0x000000a8bf500000,0x000000a8bf600000)]
  0x00000284b597a000 JavaThread "Unconstrained build operations Thread 5" [_thread_blocked, id=5688, stack(0x000000a8bf600000,0x000000a8bf700000)]
  0x00000284b5978800 JavaThread "Unconstrained build operations Thread 6" [_thread_blocked, id=35080, stack(0x000000a8bf700000,0x000000a8bf800000)]
  0x00000284b5974800 JavaThread "Unconstrained build operations Thread 7" [_thread_blocked, id=5156, stack(0x000000a8bf800000,0x000000a8bf900000)]
  0x00000284b597b000 JavaThread "Unconstrained build operations Thread 8" [_thread_blocked, id=25796, stack(0x000000a8bf900000,0x000000a8bfa00000)]
  0x00000284b597b800 JavaThread "Unconstrained build operations Thread 9" [_thread_blocked, id=12000, stack(0x000000a8bfa00000,0x000000a8bfb00000)]
  0x00000284b23ac800 JavaThread "Unconstrained build operations Thread 10" [_thread_blocked, id=19140, stack(0x000000a8bfb00000,0x000000a8bfc00000)]
  0x00000284b23ab000 JavaThread "Unconstrained build operations Thread 11" [_thread_blocked, id=27680, stack(0x000000a8bfc00000,0x000000a8bfd00000)]
  0x00000284b23ae000 JavaThread "Unconstrained build operations Thread 12" [_thread_blocked, id=18688, stack(0x000000a8bfd00000,0x000000a8bfe00000)]
  0x00000284b23ab800 JavaThread "Unconstrained build operations Thread 13" [_thread_blocked, id=25832, stack(0x000000a8bfe00000,0x000000a8bff00000)]
  0x00000284b23b0000 JavaThread "Unconstrained build operations Thread 14" [_thread_blocked, id=36332, stack(0x000000a8bff00000,0x000000a8c0000000)]
  0x00000284b23ad800 JavaThread "Unconstrained build operations Thread 15" [_thread_blocked, id=26476, stack(0x000000a8c0000000,0x000000a8c0100000)]
  0x00000284b23af000 JavaThread "Unconstrained build operations Thread 16" [_thread_blocked, id=21128, stack(0x000000a8c0100000,0x000000a8c0200000)]
  0x00000284b23aa000 JavaThread "Unconstrained build operations Thread 17" [_thread_blocked, id=9652, stack(0x000000a8c0200000,0x000000a8c0300000)]
  0x00000284b23b2000 JavaThread "Unconstrained build operations Thread 18" [_thread_blocked, id=36140, stack(0x000000a8c0300000,0x000000a8c0400000)]
  0x00000284b23b5800 JavaThread "Unconstrained build operations Thread 19" [_thread_blocked, id=18420, stack(0x000000a8c0400000,0x000000a8c0500000)]
  0x00000284b23b4800 JavaThread "Unconstrained build operations Thread 20" [_thread_blocked, id=28988, stack(0x000000a8c0500000,0x000000a8c0600000)]
  0x00000284b23b1800 JavaThread "Unconstrained build operations Thread 21" [_thread_blocked, id=30060, stack(0x000000a8c0600000,0x000000a8c0700000)]
  0x00000284b23b3000 JavaThread "Unconstrained build operations Thread 22" [_thread_blocked, id=18800, stack(0x000000a8c0700000,0x000000a8c0800000)]
  0x00000284b23b0800 JavaThread "Unconstrained build operations Thread 23" [_thread_blocked, id=35508, stack(0x000000a8c0800000,0x000000a8c0900000)]
  0x00000284b23b7000 JavaThread "Unconstrained build operations Thread 24" [_thread_blocked, id=35920, stack(0x000000a8c0900000,0x000000a8c0a00000)]
  0x00000284b23b6800 JavaThread "Unconstrained build operations Thread 25" [_thread_blocked, id=24272, stack(0x000000a8c0a00000,0x000000a8c0b00000)]
  0x00000284b23b9000 JavaThread "Unconstrained build operations Thread 26" [_thread_blocked, id=12984, stack(0x000000a8c0b00000,0x000000a8c0c00000)]
  0x00000284b23b8000 JavaThread "Unconstrained build operations Thread 27" [_thread_blocked, id=35588, stack(0x000000a8c0c00000,0x000000a8c0d00000)]
  0x00000284b23b4000 JavaThread "Unconstrained build operations Thread 28" [_thread_blocked, id=29156, stack(0x000000a8c0d00000,0x000000a8c0e00000)]
  0x00000284b592b800 JavaThread "Unconstrained build operations Thread 29" [_thread_blocked, id=34812, stack(0x000000a8c0e00000,0x000000a8c0f00000)]
  0x00000284b5929800 JavaThread "Unconstrained build operations Thread 30" [_thread_in_vm, id=4036, stack(0x000000a8c0f00000,0x000000a8c1000000)]
  0x00000284b5927000 JavaThread "Unconstrained build operations Thread 31" [_thread_blocked, id=8136, stack(0x000000a8c1000000,0x000000a8c1100000)]
  0x00000284b592a800 JavaThread "Unconstrained build operations Thread 32" [_thread_blocked, id=29100, stack(0x000000a8c1100000,0x000000a8c1200000)]
  0x00000284b5929000 JavaThread "Unconstrained build operations Thread 33" [_thread_blocked, id=12724, stack(0x000000a8c1200000,0x000000a8c1300000)]
  0x00000284b5928000 JavaThread "Unconstrained build operations Thread 34" [_thread_blocked, id=1700, stack(0x000000a8c1300000,0x000000a8c1400000)]
  0x00000284b5925800 JavaThread "Unconstrained build operations Thread 35" [_thread_blocked, id=30212, stack(0x000000a8c1400000,0x000000a8c1500000)]
  0x00000284b592c000 JavaThread "Unconstrained build operations Thread 36" [_thread_blocked, id=33752, stack(0x000000a8c1500000,0x000000a8c1600000)]
  0x00000284b5926800 JavaThread "Unconstrained build operations Thread 37" [_thread_blocked, id=4436, stack(0x000000a8c1600000,0x000000a8c1700000)]
  0x00000284b5932800 JavaThread "Unconstrained build operations Thread 38" [_thread_blocked, id=28500, stack(0x000000a8c1700000,0x000000a8c1800000)]
  0x00000284b592f800 JavaThread "Unconstrained build operations Thread 39" [_thread_blocked, id=3212, stack(0x000000a8c1800000,0x000000a8c1900000)]
  0x00000284b5931000 JavaThread "Unconstrained build operations Thread 40" [_thread_blocked, id=17804, stack(0x000000a8c1900000,0x000000a8c1a00000)]
  0x00000284b5930000 JavaThread "jar transforms Thread 4" [_thread_blocked, id=28404, stack(0x000000a8c1a00000,0x000000a8c1b00000)]
  0x00000284b592e800 JavaThread "Memory manager" [_thread_blocked, id=23576, stack(0x000000a8c1b00000,0x000000a8c1c00000)]
  0x00000284b5933800 JavaThread "build event listener" [_thread_blocked, id=22804, stack(0x000000a8c1c00000,0x000000a8c1d00000)]
  0x00000284b592d800 JavaThread "Execution worker for ':'" [_thread_blocked, id=16760, stack(0x000000a8c1d00000,0x000000a8c1e00000)]
  0x00000284b5934000 JavaThread "Execution worker for ':' Thread 2" [_thread_blocked, id=21548, stack(0x000000a8c1e00000,0x000000a8c1f00000)]
  0x00000284b5500800 JavaThread "Execution worker for ':' Thread 3" [_thread_blocked, id=14360, stack(0x000000a8c1f00000,0x000000a8c2000000)]
  0x00000284b5502000 JavaThread "Cache worker for execution history cache (C:\Users\User\AndroidStudioProjects\Why_Not\.gradle\7.2\executionHistory)" [_thread_blocked, id=26296, stack(0x000000a8c2000000,0x000000a8c2100000)]
  0x00000284b54fe800 JavaThread "WorkerExecutor Queue" [_thread_blocked, id=32412, stack(0x000000a8c2100000,0x000000a8c2200000)]
  0x00000284b5501000 JavaThread "WorkerExecutor Queue Thread 2" [_thread_blocked, id=17844, stack(0x000000a8c2500000,0x000000a8c2600000)]
  0x00000284b5503000 JavaThread "WorkerExecutor Queue Thread 3" [_thread_blocked, id=25180, stack(0x000000a8c2600000,0x000000a8c2700000)]
  0x00000284b54ff800 JavaThread "WorkerExecutor Queue Thread 4" [_thread_blocked, id=29364, stack(0x000000a8c2700000,0x000000a8c2800000)]
=>0x00000284b292c800 JavaThread "C2 CompilerThread1" daemon [_thread_in_native, id=22172, stack(0x000000a8be400000,0x000000a8be500000)]

Other Threads:
  0x00000284af0d7000 VMThread "VM Thread" [stack: 0x000000a8bc900000,0x000000a8bca00000] [id=13144]
  0x00000284afb11000 WatcherThread [stack: 0x000000a8bd300000,0x000000a8bd400000] [id=19704]
  0x00000284954c9800 GCTaskThread "GC Thread#0" [stack: 0x000000a8bc400000,0x000000a8bc500000] [id=5316]
  0x00000284b03b8800 GCTaskThread "GC Thread#1" [stack: 0x000000a8bd500000,0x000000a8bd600000] [id=26888]
  0x00000284b04ae800 GCTaskThread "GC Thread#2" [stack: 0x000000a8bd600000,0x000000a8bd700000] [id=23744]
  0x00000284b03d3000 GCTaskThread "GC Thread#3" [stack: 0x000000a8bd700000,0x000000a8bd800000] [id=11268]
  0x00000284954f8800 ConcurrentGCThread "G1 Main Marker" [stack: 0x000000a8bc500000,0x000000a8bc600000] [id=34028]
  0x00000284954fa000 ConcurrentGCThread "G1 Conc#0" [stack: 0x000000a8bc600000,0x000000a8bc700000] [id=3248]
  0x000002849558d800 ConcurrentGCThread "G1 Refine#0" [stack: 0x000000a8bc700000,0x000000a8bc800000] [id=1304]
  0x00000284b8bd3800 ConcurrentGCThread "G1 Refine#1" [stack: 0x000000a8c2200000,0x000000a8c2300000] [id=13900]
  0x00000284b8b59800 ConcurrentGCThread "G1 Refine#2" [stack: 0x000000a8c2300000,0x000000a8c2400000] [id=6580]
  0x00000284b8b5a000 ConcurrentGCThread "G1 Refine#3" [stack: 0x000000a8c2400000,0x000000a8c2500000] [id=21780]
  0x000002849558e800 ConcurrentGCThread "G1 Young RemSet Sampling" [stack: 0x000000a8bc800000,0x000000a8bc900000] [id=17324]

Threads with active compile tasks:
C2 CompilerThread0  24091 13480       4       java.lang.reflect.AccessibleObject::checkCanSetAccessible (386 bytes)
C2 CompilerThread1  24091 13424       4       org.gradle.internal.file.DefaultFileHierarchySet$Node::plus (337 bytes)

VM state:not at safepoint (normal execution)

VM Mutex/Monitor currently owned by a thread: None

Heap address: 0x0000000080000000, size: 2048 MB, Compressed Oops mode: 32-bit
Narrow klass base: 0x0000000000000000, Narrow klass shift: 3
Compressed class space size: 1073741824 Address: 0x0000000100000000

Heap:
 garbage-first heap   total 262144K, used 147568K [0x0000000080000000, 0x0000000100000000)
  region size 1024K, 48 young (49152K), 3 survivors (3072K)
 Metaspace       used 98999K, capacity 101231K, committed 101416K, reserved 1138688K
  class space    used 12400K, capacity 13255K, committed 13312K, reserved 1048576K
Heap Regions: E=young(eden), S=young(survivor), O=old, HS=humongous(starts), HC=humongous(continues), CS=collection set, F=free, A=archive, TAMS=top-at-mark-start (previous, next)
|   0|0x0000000080000000, 0x0000000080100000, 0x0000000080100000|100%|HS|  |TAMS 0x0000000080100000, 0x0000000080000000| Complete 
|   1|0x0000000080100000, 0x0000000080200000, 0x0000000080200000|100%|HC|  |TAMS 0x0000000080200000, 0x0000000080100000| Complete 
|   2|0x0000000080200000, 0x0000000080300000, 0x0000000080300000|100%|HC|  |TAMS 0x0000000080300000, 0x0000000080200000| Complete 
|   3|0x0000000080300000, 0x0000000080400000, 0x0000000080400000|100%| O|  |TAMS 0x0000000080400000, 0x0000000080300000| Untracked 
|   4|0x0000000080400000, 0x00000000804ffff8, 0x0000000080500000| 99%| O|  |TAMS 0x00000000804ffff8, 0x0000000080400000| Untracked 
|   5|0x0000000080500000, 0x0000000080600000, 0x0000000080600000|100%| O|  |TAMS 0x0000000080600000, 0x0000000080500000| Untracked 
|   6|0x0000000080600000, 0x0000000080700000, 0x0000000080700000|100%| O|  |TAMS 0x0000000080700000, 0x0000000080600000| Untracked 
|   7|0x0000000080700000, 0x0000000080800000, 0x0000000080800000|100%| O|  |TAMS 0x0000000080800000, 0x0000000080700000| Untracked 
|   8|0x0000000080800000, 0x0000000080900000, 0x0000000080900000|100%| O|  |TAMS 0x0000000080900000, 0x0000000080800000| Untracked 
|   9|0x0000000080900000, 0x0000000080a00000, 0x0000000080a00000|100%| O|  |TAMS 0x0000000080a00000, 0x0000000080900000| Untracked 
|  10|0x0000000080a00000, 0x0000000080b00000, 0x0000000080b00000|100%| O|  |TAMS 0x0000000080b00000, 0x0000000080a00000| Untracked 
|  11|0x0000000080b00000, 0x0000000080c00000, 0x0000000080c00000|100%| O|  |TAMS 0x0000000080c00000, 0x0000000080b00000| Untracked 
|  12|0x0000000080c00000, 0x0000000080d00000, 0x0000000080d00000|100%| O|  |TAMS 0x0000000080d00000, 0x0000000080c00000| Untracked 
|  13|0x0000000080d00000, 0x0000000080e00000, 0x0000000080e00000|100%| O|  |TAMS 0x0000000080e00000, 0x0000000080d00000| Untracked 
|  14|0x0000000080e00000, 0x0000000080f00000, 0x0000000080f00000|100%| O|  |TAMS 0x0000000080f00000, 0x0000000080e00000| Untracked 
|  15|0x0000000080f00000, 0x0000000081000000, 0x0000000081000000|100%| O|  |TAMS 0x0000000081000000, 0x0000000080f00000| Untracked 
|  16|0x0000000081000000, 0x0000000081100000, 0x0000000081100000|100%|HS|  |TAMS 0x0000000081100000, 0x0000000081000000| Complete 
|  17|0x0000000081100000, 0x0000000081200000, 0x0000000081200000|100%|HS|  |TAMS 0x0000000081200000, 0x0000000081100000| Complete 
|  18|0x0000000081200000, 0x0000000081300000, 0x0000000081300000|100%|HS|  |TAMS 0x0000000081300000, 0x0000000081200000| Complete 
|  19|0x0000000081300000, 0x0000000081400000, 0x0000000081400000|100%|HS|  |TAMS 0x0000000081400000, 0x0000000081300000| Complete 
|  20|0x0000000081400000, 0x0000000081500000, 0x0000000081500000|100%|HS|  |TAMS 0x0000000081500000, 0x0000000081400000| Complete 
|  21|0x0000000081500000, 0x0000000081600000, 0x0000000081600000|100%|HC|  |TAMS 0x0000000081600000, 0x0000000081500000| Complete 
|  22|0x0000000081600000, 0x0000000081700000, 0x0000000081700000|100%|HC|  |TAMS 0x0000000081700000, 0x0000000081600000| Complete 
|  23|0x0000000081700000, 0x0000000081800000, 0x0000000081800000|100%|HS|  |TAMS 0x0000000081800000, 0x0000000081700000| Complete 
|  24|0x0000000081800000, 0x0000000081900000, 0x0000000081900000|100%|HC|  |TAMS 0x0000000081900000, 0x0000000081800000| Complete 
|  25|0x0000000081900000, 0x0000000081a00000, 0x0000000081a00000|100%| O|  |TAMS 0x0000000081a00000, 0x0000000081900000| Untracked 
|  26|0x0000000081a00000, 0x0000000081b00000, 0x0000000081b00000|100%| O|  |TAMS 0x0000000081b00000, 0x0000000081a00000| Untracked 
|  27|0x0000000081b00000, 0x0000000081c00000, 0x0000000081c00000|100%| O|  |TAMS 0x0000000081c00000, 0x0000000081b00000| Untracked 
|  28|0x0000000081c00000, 0x0000000081d00000, 0x0000000081d00000|100%| O|  |TAMS 0x0000000081d00000, 0x0000000081c00000| Untracked 
|  29|0x0000000081d00000, 0x0000000081e00000, 0x0000000081e00000|100%| O|  |TAMS 0x0000000081e00000, 0x0000000081d00000| Untracked 
|  30|0x0000000081e00000, 0x0000000081f00000, 0x0000000081f00000|100%| O|  |TAMS 0x0000000081f00000, 0x0000000081e00000| Untracked 
|  31|0x0000000081f00000, 0x0000000082000000, 0x0000000082000000|100%| O|  |TAMS 0x0000000082000000, 0x0000000081f00000| Untracked 
|  32|0x0000000082000000, 0x0000000082100000, 0x0000000082100000|100%| O|  |TAMS 0x0000000082100000, 0x0000000082000000| Untracked 
|  33|0x0000000082100000, 0x0000000082200000, 0x0000000082200000|100%| O|  |TAMS 0x0000000082200000, 0x0000000082100000| Untracked 
|  34|0x0000000082200000, 0x0000000082300000, 0x0000000082300000|100%| O|  |TAMS 0x0000000082300000, 0x0000000082200000| Untracked 
|  35|0x0000000082300000, 0x0000000082400000, 0x0000000082400000|100%| O|  |TAMS 0x0000000082400000, 0x0000000082300000| Untracked 
|  36|0x0000000082400000, 0x0000000082500000, 0x0000000082500000|100%| O|  |TAMS 0x0000000082500000, 0x0000000082400000| Untracked 
|  37|0x0000000082500000, 0x0000000082600000, 0x0000000082600000|100%| O|  |TAMS 0x0000000082600000, 0x0000000082500000| Untracked 
|  38|0x0000000082600000, 0x0000000082700000, 0x0000000082700000|100%| O|  |TAMS 0x0000000082700000, 0x0000000082600000| Untracked 
|  39|0x0000000082700000, 0x0000000082800000, 0x0000000082800000|100%| O|  |TAMS 0x0000000082800000, 0x0000000082700000| Untracked 
|  40|0x0000000082800000, 0x0000000082900000, 0x0000000082900000|100%| O|  |TAMS 0x0000000082900000, 0x0000000082800000| Untracked 
|  41|0x0000000082900000, 0x0000000082a00000, 0x0000000082a00000|100%| O|  |TAMS 0x0000000082a00000, 0x0000000082900000| Untracked 
|  42|0x0000000082a00000, 0x0000000082b00000, 0x0000000082b00000|100%| O|  |TAMS 0x0000000082b00000, 0x0000000082a00000| Untracked 
|  43|0x0000000082b00000, 0x0000000082c00000, 0x0000000082c00000|100%| O|  |TAMS 0x0000000082c00000, 0x0000000082b00000| Untracked 
|  44|0x0000000082c00000, 0x0000000082d00000, 0x0000000082d00000|100%| O|  |TAMS 0x0000000082d00000, 0x0000000082c00000| Untracked 
|  45|0x0000000082d00000, 0x0000000082e00000, 0x0000000082e00000|100%| O|  |TAMS 0x0000000082e00000, 0x0000000082d00000| Untracked 
|  46|0x0000000082e00000, 0x0000000082f00000, 0x0000000082f00000|100%| O|  |TAMS 0x0000000082f00000, 0x0000000082e00000| Untracked 
|  47|0x0000000082f00000, 0x0000000083000000, 0x0000000083000000|100%| O|  |TAMS 0x0000000082fd3c00, 0x0000000082f00000| Untracked 
|  48|0x0000000083000000, 0x0000000083100000, 0x0000000083100000|100%| O|  |TAMS 0x0000000083000000, 0x0000000083000000| Untracked 
|  49|0x0000000083100000, 0x0000000083200000, 0x0000000083200000|100%| O|  |TAMS 0x0000000083100000, 0x0000000083100000| Untracked 
|  50|0x0000000083200000, 0x0000000083300000, 0x0000000083300000|100%| O|  |TAMS 0x0000000083200000, 0x0000000083200000| Untracked 
|  51|0x0000000083300000, 0x0000000083400000, 0x0000000083400000|100%| O|  |TAMS 0x0000000083300000, 0x0000000083300000| Untracked 
|  52|0x0000000083400000, 0x0000000083500000, 0x0000000083500000|100%| O|  |TAMS 0x0000000083400000, 0x0000000083400000| Untracked 
|  53|0x0000000083500000, 0x0000000083600000, 0x0000000083600000|100%| O|  |TAMS 0x0000000083500000, 0x0000000083500000| Untracked 
|  54|0x0000000083600000, 0x0000000083700000, 0x0000000083700000|100%| O|  |TAMS 0x0000000083600000, 0x0000000083600000| Untracked 
|  55|0x0000000083700000, 0x0000000083800000, 0x0000000083800000|100%| O|  |TAMS 0x0000000083700000, 0x0000000083700000| Untracked 
|  56|0x0000000083800000, 0x0000000083900000, 0x0000000083900000|100%| O|  |TAMS 0x0000000083800000, 0x0000000083800000| Untracked 
|  57|0x0000000083900000, 0x0000000083a00000, 0x0000000083a00000|100%| O|  |TAMS 0x0000000083900000, 0x0000000083900000| Untracked 
|  58|0x0000000083a00000, 0x0000000083a00000, 0x0000000083b00000|  0%| F|  |TAMS 0x0000000083a00000, 0x0000000083a00000| Untracked 
|  59|0x0000000083b00000, 0x0000000083b00000, 0x0000000083c00000|  0%| F|  |TAMS 0x0000000083b00000, 0x0000000083b00000| Untracked 
|  60|0x0000000083c00000, 0x0000000083d00000, 0x0000000083d00000|100%|HS|  |TAMS 0x0000000083c00000, 0x0000000083c00000| Complete 
|  61|0x0000000083d00000, 0x0000000083e00000, 0x0000000083e00000|100%| O|  |TAMS 0x0000000083d00000, 0x0000000083d00000| Untracked 
|  62|0x0000000083e00000, 0x0000000083f00000, 0x0000000083f00000|100%| O|  |TAMS 0x0000000083e00000, 0x0000000083e00000| Untracked 
|  63|0x0000000083f00000, 0x0000000084000000, 0x0000000084000000|100%| O|  |TAMS 0x0000000083f00000, 0x0000000083f00000| Untracked 
|  64|0x0000000084000000, 0x0000000084100000, 0x0000000084100000|100%| O|  |TAMS 0x0000000084000000, 0x0000000084000000| Untracked 
|  65|0x0000000084100000, 0x0000000084200000, 0x0000000084200000|100%| O|  |TAMS 0x0000000084100000, 0x0000000084100000| Untracked 
|  66|0x0000000084200000, 0x0000000084300000, 0x0000000084300000|100%| O|  |TAMS 0x0000000084200000, 0x0000000084200000| Untracked 
|  67|0x0000000084300000, 0x0000000084400000, 0x0000000084400000|100%| O|  |TAMS 0x0000000084300000, 0x0000000084300000| Untracked 
|  68|0x0000000084400000, 0x0000000084500000, 0x0000000084500000|100%| O|  |TAMS 0x0000000084400000, 0x0000000084400000| Untracked 
|  69|0x0000000084500000, 0x0000000084600000, 0x0000000084600000|100%| O|  |TAMS 0x0000000084500000, 0x0000000084500000| Untracked 
|  70|0x0000000084600000, 0x0000000084700000, 0x0000000084700000|100%| O|  |TAMS 0x0000000084600000, 0x0000000084600000| Untracked 
|  71|0x0000000084700000, 0x0000000084800000, 0x0000000084800000|100%| O|  |TAMS 0x0000000084700000, 0x0000000084700000| Untracked 
|  72|0x0000000084800000, 0x0000000084900000, 0x0000000084900000|100%| O|  |TAMS 0x0000000084800000, 0x0000000084800000| Untracked 
|  73|0x0000000084900000, 0x0000000084a00000, 0x0000000084a00000|100%| O|  |TAMS 0x0000000084900000, 0x0000000084900000| Untracked 
|  74|0x0000000084a00000, 0x0000000084b00000, 0x0000000084b00000|100%| O|  |TAMS 0x0000000084a00000, 0x0000000084a00000| Untracked 
|  75|0x0000000084b00000, 0x0000000084c00000, 0x0000000084c00000|100%| O|  |TAMS 0x0000000084b00000, 0x0000000084b00000| Untracked 
|  76|0x0000000084c00000, 0x0000000084d00000, 0x0000000084d00000|100%| O|  |TAMS 0x0000000084c00000, 0x0000000084c00000| Untracked 
|  77|0x0000000084d00000, 0x0000000084e00000, 0x0000000084e00000|100%| O|  |TAMS 0x0000000084d00000, 0x0000000084d00000| Untracked 
|  78|0x0000000084e00000, 0x0000000084f00000, 0x0000000084f00000|100%| O|  |TAMS 0x0000000084e00000, 0x0000000084e00000| Untracked 
|  79|0x0000000084f00000, 0x0000000085000000, 0x0000000085000000|100%| O|  |TAMS 0x0000000084f00000, 0x0000000084f00000| Untracked 
|  80|0x0000000085000000, 0x0000000085100000, 0x0000000085100000|100%| O|  |TAMS 0x0000000085000000, 0x0000000085000000| Untracked 
|  81|0x0000000085100000, 0x0000000085200000, 0x0000000085200000|100%| O|  |TAMS 0x0000000085100000, 0x0000000085100000| Untracked 
|  82|0x0000000085200000, 0x0000000085300000, 0x0000000085300000|100%| O|  |TAMS 0x0000000085200000, 0x0000000085200000| Untracked 
|  83|0x0000000085300000, 0x0000000085363e00, 0x0000000085400000| 39%| O|  |TAMS 0x0000000085300000, 0x0000000085300000| Untracked 
|  84|0x0000000085400000, 0x0000000085400000, 0x0000000085500000|  0%| F|  |TAMS 0x0000000085400000, 0x0000000085400000| Untracked 
|  85|0x0000000085500000, 0x0000000085600000, 0x0000000085600000|100%| O|  |TAMS 0x0000000085500000, 0x0000000085500000| Untracked 
|  86|0x0000000085600000, 0x0000000085700000, 0x0000000085700000|100%| O|  |TAMS 0x0000000085600000, 0x0000000085600000| Untracked 
|  87|0x0000000085700000, 0x0000000085800000, 0x0000000085800000|100%| O|  |TAMS 0x0000000085700000, 0x0000000085700000| Untracked 
|  88|0x0000000085800000, 0x0000000085900000, 0x0000000085900000|100%| O|  |TAMS 0x0000000085800000, 0x0000000085800000| Untracked 
|  89|0x0000000085900000, 0x0000000085a00000, 0x0000000085a00000|100%| O|  |TAMS 0x0000000085900000, 0x0000000085900000| Untracked 
|  90|0x0000000085a00000, 0x0000000085b00000, 0x0000000085b00000|100%| O|  |TAMS 0x0000000085a00000, 0x0000000085a00000| Untracked 
|  91|0x0000000085b00000, 0x0000000085c00000, 0x0000000085c00000|100%| O|  |TAMS 0x0000000085b00000, 0x0000000085b00000| Untracked 
|  92|0x0000000085c00000, 0x0000000085d00000, 0x0000000085d00000|100%| O|  |TAMS 0x0000000085c00000, 0x0000000085c00000| Untracked 
|  93|0x0000000085d00000, 0x0000000085e00000, 0x0000000085e00000|100%| O|  |TAMS 0x0000000085d00000, 0x0000000085d00000| Untracked 
|  94|0x0000000085e00000, 0x0000000085f00000, 0x0000000085f00000|100%| O|  |TAMS 0x0000000085e00000, 0x0000000085e00000| Untracked 
|  95|0x0000000085f00000, 0x0000000086000000, 0x0000000086000000|100%| O|  |TAMS 0x0000000085f00000, 0x0000000085f00000| Untracked 
|  96|0x0000000086000000, 0x0000000086100000, 0x0000000086100000|100%| O|  |TAMS 0x0000000086000000, 0x0000000086000000| Untracked 
|  97|0x0000000086100000, 0x0000000086200000, 0x0000000086200000|100%| O|  |TAMS 0x0000000086100000, 0x0000000086100000| Untracked 
|  98|0x0000000086200000, 0x0000000086300000, 0x0000000086300000|100%| O|  |TAMS 0x0000000086200000, 0x0000000086200000| Untracked 
|  99|0x0000000086300000, 0x0000000086400000, 0x0000000086400000|100%| O|  |TAMS 0x0000000086300000, 0x0000000086300000| Untracked 
| 100|0x0000000086400000, 0x0000000086500000, 0x0000000086500000|100%| O|  |TAMS 0x0000000086400000, 0x0000000086400000| Untracked 
| 101|0x0000000086500000, 0x0000000086600000, 0x0000000086600000|100%| O|  |TAMS 0x0000000086500000, 0x0000000086500000| Untracked 
| 102|0x0000000086600000, 0x0000000086600000, 0x0000000086700000|  0%| F|  |TAMS 0x0000000086600000, 0x0000000086600000| Untracked 
| 103|0x0000000086700000, 0x0000000086700000, 0x0000000086800000|  0%| F|  |TAMS 0x0000000086700000, 0x0000000086700000| Untracked 
| 104|0x0000000086800000, 0x0000000086800000, 0x0000000086900000|  0%| F|  |TAMS 0x0000000086800000, 0x0000000086800000| Untracked 
| 105|0x0000000086900000, 0x0000000086900000, 0x0000000086a00000|  0%| F|  |TAMS 0x0000000086900000, 0x0000000086900000| Untracked 
| 106|0x0000000086a00000, 0x0000000086a00000, 0x0000000086b00000|  0%| F|  |TAMS 0x0000000086a00000, 0x0000000086a00000| Untracked 
| 107|0x0000000086b00000, 0x0000000086b00000, 0x0000000086c00000|  0%| F|  |TAMS 0x0000000086b00000, 0x0000000086b00000| Untracked 
| 108|0x0000000086c00000, 0x0000000086c00000, 0x0000000086d00000|  0%| F|  |TAMS 0x0000000086c00000, 0x0000000086c00000| Untracked 
| 109|0x0000000086d00000, 0x0000000086d00000, 0x0000000086e00000|  0%| F|  |TAMS 0x0000000086d00000, 0x0000000086d00000| Untracked 
| 110|0x0000000086e00000, 0x0000000086e00000, 0x0000000086f00000|  0%| F|  |TAMS 0x0000000086e00000, 0x0000000086e00000| Untracked 
| 111|0x0000000086f00000, 0x0000000086f00000, 0x0000000087000000|  0%| F|  |TAMS 0x0000000086f00000, 0x0000000086f00000| Untracked 
| 112|0x0000000087000000, 0x0000000087000000, 0x0000000087100000|  0%| F|  |TAMS 0x0000000087000000, 0x0000000087000000| Untracked 
| 113|0x0000000087100000, 0x0000000087100000, 0x0000000087200000|  0%| F|  |TAMS 0x0000000087100000, 0x0000000087100000| Untracked 
| 114|0x0000000087200000, 0x0000000087200000, 0x0000000087300000|  0%| F|  |TAMS 0x0000000087200000, 0x0000000087200000| Untracked 
| 115|0x0000000087300000, 0x0000000087300000, 0x0000000087400000|  0%| F|  |TAMS 0x0000000087300000, 0x0000000087300000| Untracked 
| 116|0x0000000087400000, 0x0000000087400000, 0x0000000087500000|  0%| F|  |TAMS 0x0000000087400000, 0x0000000087400000| Untracked 
| 117|0x0000000087500000, 0x0000000087500000, 0x0000000087600000|  0%| F|  |TAMS 0x0000000087500000, 0x0000000087500000| Untracked 
| 118|0x0000000087600000, 0x0000000087600000, 0x0000000087700000|  0%| F|  |TAMS 0x0000000087600000, 0x0000000087600000| Untracked 
| 119|0x0000000087700000, 0x0000000087700000, 0x0000000087800000|  0%| F|  |TAMS 0x0000000087700000, 0x0000000087700000| Untracked 
| 120|0x0000000087800000, 0x0000000087800000, 0x0000000087900000|  0%| F|  |TAMS 0x0000000087800000, 0x0000000087800000| Untracked 
| 121|0x0000000087900000, 0x0000000087900000, 0x0000000087a00000|  0%| F|  |TAMS 0x0000000087900000, 0x0000000087900000| Untracked 
| 122|0x0000000087a00000, 0x0000000087a00000, 0x0000000087b00000|  0%| F|  |TAMS 0x0000000087a00000, 0x0000000087a00000| Untracked 
| 123|0x0000000087b00000, 0x0000000087b00000, 0x0000000087c00000|  0%| F|  |TAMS 0x0000000087b00000, 0x0000000087b00000| Untracked 
| 124|0x0000000087c00000, 0x0000000087c00000, 0x0000000087d00000|  0%| F|  |TAMS 0x0000000087c00000, 0x0000000087c00000| Untracked 
| 125|0x0000000087d00000, 0x0000000087d00000, 0x0000000087e00000|  0%| F|  |TAMS 0x0000000087d00000, 0x0000000087d00000| Untracked 
| 126|0x0000000087e00000, 0x0000000087e00000, 0x0000000087f00000|  0%| F|  |TAMS 0x0000000087e00000, 0x0000000087e00000| Untracked 
| 127|0x0000000087f00000, 0x0000000087f00000, 0x0000000088000000|  0%| F|  |TAMS 0x0000000087f00000, 0x0000000087f00000| Untracked 
| 128|0x0000000088000000, 0x0000000088000000, 0x0000000088100000|  0%| F|  |TAMS 0x0000000088000000, 0x0000000088000000| Untracked 
| 129|0x0000000088100000, 0x0000000088100000, 0x0000000088200000|  0%| F|  |TAMS 0x0000000088100000, 0x0000000088100000| Untracked 
| 130|0x0000000088200000, 0x0000000088200000, 0x0000000088300000|  0%| F|  |TAMS 0x0000000088200000, 0x0000000088200000| Untracked 
| 131|0x0000000088300000, 0x0000000088300000, 0x0000000088400000|  0%| F|  |TAMS 0x0000000088300000, 0x0000000088300000| Untracked 
| 132|0x0000000088400000, 0x0000000088400000, 0x0000000088500000|  0%| F|  |TAMS 0x0000000088400000, 0x0000000088400000| Untracked 
| 133|0x0000000088500000, 0x0000000088500000, 0x0000000088600000|  0%| F|  |TAMS 0x0000000088500000, 0x0000000088500000| Untracked 
| 134|0x0000000088600000, 0x0000000088600000, 0x0000000088700000|  0%| F|  |TAMS 0x0000000088600000, 0x0000000088600000| Untracked 
| 135|0x0000000088700000, 0x0000000088700000, 0x0000000088800000|  0%| F|  |TAMS 0x0000000088700000, 0x0000000088700000| Untracked 
| 136|0x0000000088800000, 0x0000000088800000, 0x0000000088900000|  0%| F|  |TAMS 0x0000000088800000, 0x0000000088800000| Untracked 
| 137|0x0000000088900000, 0x0000000088900000, 0x0000000088a00000|  0%| F|  |TAMS 0x0000000088900000, 0x0000000088900000| Untracked 
| 138|0x0000000088a00000, 0x0000000088a00000, 0x0000000088b00000|  0%| F|  |TAMS 0x0000000088a00000, 0x0000000088a00000| Untracked 
| 139|0x0000000088b00000, 0x0000000088b00000, 0x0000000088c00000|  0%| F|  |TAMS 0x0000000088b00000, 0x0000000088b00000| Untracked 
| 140|0x0000000088c00000, 0x0000000088c00000, 0x0000000088d00000|  0%| F|  |TAMS 0x0000000088c00000, 0x0000000088c00000| Untracked 
| 141|0x0000000088d00000, 0x0000000088d00000, 0x0000000088e00000|  0%| F|  |TAMS 0x0000000088d00000, 0x0000000088d00000| Untracked 
| 142|0x0000000088e00000, 0x0000000088e00000, 0x0000000088f00000|  0%| F|  |TAMS 0x0000000088e00000, 0x0000000088e00000| Untracked 
| 143|0x0000000088f00000, 0x0000000088f00000, 0x0000000089000000|  0%| F|  |TAMS 0x0000000088f00000, 0x0000000088f00000| Untracked 
| 144|0x0000000089000000, 0x0000000089000000, 0x0000000089100000|  0%| F|  |TAMS 0x0000000089000000, 0x0000000089000000| Untracked 
| 145|0x0000000089100000, 0x0000000089100000, 0x0000000089200000|  0%| F|  |TAMS 0x0000000089100000, 0x0000000089100000| Untracked 
| 146|0x0000000089200000, 0x0000000089200000, 0x0000000089300000|  0%| F|  |TAMS 0x0000000089200000, 0x0000000089200000| Untracked 
| 147|0x0000000089300000, 0x0000000089300000, 0x0000000089400000|  0%| F|  |TAMS 0x0000000089300000, 0x0000000089300000| Untracked 
| 148|0x0000000089400000, 0x0000000089400000, 0x0000000089500000|  0%| F|  |TAMS 0x0000000089400000, 0x0000000089400000| Untracked 
| 149|0x0000000089500000, 0x0000000089500000, 0x0000000089600000|  0%| F|  |TAMS 0x0000000089500000, 0x0000000089500000| Untracked 
| 150|0x0000000089600000, 0x0000000089600000, 0x0000000089700000|  0%| F|  |TAMS 0x0000000089600000, 0x0000000089600000| Untracked 
| 151|0x0000000089700000, 0x0000000089700000, 0x0000000089800000|  0%| F|  |TAMS 0x0000000089700000, 0x0000000089700000| Untracked 
| 152|0x0000000089800000, 0x0000000089800000, 0x0000000089900000|  0%| F|  |TAMS 0x0000000089800000, 0x0000000089800000| Untracked 
| 153|0x0000000089900000, 0x0000000089900000, 0x0000000089a00000|  0%| F|  |TAMS 0x0000000089900000, 0x0000000089900000| Untracked 
| 154|0x0000000089a00000, 0x0000000089a00000, 0x0000000089b00000|  0%| F|  |TAMS 0x0000000089a00000, 0x0000000089a00000| Untracked 
| 155|0x0000000089b00000, 0x0000000089b00000, 0x0000000089c00000|  0%| F|  |TAMS 0x0000000089b00000, 0x0000000089b00000| Untracked 
| 156|0x0000000089c00000, 0x0000000089c00000, 0x0000000089d00000|  0%| F|  |TAMS 0x0000000089c00000, 0x0000000089c00000| Untracked 
| 157|0x0000000089d00000, 0x0000000089d00000, 0x0000000089e00000|  0%| F|  |TAMS 0x0000000089d00000, 0x0000000089d00000| Untracked 
| 158|0x0000000089e00000, 0x0000000089e00000, 0x0000000089f00000|  0%| F|  |TAMS 0x0000000089e00000, 0x0000000089e00000| Untracked 
| 159|0x0000000089f00000, 0x0000000089f00000, 0x000000008a000000|  0%| F|  |TAMS 0x0000000089f00000, 0x0000000089f00000| Untracked 
| 160|0x000000008a000000, 0x000000008a0b8330, 0x000000008a100000| 71%| S|CS|TAMS 0x000000008a000000, 0x000000008a000000| Complete 
| 161|0x000000008a100000, 0x000000008a200000, 0x000000008a200000|100%| S|CS|TAMS 0x000000008a100000, 0x000000008a100000| Complete 
| 162|0x000000008a200000, 0x000000008a300000, 0x000000008a300000|100%| S|CS|TAMS 0x000000008a200000, 0x000000008a200000| Complete 
| 163|0x000000008a300000, 0x000000008a300000, 0x000000008a400000|  0%| F|  |TAMS 0x000000008a300000, 0x000000008a300000| Untracked 
| 164|0x000000008a400000, 0x000000008a400000, 0x000000008a500000|  0%| F|  |TAMS 0x000000008a400000, 0x000000008a400000| Untracked 
| 165|0x000000008a500000, 0x000000008a500000, 0x000000008a600000|  0%| F|  |TAMS 0x000000008a500000, 0x000000008a500000| Untracked 
| 166|0x000000008a600000, 0x000000008a600000, 0x000000008a700000|  0%| F|  |TAMS 0x000000008a600000, 0x000000008a600000| Untracked 
| 167|0x000000008a700000, 0x000000008a700000, 0x000000008a800000|  0%| F|  |TAMS 0x000000008a700000, 0x000000008a700000| Untracked 
| 168|0x000000008a800000, 0x000000008a800000, 0x000000008a900000|  0%| F|  |TAMS 0x000000008a800000, 0x000000008a800000| Untracked 
| 169|0x000000008a900000, 0x000000008a900000, 0x000000008aa00000|  0%| F|  |TAMS 0x000000008a900000, 0x000000008a900000| Untracked 
| 170|0x000000008aa00000, 0x000000008aa00000, 0x000000008ab00000|  0%| F|  |TAMS 0x000000008aa00000, 0x000000008aa00000| Untracked 
| 171|0x000000008ab00000, 0x000000008ab00000, 0x000000008ac00000|  0%| F|  |TAMS 0x000000008ab00000, 0x000000008ab00000| Untracked 
| 172|0x000000008ac00000, 0x000000008ac00000, 0x000000008ad00000|  0%| F|  |TAMS 0x000000008ac00000, 0x000000008ac00000| Untracked 
| 173|0x000000008ad00000, 0x000000008ad00000, 0x000000008ae00000|  0%| F|  |TAMS 0x000000008ad00000, 0x000000008ad00000| Untracked 
| 174|0x000000008ae00000, 0x000000008ae00000, 0x000000008af00000|  0%| F|  |TAMS 0x000000008ae00000, 0x000000008ae00000| Untracked 
| 175|0x000000008af00000, 0x000000008af00000, 0x000000008b000000|  0%| F|  |TAMS 0x000000008af00000, 0x000000008af00000| Untracked 
| 176|0x000000008b000000, 0x000000008b000000, 0x000000008b100000|  0%| F|  |TAMS 0x000000008b000000, 0x000000008b000000| Untracked 
| 177|0x000000008b100000, 0x000000008b100000, 0x000000008b200000|  0%| F|  |TAMS 0x000000008b100000, 0x000000008b100000| Untracked 
| 178|0x000000008b200000, 0x000000008b200000, 0x000000008b300000|  0%| F|  |TAMS 0x000000008b200000, 0x000000008b200000| Untracked 
| 179|0x000000008b300000, 0x000000008b300000, 0x000000008b400000|  0%| F|  |TAMS 0x000000008b300000, 0x000000008b300000| Untracked 
| 180|0x000000008b400000, 0x000000008b400000, 0x000000008b500000|  0%| F|  |TAMS 0x000000008b400000, 0x000000008b400000| Untracked 
| 181|0x000000008b500000, 0x000000008b500000, 0x000000008b600000|  0%| F|  |TAMS 0x000000008b500000, 0x000000008b500000| Untracked 
| 182|0x000000008b600000, 0x000000008b600000, 0x000000008b700000|  0%| F|  |TAMS 0x000000008b600000, 0x000000008b600000| Untracked 
| 183|0x000000008b700000, 0x000000008b700000, 0x000000008b800000|  0%| F|  |TAMS 0x000000008b700000, 0x000000008b700000| Untracked 
| 184|0x000000008b800000, 0x000000008b800000, 0x000000008b900000|  0%| F|  |TAMS 0x000000008b800000, 0x000000008b800000| Untracked 
| 185|0x000000008b900000, 0x000000008b900000, 0x000000008ba00000|  0%| F|  |TAMS 0x000000008b900000, 0x000000008b900000| Untracked 
| 186|0x000000008ba00000, 0x000000008ba00000, 0x000000008bb00000|  0%| F|  |TAMS 0x000000008ba00000, 0x000000008ba00000| Untracked 
| 187|0x000000008bb00000, 0x000000008bb00000, 0x000000008bc00000|  0%| F|  |TAMS 0x000000008bb00000, 0x000000008bb00000| Untracked 
| 188|0x000000008bc00000, 0x000000008bc00000, 0x000000008bd00000|  0%| F|  |TAMS 0x000000008bc00000, 0x000000008bc00000| Untracked 
| 189|0x000000008bd00000, 0x000000008bd00000, 0x000000008be00000|  0%| F|  |TAMS 0x000000008bd00000, 0x000000008bd00000| Untracked 
| 190|0x000000008be00000, 0x000000008be00000, 0x000000008bf00000|  0%| F|  |TAMS 0x000000008be00000, 0x000000008be00000| Untracked 
| 191|0x000000008bf00000, 0x000000008bf00000, 0x000000008c000000|  0%| F|  |TAMS 0x000000008bf00000, 0x000000008bf00000| Untracked 
| 192|0x000000008c000000, 0x000000008c000000, 0x000000008c100000|  0%| F|  |TAMS 0x000000008c000000, 0x000000008c000000| Untracked 
| 193|0x000000008c100000, 0x000000008c100000, 0x000000008c200000|  0%| F|  |TAMS 0x000000008c100000, 0x000000008c100000| Untracked 
| 194|0x000000008c200000, 0x000000008c200000, 0x000000008c300000|  0%| F|  |TAMS 0x000000008c200000, 0x000000008c200000| Untracked 
| 195|0x000000008c300000, 0x000000008c300000, 0x000000008c400000|  0%| F|  |TAMS 0x000000008c300000, 0x000000008c300000| Untracked 
| 196|0x000000008c400000, 0x000000008c400000, 0x000000008c500000|  0%| F|  |TAMS 0x000000008c400000, 0x000000008c400000| Untracked 
| 197|0x000000008c500000, 0x000000008c500000, 0x000000008c600000|  0%| F|  |TAMS 0x000000008c500000, 0x000000008c500000| Untracked 
| 198|0x000000008c600000, 0x000000008c600000, 0x000000008c700000|  0%| F|  |TAMS 0x000000008c600000, 0x000000008c600000| Untracked 
| 199|0x000000008c700000, 0x000000008c700000, 0x000000008c800000|  0%| F|  |TAMS 0x000000008c700000, 0x000000008c700000| Untracked 
| 200|0x000000008c800000, 0x000000008c800000, 0x000000008c900000|  0%| F|  |TAMS 0x000000008c800000, 0x000000008c800000| Untracked 
| 201|0x000000008c900000, 0x000000008c900000, 0x000000008ca00000|  0%| F|  |TAMS 0x000000008c900000, 0x000000008c900000| Untracked 
| 202|0x000000008ca00000, 0x000000008ca00000, 0x000000008cb00000|  0%| F|  |TAMS 0x000000008ca00000, 0x000000008ca00000| Untracked 
| 203|0x000000008cb00000, 0x000000008cb00000, 0x000000008cc00000|  0%| F|  |TAMS 0x000000008cb00000, 0x000000008cb00000| Untracked 
| 204|0x000000008cc00000, 0x000000008cc00000, 0x000000008cd00000|  0%| F|  |TAMS 0x000000008cc00000, 0x000000008cc00000| Untracked 
| 205|0x000000008cd00000, 0x000000008cd00000, 0x000000008ce00000|  0%| F|  |TAMS 0x000000008cd00000, 0x000000008cd00000| Untracked 
| 206|0x000000008ce00000, 0x000000008ce00000, 0x000000008cf00000|  0%| F|  |TAMS 0x000000008ce00000, 0x000000008ce00000| Untracked 
| 207|0x000000008cf00000, 0x000000008cf00000, 0x000000008d000000|  0%| F|  |TAMS 0x000000008cf00000, 0x000000008cf00000| Untracked 
| 208|0x000000008d000000, 0x000000008d000000, 0x000000008d100000|  0%| F|  |TAMS 0x000000008d000000, 0x000000008d000000| Untracked 
| 209|0x000000008d100000, 0x000000008d100000, 0x000000008d200000|  0%| F|  |TAMS 0x000000008d100000, 0x000000008d100000| Untracked 
| 210|0x000000008d200000, 0x000000008d200000, 0x000000008d300000|  0%| F|  |TAMS 0x000000008d200000, 0x000000008d200000| Untracked 
| 211|0x000000008d300000, 0x000000008d377970, 0x000000008d400000| 46%| E|  |TAMS 0x000000008d300000, 0x000000008d300000| Complete 
| 212|0x000000008d400000, 0x000000008d500000, 0x000000008d500000|100%| E|CS|TAMS 0x000000008d400000, 0x000000008d400000| Complete 
| 213|0x000000008d500000, 0x000000008d600000, 0x000000008d600000|100%| E|CS|TAMS 0x000000008d500000, 0x000000008d500000| Complete 
| 214|0x000000008d600000, 0x000000008d700000, 0x000000008d700000|100%| E|CS|TAMS 0x000000008d600000, 0x000000008d600000| Complete 
| 215|0x000000008d700000, 0x000000008d800000, 0x000000008d800000|100%| E|CS|TAMS 0x000000008d700000, 0x000000008d700000| Complete 
| 216|0x000000008d800000, 0x000000008d900000, 0x000000008d900000|100%| E|CS|TAMS 0x000000008d800000, 0x000000008d800000| Complete 
| 217|0x000000008d900000, 0x000000008da00000, 0x000000008da00000|100%| E|CS|TAMS 0x000000008d900000, 0x000000008d900000| Complete 
| 218|0x000000008da00000, 0x000000008db00000, 0x000000008db00000|100%| E|CS|TAMS 0x000000008da00000, 0x000000008da00000| Complete 
| 219|0x000000008db00000, 0x000000008dc00000, 0x000000008dc00000|100%| E|CS|TAMS 0x000000008db00000, 0x000000008db00000| Complete 
| 220|0x000000008dc00000, 0x000000008dd00000, 0x000000008dd00000|100%| E|CS|TAMS 0x000000008dc00000, 0x000000008dc00000| Complete 
| 221|0x000000008dd00000, 0x000000008de00000, 0x000000008de00000|100%| E|  |TAMS 0x000000008dd00000, 0x000000008dd00000| Complete 
| 222|0x000000008de00000, 0x000000008df00000, 0x000000008df00000|100%| E|CS|TAMS 0x000000008de00000, 0x000000008de00000| Complete 
| 223|0x000000008df00000, 0x000000008e000000, 0x000000008e000000|100%| E|CS|TAMS 0x000000008df00000, 0x000000008df00000| Complete 
| 224|0x000000008e000000, 0x000000008e100000, 0x000000008e100000|100%| E|CS|TAMS 0x000000008e000000, 0x000000008e000000| Complete 
| 225|0x000000008e100000, 0x000000008e200000, 0x000000008e200000|100%| E|CS|TAMS 0x000000008e100000, 0x000000008e100000| Complete 
| 226|0x000000008e200000, 0x000000008e300000, 0x000000008e300000|100%| E|CS|TAMS 0x000000008e200000, 0x000000008e200000| Complete 
| 227|0x000000008e300000, 0x000000008e400000, 0x000000008e400000|100%| E|CS|TAMS 0x000000008e300000, 0x000000008e300000| Complete 
| 228|0x000000008e400000, 0x000000008e500000, 0x000000008e500000|100%| E|CS|TAMS 0x000000008e400000, 0x000000008e400000| Complete 
| 229|0x000000008e500000, 0x000000008e600000, 0x000000008e600000|100%| E|CS|TAMS 0x000000008e500000, 0x000000008e500000| Complete 
| 230|0x000000008e600000, 0x000000008e700000, 0x000000008e700000|100%| E|CS|TAMS 0x000000008e600000, 0x000000008e600000| Complete 
| 231|0x000000008e700000, 0x000000008e800000, 0x000000008e800000|100%| E|CS|TAMS 0x000000008e700000, 0x000000008e700000| Complete 
| 232|0x000000008e800000, 0x000000008e900000, 0x000000008e900000|100%| E|CS|TAMS 0x000000008e800000, 0x000000008e800000| Complete 
| 233|0x000000008e900000, 0x000000008ea00000, 0x000000008ea00000|100%| E|CS|TAMS 0x000000008e900000, 0x000000008e900000| Complete 
| 234|0x000000008ea00000, 0x000000008eb00000, 0x000000008eb00000|100%| E|CS|TAMS 0x000000008ea00000, 0x000000008ea00000| Complete 
| 235|0x000000008eb00000, 0x000000008ec00000, 0x000000008ec00000|100%| E|CS|TAMS 0x000000008eb00000, 0x000000008eb00000| Complete 
| 236|0x000000008ec00000, 0x000000008ed00000, 0x000000008ed00000|100%| E|CS|TAMS 0x000000008ec00000, 0x000000008ec00000| Complete 
| 237|0x000000008ed00000, 0x000000008ee00000, 0x000000008ee00000|100%| E|CS|TAMS 0x000000008ed00000, 0x000000008ed00000| Complete 
| 238|0x000000008ee00000, 0x000000008ef00000, 0x000000008ef00000|100%| E|CS|TAMS 0x000000008ee00000, 0x000000008ee00000| Complete 
| 239|0x000000008ef00000, 0x000000008f000000, 0x000000008f000000|100%| E|CS|TAMS 0x000000008ef00000, 0x000000008ef00000| Complete 
| 240|0x000000008f000000, 0x000000008f100000, 0x000000008f100000|100%| E|CS|TAMS 0x000000008f000000, 0x000000008f000000| Complete 
| 241|0x000000008f100000, 0x000000008f200000, 0x000000008f200000|100%| E|CS|TAMS 0x000000008f100000, 0x000000008f100000| Complete 
| 242|0x000000008f200000, 0x000000008f300000, 0x000000008f300000|100%| E|CS|TAMS 0x000000008f200000, 0x000000008f200000| Complete 
| 243|0x000000008f300000, 0x000000008f400000, 0x000000008f400000|100%| E|CS|TAMS 0x000000008f300000, 0x000000008f300000| Complete 
| 244|0x000000008f400000, 0x000000008f500000, 0x000000008f500000|100%| E|CS|TAMS 0x000000008f400000, 0x000000008f400000| Complete 
| 245|0x000000008f500000, 0x000000008f600000, 0x000000008f600000|100%| E|CS|TAMS 0x000000008f500000, 0x000000008f500000| Complete 
| 246|0x000000008f600000, 0x000000008f700000, 0x000000008f700000|100%| E|CS|TAMS 0x000000008f600000, 0x000000008f600000| Complete 
| 247|0x000000008f700000, 0x000000008f800000, 0x000000008f800000|100%| E|CS|TAMS 0x000000008f700000, 0x000000008f700000| Complete 
| 248|0x000000008f800000, 0x000000008f900000, 0x000000008f900000|100%| E|CS|TAMS 0x000000008f800000, 0x000000008f800000| Complete 
| 249|0x000000008f900000, 0x000000008fa00000, 0x000000008fa00000|100%| E|CS|TAMS 0x000000008f900000, 0x000000008f900000| Complete 
| 250|0x000000008fa00000, 0x000000008fb00000, 0x000000008fb00000|100%| E|CS|TAMS 0x000000008fa00000, 0x000000008fa00000| Complete 
| 251|0x000000008fb00000, 0x000000008fc00000, 0x000000008fc00000|100%| E|CS|TAMS 0x000000008fb00000, 0x000000008fb00000| Complete 
| 252|0x000000008fc00000, 0x000000008fd00000, 0x000000008fd00000|100%| E|CS|TAMS 0x000000008fc00000, 0x000000008fc00000| Complete 
| 253|0x000000008fd00000, 0x000000008fe00000, 0x000000008fe00000|100%| E|CS|TAMS 0x000000008fd00000, 0x000000008fd00000| Complete 
| 254|0x000000008fe00000, 0x000000008ff00000, 0x000000008ff00000|100%| E|CS|TAMS 0x000000008fe00000, 0x000000008fe00000| Complete 
| 255|0x000000008ff00000, 0x0000000090000000, 0x0000000090000000|100%| E|CS|TAMS 0x000000008ff00000, 0x000000008ff00000| Complete 

Card table byte_map: [0x00000284a83b0000,0x00000284a87b0000] _byte_map_base: 0x00000284a7fb0000

Marking Bits (Prev, Next): (CMBitMap*) 0x00000284954efe40, (CMBitMap*) 0x00000284954efe08
 Prev Bits: [0x00000284aabb0000, 0x00000284acbb0000)
 Next Bits: [0x00000284a8bb0000, 0x00000284aabb0000)

Polling page: 0x00000284933a0000

Metaspace:

Usage:
  Non-class:     85.92 MB capacity,    84.63 MB ( 99%) used,     1.02 MB (  1%) free+waste,   268.50 KB ( <1%) overhead. 
      Class:     12.94 MB capacity,    12.11 MB ( 94%) used,   732.93 KB (  6%) free+waste,   119.44 KB ( <1%) overhead. 
       Both:     98.86 MB capacity,    96.75 MB ( 98%) used,     1.74 MB (  2%) free+waste,   387.94 KB ( <1%) overhead. 

Virtual space:
  Non-class space:       88.00 MB reserved,      86.04 MB ( 98%) committed 
      Class space:        1.00 GB reserved,      13.00 MB (  1%) committed 
             Both:        1.09 GB reserved,      99.04 MB (  9%) committed 

Chunk freelists:
   Non-Class:  0 bytes
       Class:  25.00 KB
        Both:  25.00 KB

MaxMetaspaceSize: 17179869184.00 GB
CompressedClassSpaceSize: 1.00 GB

CodeHeap 'non-profiled nmethods': size=120064Kb used=9283Kb max_used=9283Kb free=110781Kb
 bounds [0x00000284a0a70000, 0x00000284a1390000, 0x00000284a7fb0000]
CodeHeap 'profiled nmethods': size=120000Kb used=30374Kb max_used=30374Kb free=89625Kb
 bounds [0x0000028499540000, 0x000002849b2f0000, 0x00000284a0a70000]
CodeHeap 'non-nmethods': size=5696Kb used=2306Kb max_used=2365Kb free=3389Kb
 bounds [0x0000028498fb0000, 0x0000028499220000, 0x0000028499540000]
 total_blobs=14413 nmethods=13496 adapters=828
 compilation: enabled
              stopped_count=0, restarted_count=0
 full_count=0

Compilation events (20 events):
Event: 24.010 Thread 0x00000284af97f800 13442       3       org.gradle.internal.execution.steps.SkipEmptyWorkStep::lambda$execute$2 (15 bytes)
Event: 24.010 Thread 0x00000284af97f800 nmethod 13442 0x000002849b2a3b90 code [0x000002849b2a3d60, 0x000002849b2a4028]
Event: 24.010 Thread 0x00000284af97f800 13443       3       org.gradle.internal.execution.steps.CaptureStateBeforeExecutionStep$$Lambda$858/0x0000000100b3bc40::<init> (20 bytes)
Event: 24.010 Thread 0x00000284af97f800 nmethod 13443 0x000002849b2a4110 code [0x000002849b2a42c0, 0x000002849b2a4538]
Event: 24.010 Thread 0x00000284af97f800 13444       3       org.gradle.internal.execution.steps.CaptureStateBeforeExecutionStep$$Lambda$866/0x0000000100b39c40::get$Lambda (9 bytes)
Event: 24.011 Thread 0x00000284af97f800 nmethod 13444 0x000002849b2a4610 code [0x000002849b2a47e0, 0x000002849b2a4a38]
Event: 24.011 Thread 0x00000284af97f800 13445       3       org.gradle.internal.execution.steps.CaptureStateBeforeExecutionStep$$Lambda$866/0x0000000100b39c40::<init> (10 bytes)
Event: 24.011 Thread 0x00000284af97f800 nmethod 13445 0x000002849b2a4b10 code [0x000002849b2a4cc0, 0x000002849b2a4e78]
Event: 24.011 Thread 0x00000284af97f800 13446       3       org.gradle.internal.execution.history.impl.DefaultBeforeExecutionState::<init> (22 bytes)
Event: 24.011 Thread 0x00000284af97f800 nmethod 13446 0x000002849b2a4f10 code [0x000002849b2a50e0, 0x000002849b2a54d8]
Event: 24.011 Thread 0x00000284af97f800 13447       3       org.gradle.internal.execution.steps.ValidateStep$$Lambda$874/0x0000000100b4ec40::get$Lambda (11 bytes)
Event: 24.012 Thread 0x00000284af97f800 nmethod 13447 0x000002849b2a5610 code [0x000002849b2a57e0, 0x000002849b2a5af8]
Event: 24.012 Thread 0x00000284af97f800 13448       3       org.gradle.internal.execution.steps.ValidateStep$$Lambda$874/0x0000000100b4ec40::<init> (20 bytes)
Event: 24.012 Thread 0x00000284af97f800 nmethod 13448 0x000002849b2a5c10 code [0x000002849b2a5dc0, 0x000002849b2a6038]
Event: 24.012 Thread 0x00000284af97f800 13449       3       org.gradle.internal.execution.steps.ValidateStep$$Lambda$875/0x0000000100b4e040::get$Lambda (11 bytes)
Event: 24.012 Thread 0x00000284af97f800 nmethod 13449 0x000002849b2a6110 code [0x000002849b2a62e0, 0x000002849b2a65f8]
Event: 24.013 Thread 0x00000284af97f800 13450       3       org.gradle.internal.execution.steps.ResolveInputChangesStep$1::getWorkspace (10 bytes)
Event: 24.013 Thread 0x00000284af97f800 nmethod 13450 0x000002849b2a6710 code [0x000002849b2a68c0, 0x000002849b2a6a88]
Event: 24.015 Thread 0x00000284af97f800 13451       3       org.gradle.internal.service.DefaultServiceRegistry$OwnServices::getFactory (307 bytes)
Event: 24.016 Thread 0x00000284af97f800 nmethod 13451 0x000002849b2a6b90 code [0x000002849b2a7100, 0x000002849b2aa508]

GC Heap History (20 events):
Event: 6.639 GC heap before
{Heap before GC invocations=9 (full 0):
 garbage-first heap   total 262144K, used 120647K [0x0000000080000000, 0x0000000100000000)
  region size 1024K, 99 young (101376K), 7 survivors (7168K)
 Metaspace       used 43155K, capacity 44094K, committed 44188K, reserved 1087488K
  class space    used 5484K, capacity 5825K, committed 5888K, reserved 1048576K
}
Event: 6.650 GC heap after
{Heap after GC invocations=10 (full 0):
 garbage-first heap   total 262144K, used 29126K [0x0000000080000000, 0x0000000100000000)
  region size 1024K, 13 young (13312K), 13 survivors (13312K)
 Metaspace       used 43155K, capacity 44094K, committed 44188K, reserved 1087488K
  class space    used 5484K, capacity 5825K, committed 5888K, reserved 1048576K
}
Event: 8.718 GC heap before
{Heap before GC invocations=10 (full 0):
 garbage-first heap   total 262144K, used 165318K [0x0000000080000000, 0x0000000100000000)
  region size 1024K, 138 young (141312K), 13 survivors (13312K)
 Metaspace       used 51252K, capacity 52511K, committed 52764K, reserved 1095680K
  class space    used 6526K, capacity 7010K, committed 7040K, reserved 1048576K
}
Event: 8.735 GC heap after
{Heap after GC invocations=11 (full 0):
 garbage-first heap   total 262144K, used 48639K [0x0000000080000000, 0x0000000100000000)
  region size 1024K, 18 young (18432K), 18 survivors (18432K)
 Metaspace       used 51252K, capacity 52511K, committed 52764K, reserved 1095680K
  class space    used 6526K, capacity 7010K, committed 7040K, reserved 1048576K
}
Event: 9.808 GC heap before
{Heap before GC invocations=11 (full 0):
 garbage-first heap   total 262144K, used 101887K [0x0000000080000000, 0x0000000100000000)
  region size 1024K, 71 young (72704K), 18 survivors (18432K)
 Metaspace       used 59016K, capacity 60438K, committed 60636K, reserved 1101824K
  class space    used 7509K, capacity 8050K, committed 8064K, reserved 1048576K
}
Event: 9.826 GC heap after
{Heap after GC invocations=12 (full 0):
 garbage-first heap   total 262144K, used 51534K [0x0000000080000000, 0x0000000100000000)
  region size 1024K, 3 young (3072K), 3 survivors (3072K)
 Metaspace       used 59016K, capacity 60438K, committed 60636K, reserved 1101824K
  class space    used 7509K, capacity 8050K, committed 8064K, reserved 1048576K
}
Event: 11.367 GC heap before
{Heap before GC invocations=13 (full 0):
 garbage-first heap   total 262144K, used 154958K [0x0000000080000000, 0x0000000100000000)
  region size 1024K, 104 young (106496K), 3 survivors (3072K)
 Metaspace       used 67092K, capacity 68548K, committed 68776K, reserved 1110016K
  class space    used 8510K, capacity 9071K, committed 9088K, reserved 1048576K
}
Event: 11.376 GC heap after
{Heap after GC invocations=14 (full 0):
 garbage-first heap   total 262144K, used 59214K [0x0000000080000000, 0x0000000100000000)
  region size 1024K, 10 young (10240K), 10 survivors (10240K)
 Metaspace       used 67092K, capacity 68548K, committed 68776K, reserved 1110016K
  class space    used 8510K, capacity 9071K, committed 9088K, reserved 1048576K
}
Event: 13.250 GC heap before
{Heap before GC invocations=14 (full 0):
 garbage-first heap   total 262144K, used 165710K [0x0000000080000000, 0x0000000100000000)
  region size 1024K, 114 young (116736K), 10 survivors (10240K)
 Metaspace       used 76049K, capacity 77751K, committed 77864K, reserved 1116160K
  class space    used 9837K, capacity 10479K, committed 10496K, reserved 1048576K
}
Event: 13.263 GC heap after
{Heap after GC invocations=15 (full 0):
 garbage-first heap   total 262144K, used 66473K [0x0000000080000000, 0x0000000100000000)
  region size 1024K, 15 young (15360K), 15 survivors (15360K)
 Metaspace       used 76049K, capacity 77751K, committed 77864K, reserved 1116160K
  class space    used 9837K, capacity 10479K, committed 10496K, reserved 1048576K
}
Event: 15.990 GC heap before
{Heap before GC invocations=15 (full 0):
 garbage-first heap   total 262144K, used 175017K [0x0000000080000000, 0x0000000100000000)
  region size 1024K, 121 young (123904K), 15 survivors (15360K)
 Metaspace       used 85096K, capacity 87095K, committed 87208K, reserved 1124352K
  class space    used 11089K, capacity 11863K, committed 11904K, reserved 1048576K
}
Event: 16.007 GC heap after
{Heap after GC invocations=16 (full 0):
 garbage-first heap   total 262144K, used 73036K [0x0000000080000000, 0x0000000100000000)
  region size 1024K, 14 young (14336K), 14 survivors (14336K)
 Metaspace       used 85096K, capacity 87095K, committed 87208K, reserved 1124352K
  class space    used 11089K, capacity 11863K, committed 11904K, reserved 1048576K
}
Event: 18.540 GC heap before
{Heap before GC invocations=16 (full 0):
 garbage-first heap   total 262144K, used 185676K [0x0000000080000000, 0x0000000100000000)
  region size 1024K, 122 young (124928K), 14 survivors (14336K)
 Metaspace       used 87456K, capacity 89472K, committed 89512K, reserved 1126400K
  class space    used 11294K, capacity 12127K, committed 12160K, reserved 1048576K
}
Event: 18.570 GC heap after
{Heap after GC invocations=17 (full 0):
 garbage-first heap   total 262144K, used 95119K [0x0000000080000000, 0x0000000100000000)
  region size 1024K, 16 young (16384K), 16 survivors (16384K)
 Metaspace       used 87456K, capacity 89472K, committed 89512K, reserved 1126400K
  class space    used 11294K, capacity 12127K, committed 12160K, reserved 1048576K
}
Event: 20.165 GC heap before
{Heap before GC invocations=17 (full 0):
 garbage-first heap   total 262144K, used 196495K [0x0000000080000000, 0x0000000100000000)
  region size 1024K, 107 young (109568K), 16 survivors (16384K)
 Metaspace       used 88383K, capacity 90510K, committed 90664K, reserved 1128448K
  class space    used 11381K, capacity 12215K, committed 12288K, reserved 1048576K
}
Event: 20.186 GC heap after
{Heap after GC invocations=18 (full 0):
 garbage-first heap   total 262144K, used 101375K [0x0000000080000000, 0x0000000100000000)
  region size 1024K, 5 young (5120K), 5 survivors (5120K)
 Metaspace       used 88383K, capacity 90510K, committed 90664K, reserved 1128448K
  class space    used 11381K, capacity 12215K, committed 12288K, reserved 1048576K
}
Event: 21.467 GC heap before
{Heap before GC invocations=18 (full 0):
 garbage-first heap   total 262144K, used 208895K [0x0000000080000000, 0x0000000100000000)
  region size 1024K, 96 young (98304K), 5 survivors (5120K)
 Metaspace       used 92831K, capacity 95011K, committed 95272K, reserved 1132544K
  class space    used 11705K, capacity 12521K, committed 12544K, reserved 1048576K
}
Event: 21.475 GC heap after
{Heap after GC invocations=19 (full 0):
 garbage-first heap   total 262144K, used 104447K [0x0000000080000000, 0x0000000100000000)
  region size 1024K, 8 young (8192K), 8 survivors (8192K)
 Metaspace       used 92831K, capacity 95011K, committed 95272K, reserved 1132544K
  class space    used 11705K, capacity 12521K, committed 12544K, reserved 1048576K
}
Event: 23.382 GC heap before
{Heap before GC invocations=19 (full 0):
 garbage-first heap   total 262144K, used 200703K [0x0000000080000000, 0x0000000100000000)
  region size 1024K, 101 young (103424K), 8 survivors (8192K)
 Metaspace       used 96776K, capacity 98929K, committed 99112K, reserved 1136640K
  class space    used 12157K, capacity 12987K, committed 13056K, reserved 1048576K
}
Event: 23.391 GC heap after
{Heap after GC invocations=20 (full 0):
 garbage-first heap   total 262144K, used 103536K [0x0000000080000000, 0x0000000100000000)
  region size 1024K, 3 young (3072K), 3 survivors (3072K)
 Metaspace       used 96776K, capacity 98929K, committed 99112K, reserved 1136640K
  class space    used 12157K, capacity 12987K, committed 13056K, reserved 1048576K
}

Deoptimization events (20 events):
Event: 23.903 Thread 0x00000284b596f800 Uncommon trap: trap_request=0xffffffbe fr.pc=0x00000284a13630ac relative=0x0000000000000bec
Event: 23.903 Thread 0x00000284b596f800 Uncommon trap: reason=profile_predicate action=maybe_recompile pc=0x00000284a13630ac method=com.esotericsoftware.kryo.io.Output.writeString(Ljava/lang/CharSequence;)V @ 67 c2
Event: 23.903 Thread 0x00000284b596f800 DEOPT PACKING pc=0x00000284a13630ac sp=0x000000a8bebfe110
Event: 23.903 Thread 0x00000284b596f800 DEOPT UNPACKING pc=0x0000028498fd662f sp=0x000000a8bebfdff8 mode 2
Event: 23.903 Thread 0x00000284b596f800 Uncommon trap: trap_request=0xffffffbe fr.pc=0x00000284a13630ac relative=0x0000000000000bec
Event: 23.903 Thread 0x00000284b596f800 Uncommon trap: reason=profile_predicate action=maybe_recompile pc=0x00000284a13630ac method=com.esotericsoftware.kryo.io.Output.writeString(Ljava/lang/CharSequence;)V @ 67 c2
Event: 23.903 Thread 0x00000284b596f800 DEOPT PACKING pc=0x00000284a13630ac sp=0x000000a8bebfe110
Event: 23.903 Thread 0x00000284b596f800 DEOPT UNPACKING pc=0x0000028498fd662f sp=0x000000a8bebfdff8 mode 2
Event: 23.903 Thread 0x00000284b596f800 Uncommon trap: trap_request=0xffffffbe fr.pc=0x00000284a13630ac relative=0x0000000000000bec
Event: 23.903 Thread 0x00000284b596f800 Uncommon trap: reason=profile_predicate action=maybe_recompile pc=0x00000284a13630ac method=com.esotericsoftware.kryo.io.Output.writeString(Ljava/lang/CharSequence;)V @ 67 c2
Event: 23.903 Thread 0x00000284b596f800 DEOPT PACKING pc=0x00000284a13630ac sp=0x000000a8bebfe110
Event: 23.903 Thread 0x00000284b596f800 DEOPT UNPACKING pc=0x0000028498fd662f sp=0x000000a8bebfdff8 mode 2
Event: 23.903 Thread 0x00000284b596f800 Uncommon trap: trap_request=0xffffffbe fr.pc=0x00000284a13630ac relative=0x0000000000000bec
Event: 23.903 Thread 0x00000284b596f800 Uncommon trap: reason=profile_predicate action=maybe_recompile pc=0x00000284a13630ac method=com.esotericsoftware.kryo.io.Output.writeString(Ljava/lang/CharSequence;)V @ 67 c2
Event: 23.904 Thread 0x00000284b596f800 DEOPT PACKING pc=0x00000284a13630ac sp=0x000000a8bebfe110
Event: 23.904 Thread 0x00000284b596f800 DEOPT UNPACKING pc=0x0000028498fd662f sp=0x000000a8bebfdff8 mode 2
Event: 23.981 Thread 0x00000284b20e5000 Uncommon trap: trap_request=0xffffff7e fr.pc=0x00000284a135aaac relative=0x0000000000000aec
Event: 23.981 Thread 0x00000284b20e5000 Uncommon trap: reason=predicate action=maybe_recompile pc=0x00000284a135aaac method=com.google.common.collect.RegularImmutableMap.fromEntryArray(I[Ljava/util/Map$Entry;)Lcom/google/common/collect/ImmutableMap; @ 59 c2
Event: 23.981 Thread 0x00000284b20e5000 DEOPT PACKING pc=0x00000284a135aaac sp=0x000000a8bddf88f0
Event: 23.981 Thread 0x00000284b20e5000 DEOPT UNPACKING pc=0x0000028498fd662f sp=0x000000a8bddf8898 mode 2

Classes redefined (0 events):
No events

Internal exceptions (20 events):
Event: 22.323 Thread 0x00000284b592d800 Exception <a 'sun/nio/fs/WindowsException'{0x000000008dc8bed0}> (0x000000008dc8bed0) thrown at [./src/hotspot/share/prims/jni.cpp, line 615]
Event: 22.325 Thread 0x00000284b592d800 Exception <a 'sun/nio/fs/WindowsException'{0x000000008dc8cf18}> (0x000000008dc8cf18) thrown at [./src/hotspot/share/prims/jni.cpp, line 615]
Event: 22.419 Thread 0x00000284b592d800 Implicit null exception at 0x00000284a0d50f1b to 0x00000284a0d516dc
Event: 22.455 Thread 0x00000284b592d800 Exception <a 'sun/nio/fs/WindowsException'{0x000000008d6388e8}> (0x000000008d6388e8) thrown at [./src/hotspot/share/prims/jni.cpp, line 615]
Event: 22.456 Thread 0x00000284b592d800 Exception <a 'sun/nio/fs/WindowsException'{0x000000008d639778}> (0x000000008d639778) thrown at [./src/hotspot/share/prims/jni.cpp, line 615]
Event: 22.633 Thread 0x00000284b5501000 Implicit null exception at 0x00000284a113c4b9 to 0x00000284a113c920
Event: 22.633 Thread 0x00000284b5501000 Implicit null exception at 0x00000284a113c4b9 to 0x00000284a113c920
Event: 22.633 Thread 0x00000284b5501000 Implicit null exception at 0x00000284a113c4b9 to 0x00000284a113c920
Event: 22.633 Thread 0x00000284b5501000 Implicit null exception at 0x00000284a113c4b9 to 0x00000284a113c920
Event: 22.955 Thread 0x00000284b5500800 Exception <a 'sun/nio/fs/WindowsException'{0x000000008c2f3978}> (0x000000008c2f3978) thrown at [./src/hotspot/share/prims/jni.cpp, line 615]
Event: 22.955 Thread 0x00000284b5500800 Exception <a 'sun/nio/fs/WindowsException'{0x000000008c2f4848}> (0x000000008c2f4848) thrown at [./src/hotspot/share/prims/jni.cpp, line 615]
Event: 22.955 Thread 0x00000284b5500800 Exception <a 'sun/nio/fs/WindowsException'{0x000000008c2f4b50}> (0x000000008c2f4b50) thrown at [./src/hotspot/share/prims/jni.cpp, line 615]
Event: 22.955 Thread 0x00000284b5500800 Exception <a 'sun/nio/fs/WindowsException'{0x000000008c2f59e8}> (0x000000008c2f59e8) thrown at [./src/hotspot/share/prims/jni.cpp, line 615]
Event: 22.955 Thread 0x00000284b5500800 Exception <a 'sun/nio/fs/WindowsException'{0x000000008c2f5cc8}> (0x000000008c2f5cc8) thrown at [./src/hotspot/share/prims/jni.cpp, line 615]
Event: 22.956 Thread 0x00000284b5500800 Exception <a 'sun/nio/fs/WindowsException'{0x000000008c2f6b48}> (0x000000008c2f6b48) thrown at [./src/hotspot/share/prims/jni.cpp, line 615]
Event: 23.154 Thread 0x00000284b5500800 Implicit null exception at 0x00000284a118576c to 0x00000284a1185edc
Event: 23.158 Thread 0x00000284b5500800 Implicit null exception at 0x00000284a0e66614 to 0x00000284a0e66be4
Event: 23.677 Thread 0x00000284b5934000 Exception <a 'sun/nio/fs/WindowsException'{0x000000008e3abbf8}> (0x000000008e3abbf8) thrown at [./src/hotspot/share/prims/jni.cpp, line 615]
Event: 23.677 Thread 0x00000284b5934000 Exception <a 'sun/nio/fs/WindowsException'{0x000000008e3acab0}> (0x000000008e3acab0) thrown at [./src/hotspot/share/prims/jni.cpp, line 615]
Event: 23.686 Thread 0x00000284b54ff800 Exception <a 'sun/nio/fs/WindowsException'{0x000000008e25b858}> (0x000000008e25b858) thrown at [./src/hotspot/share/prims/jni.cpp, line 615]

Events (20 events):
Event: 23.833 Executing VM operation: RevokeBias
Event: 23.833 Executing VM operation: RevokeBias done
Event: 23.844 Executing VM operation: RevokeBias
Event: 23.845 Executing VM operation: RevokeBias done
Event: 23.883 Executing VM operation: RevokeBias
Event: 23.883 Executing VM operation: RevokeBias done
Event: 23.906 Executing VM operation: BulkRevokeBias
Event: 23.907 Executing VM operation: BulkRevokeBias done
Event: 23.948 Executing VM operation: RevokeBias
Event: 23.948 Executing VM operation: RevokeBias done
Event: 23.963 Executing VM operation: RevokeBias
Event: 23.963 Executing VM operation: RevokeBias done
Event: 24.016 loading class com/android/build/gradle/internal/tasks/CompressAssetsDelegate
Event: 24.016 loading class com/android/build/gradle/internal/tasks/CompressAssetsDelegate done
Event: 24.017 loading class com/android/builder/packaging/PackagingUtils
Event: 24.017 loading class com/android/builder/packaging/PackagingUtils done
Event: 24.024 loading class com/android/tools/build/apkzlib/zfile/NativeLibrariesPackagingMode
Event: 24.024 loading class com/android/tools/build/apkzlib/zfile/NativeLibrariesPackagingMode done
Event: 24.025 loading class com/android/builder/packaging/DexPackagingMode
Event: 24.025 loading class com/android/builder/packaging/DexPackagingMode done


Dynamic libraries:
0x00007ff6c2350000 - 0x00007ff6c235a000 	C:\Program Files\Android\Android Studio\jre\bin\java.exe
0x00007ffbe36b0000 - 0x00007ffbe38a5000 	C:\WINDOWS\SYSTEM32\ntdll.dll
0x00007ffbe2ae0000 - 0x00007ffbe2b9d000 	C:\WINDOWS\System32\KERNEL32.DLL
0x00007ffbe1120000 - 0x00007ffbe13ed000 	C:\WINDOWS\System32\KERNELBASE.dll
0x00007ffbe1020000 - 0x00007ffbe1120000 	C:\WINDOWS\System32\ucrtbase.dll
0x00007ffbd7790000 - 0x00007ffbd77a9000 	C:\Program Files\Android\Android Studio\jre\bin\jli.dll
0x00007ffbd5f30000 - 0x00007ffbd5f47000 	C:\Program Files\Android\Android Studio\jre\bin\VCRUNTIME140.dll
0x00007ffbe2cb0000 - 0x00007ffbe2e50000 	C:\WINDOWS\System32\USER32.dll
0x00007ffbe16d0000 - 0x00007ffbe16f2000 	C:\WINDOWS\System32\win32u.dll
0x00007ffbe3510000 - 0x00007ffbe353a000 	C:\WINDOWS\System32\GDI32.dll
0x00007ffbe0e60000 - 0x00007ffbe0f6b000 	C:\WINDOWS\System32\gdi32full.dll
0x00007ffbe0dc0000 - 0x00007ffbe0e5d000 	C:\WINDOWS\System32\msvcp_win.dll
0x00007ffbcdda0000 - 0x00007ffbce03a000 	C:\WINDOWS\WinSxS\amd64_microsoft.windows.common-controls_6595b64144ccf1df_6.0.19041.1110_none_60b5254171f9507e\COMCTL32.dll
0x00007ffbe1d60000 - 0x00007ffbe1dfe000 	C:\WINDOWS\System32\msvcrt.dll
0x00007ffbe1a50000 - 0x00007ffbe1a80000 	C:\WINDOWS\System32\IMM32.DLL
0x00007ffbcebd0000 - 0x00007ffbcec6d000 	C:\Program Files\Android\Android Studio\jre\bin\msvcp140.dll
0x00007ffb94850000 - 0x00007ffb95325000 	C:\Program Files\Android\Android Studio\jre\bin\server\jvm.dll
0x00007ffbe1e00000 - 0x00007ffbe1eae000 	C:\WINDOWS\System32\ADVAPI32.dll
0x00007ffbe1eb0000 - 0x00007ffbe1f4c000 	C:\WINDOWS\System32\sechost.dll
0x00007ffbe2ee0000 - 0x00007ffbe3005000 	C:\WINDOWS\System32\RPCRT4.dll
0x00007ffbe3080000 - 0x00007ffbe3088000 	C:\WINDOWS\System32\PSAPI.DLL
0x00007ffbd8640000 - 0x00007ffbd8649000 	C:\WINDOWS\SYSTEM32\WSOCK32.dll
0x00007ffbe3010000 - 0x00007ffbe307b000 	C:\WINDOWS\System32\WS2_32.dll
0x00007ffbdb150000 - 0x00007ffbdb15a000 	C:\WINDOWS\SYSTEM32\VERSION.dll
0x00007ffbd6e90000 - 0x00007ffbd6eb7000 	C:\WINDOWS\SYSTEM32\WINMM.dll
0x00007ffbdece0000 - 0x00007ffbdecf2000 	C:\WINDOWS\SYSTEM32\kernel.appcore.dll
0x00007ffbd63e0000 - 0x00007ffbd63f1000 	C:\Program Files\Android\Android Studio\jre\bin\verify.dll
0x00007ffbcf500000 - 0x00007ffbcf6e4000 	C:\WINDOWS\SYSTEM32\DBGHELP.DLL
0x00007ffbca570000 - 0x00007ffbca59c000 	C:\WINDOWS\SYSTEM32\dbgcore.DLL
0x00007ffbe15f0000 - 0x00007ffbe1672000 	C:\WINDOWS\System32\bcryptPrimitives.dll
0x00007ffbd63b0000 - 0x00007ffbd63d9000 	C:\Program Files\Android\Android Studio\jre\bin\java.dll
0x00007ffbd8630000 - 0x00007ffbd863b000 	C:\Program Files\Android\Android Studio\jre\bin\jimage.dll
0x00007ffbd5ff0000 - 0x00007ffbd6008000 	C:\Program Files\Android\Android Studio\jre\bin\zip.dll
0x00007ffbe2330000 - 0x00007ffbe2a74000 	C:\WINDOWS\System32\SHELL32.dll
0x00007ffbdeee0000 - 0x00007ffbdf674000 	C:\WINDOWS\SYSTEM32\windows.storage.dll
0x00007ffbe1f50000 - 0x00007ffbe22a4000 	C:\WINDOWS\System32\combase.dll
0x00007ffbe0820000 - 0x00007ffbe084c000 	C:\WINDOWS\SYSTEM32\Wldp.dll
0x00007ffbe1940000 - 0x00007ffbe19ed000 	C:\WINDOWS\System32\SHCORE.dll
0x00007ffbe1830000 - 0x00007ffbe1885000 	C:\WINDOWS\System32\shlwapi.dll
0x00007ffbe0d00000 - 0x00007ffbe0d1f000 	C:\WINDOWS\SYSTEM32\profapi.dll
0x00007ffbd5fd0000 - 0x00007ffbd5fea000 	C:\Program Files\Android\Android Studio\jre\bin\net.dll
0x00007ffbdc0f0000 - 0x00007ffbdc1fa000 	C:\WINDOWS\SYSTEM32\WINHTTP.dll
0x00007ffbe0580000 - 0x00007ffbe05ea000 	C:\WINDOWS\system32\mswsock.dll
0x00007ffbd5fb0000 - 0x00007ffbd5fc4000 	C:\Program Files\Android\Android Studio\jre\bin\nio.dll
0x00007ffbd8090000 - 0x00007ffbd80b7000 	C:\Users\User\.gradle\native\e1d6ef7f7dcc3fd88c89a11ec53ec762bb8ba0a96d01ffa2cd45eb1d1d8dd5c5\windows-amd64\native-platform.dll
0x00007ffbb46d0000 - 0x00007ffbb4814000 	C:\Users\User\.gradle\native\5664cfc778a61ccfe75a443a1ab52a65af34e5dc3c78e0209fed803814484fcb\windows-amd64\native-platform-file-events.dll
0x00007ffbd82d0000 - 0x00007ffbd82da000 	C:\Program Files\Android\Android Studio\jre\bin\management.dll
0x00007ffbd79a0000 - 0x00007ffbd79ad000 	C:\Program Files\Android\Android Studio\jre\bin\management_ext.dll
0x00007ffbe0770000 - 0x00007ffbe0788000 	C:\WINDOWS\SYSTEM32\CRYPTSP.dll
0x00007ffbdfe90000 - 0x00007ffbdfec4000 	C:\WINDOWS\system32\rsaenh.dll
0x00007ffbe15c0000 - 0x00007ffbe15e7000 	C:\WINDOWS\System32\bcrypt.dll
0x00007ffbe0cc0000 - 0x00007ffbe0cee000 	C:\WINDOWS\SYSTEM32\USERENV.dll
0x00007ffbe0790000 - 0x00007ffbe079c000 	C:\WINDOWS\SYSTEM32\CRYPTBASE.dll
0x00007ffbe0220000 - 0x00007ffbe025b000 	C:\WINDOWS\SYSTEM32\IPHLPAPI.DLL
0x00007ffbe3540000 - 0x00007ffbe3548000 	C:\WINDOWS\System32\NSI.dll
0x00007ffbdb3e0000 - 0x00007ffbdb3f7000 	C:\WINDOWS\SYSTEM32\dhcpcsvc6.DLL
0x00007ffbdb080000 - 0x00007ffbdb09d000 	C:\WINDOWS\SYSTEM32\dhcpcsvc.DLL
0x00007ffbe0260000 - 0x00007ffbe032b000 	C:\WINDOWS\SYSTEM32\DNSAPI.dll
0x00007ffbdfac0000 - 0x00007ffbdfaf3000 	C:\WINDOWS\SYSTEM32\ntmarta.dll

dbghelp: loaded successfully - version: 4.0.5 - missing functions: none
symbol engine: initialized successfully - sym options: 0x614 - pdb path: .;C:\Program Files\Android\Android Studio\jre\bin;C:\WINDOWS\SYSTEM32;C:\WINDOWS\WinSxS\amd64_microsoft.windows.common-controls_6595b64144ccf1df_6.0.19041.1110_none_60b5254171f9507e;C:\Program Files\Android\Android Studio\jre\bin\server;C:\Users\User\.gradle\native\e1d6ef7f7dcc3fd88c89a11ec53ec762bb8ba0a96d01ffa2cd45eb1d1d8dd5c5\windows-amd64;C:\Users\User\.gradle\native\5664cfc778a61ccfe75a443a1ab52a65af34e5dc3c78e0209fed803814484fcb\windows-amd64

VM Arguments:
jvm_args: --add-opens=java.base/java.util=ALL-UNNAMED --add-opens=java.base/java.lang=ALL-UNNAMED --add-opens=java.base/java.lang.invoke=ALL-UNNAMED --add-opens=java.base/java.util=ALL-UNNAMED --add-opens=java.prefs/java.util.prefs=ALL-UNNAMED --add-opens=java.prefs/java.util.prefs=ALL-UNNAMED --add-opens=java.base/java.nio.charset=ALL-UNNAMED --add-opens=java.base/java.net=ALL-UNNAMED --add-opens=java.base/java.util.concurrent.atomic=ALL-UNNAMED -Xmx2048m -Dfile.encoding=UTF-8 -Duser.country=KR -Duser.language=ko -Duser.variant 
java_command: org.gradle.launcher.daemon.bootstrap.GradleDaemon 7.2
java_class_path (initial): C:\Users\User\.gradle\wrapper\dists\gradle-7.2-bin\2dnblmf4td7x66yl1d74lt32g\gradle-7.2\lib\gradle-launcher-7.2.jar
Launcher Type: SUN_STANDARD

[Global flags]
     intx CICompilerCount                          = 3                                         {product} {ergonomic}
     uint ConcGCThreads                            = 1                                         {product} {ergonomic}
     uint G1ConcRefinementThreads                  = 4                                         {product} {ergonomic}
   size_t G1HeapRegionSize                         = 1048576                                   {product} {ergonomic}
    uintx GCDrainStackTargetSize                   = 64                                        {product} {ergonomic}
   size_t InitialHeapSize                          = 268435456                                 {product} {ergonomic}
   size_t MarkStackSize                            = 4194304                                   {product} {ergonomic}
   size_t MaxHeapSize                              = 2147483648                                {product} {command line}
   size_t MaxNewSize                               = 1287651328                                {product} {ergonomic}
   size_t MinHeapDeltaBytes                        = 1048576                                   {product} {ergonomic}
    uintx NonNMethodCodeHeapSize                   = 5830732                                {pd product} {ergonomic}
    uintx NonProfiledCodeHeapSize                  = 122913754                              {pd product} {ergonomic}
    uintx ProfiledCodeHeapSize                     = 122913754                              {pd product} {ergonomic}
    uintx ReservedCodeCacheSize                    = 251658240                              {pd product} {ergonomic}
     bool SegmentedCodeCache                       = true                                      {product} {ergonomic}
     bool UseCompressedClassPointers               = true                                 {lp64_product} {ergonomic}
     bool UseCompressedOops                        = true                                 {lp64_product} {ergonomic}
     bool UseG1GC                                  = true                                      {product} {ergonomic}
     bool UseLargePagesIndividualAllocation        = false                                  {pd product} {ergonomic}

Logging:
Log output configuration:
 #0: stdout all=warning uptime,level,tags
 #1: stderr all=off uptime,level,tags

Environment Variables:
JAVA_HOME=C:\Program Files\Java\jdk-15.0.1
CLASSPATH=C:\Program Files\Java\jdk-15.0.1\lib
PATH=C:\Python310\Scripts\;C:\Python310\;C:\Program Files\Java\jdk-15.0.2\bin;C:\Program Files (x86)\Common Files\Oracle\Java\javapath;C:\Program Files\Java\jdk-15.0.1;C:\Users\User\anaconda3\Scripts;C:\Users\User\anaconda3\Scripts;C:\Program Files (x86)\NAT Service;C:\Windows\system32;C:\Windows;C:\Windows\System32\Wbem;C:\Windows\System32\WindowsPowerShell\v1.0\;C:\Program Files (x86)\NVIDIA Corporation\PhysX\Common;C:\WINDOWS\system32;C:\WINDOWS;C:\WINDOWS\System32\Wbem;C:\WINDOWS\System32\WindowsPowerShell\v1.0\;C:\WINDOWS\System32\OpenSSH\;C:\Users\User\anaconda3\Scripts;C:\Program Files\Java\jdk-15.0.1\bin;C:\Program Files\NVIDIA Corporation\NVIDIA NvDLISR;D:\bin;C:\Program Files\dotnet\;C:\Program Files\nodejs\;C:\ProgramData\chocolatey\bin;C:\Program Files\Git\cmd;C:\Python39\Scripts\;C:\Python39\;C:\Users\User\AppData\Local\Programs\Python\Python38\Scripts\;C:\Users\User\AppData\Local\Programs\Python\Python38\;C:\Users\User\AppData\Local\Microsoft\WindowsApps;C:\Users\User\AppData\Local\GitHubDesktop\bin;C:\Users\User\.dotnet\tools;C:\Program Files\Bandizip\;C:\Users\User\AppData\Local\afreeca;C:\Microsoft VS Code\bin;C:\Users\User\AppData\Roaming\npm
USERNAME=User
OS=Windows_NT
PROCESSOR_IDENTIFIER=Intel64 Family 6 Model 60 Stepping 3, GenuineIntel



---------------  S Y S T E M  ---------------

OS: Windows 10 , 64 bit Build 19041 (10.0.19041.1706)
OS uptime: 15 days 21:37 hours

CPU:total 4 (initial active 4) (4 cores per cpu, 1 threads per core) family 6 model 60 stepping 3 microcode 0x27, cmov, cx8, fxsr, mmx, sse, sse2, sse3, ssse3, sse4.1, sse4.2, popcnt, avx, avx2, aes, clmul, erms, lzcnt, tsc, tscinvbit, bmi1, bmi2, fma

Memory: 4k page, system-wide physical 16303M (5345M free)
TotalPageFile size 48956M (AvailPageFile size 0M)
current process WorkingSet (physical memory assigned to process): 545M, peak: 552M
current process commit charge ("private bytes"): 576M, peak: 581M

vm_info: OpenJDK 64-Bit Server VM (11.0.11+9-b60-7590822) for windows-amd64 JRE (11.0.11+9-b60-7590822), built on Jul 29 2021 21:43:44 by "builder" with MS VC++ 14.0 (VS2015)

END.
