#
# There is insufficient memory for the Java Runtime Environment to continue.
# Native memory allocation (malloc) failed to allocate 600016 bytes for Chunk::new
# Possible reasons:
#   The system is out of physical RAM or swap space
#   The process is running with CompressedOops enabled, and the Java Heap may be blocking the growth of the native heap
# Possible solutions:
#   Reduce memory load on the system
#   Increase physical memory or swap space
#   Check if swap backing store is full
#   Decrease Java heap size (-Xmx/-Xms)
#   Decrease number of Java threads
#   Decrease Java thread stack sizes (-Xss)
#   Set larger code cache with -XX:ReservedCodeCacheSize=
#   JVM is running with Unscaled Compressed Oops mode in which the Java heap is
#     placed in the first 4GB address space. The Java Heap base address is the
#     maximum limit for the native heap growth. Please use -XX:HeapBaseMinAddress
#     to set the Java Heap base and to place the Java Heap above 4GB virtual address.
# This output file may be truncated or incomplete.
#
#  Out of Memory Error (./src/hotspot/share/memory/arena.cpp:197), pid=32356, tid=19580
#
# JRE version: OpenJDK Runtime Environment (11.0.11+9) (build 11.0.11+9-b60-7590822)
# Java VM: OpenJDK 64-Bit Server VM (11.0.11+9-b60-7590822, mixed mode, tiered, compressed oops, g1 gc, windows-amd64)
# No core dump will be written. Minidumps are not enabled by default on client versions of Windows
#

---------------  S U M M A R Y ------------

Command Line: --add-opens=java.base/java.util=ALL-UNNAMED --add-opens=java.base/java.lang=ALL-UNNAMED --add-opens=java.base/java.lang.invoke=ALL-UNNAMED --add-opens=java.base/java.util=ALL-UNNAMED --add-opens=java.prefs/java.util.prefs=ALL-UNNAMED --add-opens=java.prefs/java.util.prefs=ALL-UNNAMED --add-opens=java.base/java.nio.charset=ALL-UNNAMED --add-opens=java.base/java.net=ALL-UNNAMED --add-opens=java.base/java.util.concurrent.atomic=ALL-UNNAMED -Xmx2048m -Dfile.encoding=UTF-8 -Duser.country=KR -Duser.language=ko -Duser.variant org.gradle.launcher.daemon.bootstrap.GradleDaemon 7.2

Host: Intel(R) Core(TM) i5-4690 CPU @ 3.50GHz, 4 cores, 15G,  Windows 10 , 64 bit Build 19041 (10.0.19041.1706)
Time: Wed Jun 29 22:14:24 2022 대한민국 표준시 elapsed time: 8.893495 seconds (0d 0h 0m 8s)

---------------  T H R E A D  ---------------

Current thread (0x0000022a71f1d800):  JavaThread "C2 CompilerThread0" daemon [_thread_in_native, id=19580, stack(0x0000006623300000,0x0000006623400000)]


Current CompileTask:
C2:   8893 5399       4       java.util.zip.ZipFile$Source::initCEN (658 bytes)

Stack: [0x0000006623300000,0x0000006623400000]
Native frames: (J=compiled Java code, j=interpreted, Vv=VM code, C=native code)
V  [jvm.dll+0x5f214a]
V  [jvm.dll+0x726fb5]
V  [jvm.dll+0x7285cd]
V  [jvm.dll+0x728c83]
V  [jvm.dll+0x243278]
V  [jvm.dll+0xbc53c]
V  [jvm.dll+0xbca3c]
V  [jvm.dll+0x353e7d]
V  [jvm.dll+0x321893]
V  [jvm.dll+0x320d8a]
V  [jvm.dll+0x1fc1e2]
V  [jvm.dll+0x1fb3d4]
V  [jvm.dll+0x183d6c]
V  [jvm.dll+0x209a57]
V  [jvm.dll+0x2082a1]
V  [jvm.dll+0x6ef58f]
V  [jvm.dll+0x6e80b5]
V  [jvm.dll+0x5f1036]
C  [ucrtbase.dll+0x21bb2]
C  [KERNEL32.DLL+0x17034]
C  [ntdll.dll+0x52651]


---------------  P R O C E S S  ---------------

Threads class SMR info:
_java_thread_list=0x0000022a724fa770, length=78, elements={
0x0000022a57a4f000, 0x0000022a71ea2800, 0x0000022a71ea3800, 0x0000022a71f17800,
0x0000022a71f18000, 0x0000022a71f19800, 0x0000022a71f1d800, 0x0000022a71f25000,
0x0000022a71f80000, 0x0000022a7208c800, 0x0000022a7307a800, 0x0000022a73ab3000,
0x0000022a73279000, 0x0000022a74479800, 0x0000022a7447a800, 0x0000022a73977000,
0x0000022a73977800, 0x0000022a732cb800, 0x0000022a732cc800, 0x0000022a75a26800,
0x0000022a75a24000, 0x0000022a75a25800, 0x0000022a75a21800, 0x0000022a75a20800,
0x0000022a75a24800, 0x0000022a75a22000, 0x0000022a75a27000, 0x0000022a75a23000,
0x0000022a748aa000, 0x0000022a74944800, 0x0000022a74942800, 0x0000022a74945000,
0x0000022a74943800, 0x0000022a74947800, 0x0000022a74942000, 0x0000022a7494b800,
0x0000022a7494c800, 0x0000022a7494a000, 0x0000022a7494d800, 0x0000022a74949000,
0x0000022a7494b000, 0x0000022a7494e000, 0x0000022a74948800, 0x0000022a7494f000,
0x0000022a73f8b800, 0x0000022a73f8c800, 0x0000022a73f86800, 0x0000022a73f8d000,
0x0000022a73f8a000, 0x0000022a73f8a800, 0x0000022a73f89000, 0x0000022a73f87800,
0x0000022a73f8e000, 0x0000022a73f88000, 0x0000022a73f8f800, 0x0000022a73f90800,
0x0000022a73f92000, 0x0000022a73f91000, 0x0000022a73f93000, 0x0000022a73f93800,
0x0000022a73f94800, 0x0000022a73f8e800, 0x0000022a73f95000, 0x0000022a77376800,
0x0000022a77378000, 0x0000022a7737b000, 0x0000022a7737c000, 0x0000022a77378800,
0x0000022a77379800, 0x0000022a7737a800, 0x0000022a7737d000, 0x0000022a77377000,
0x0000022a77383800, 0x0000022a7737f800, 0x0000022a77380000, 0x0000022a77381000,
0x0000022a77381800, 0x0000022a77382800
}

Java Threads: ( => current thread )
  0x0000022a57a4f000 JavaThread "main" [_thread_blocked, id=9756, stack(0x0000006622700000,0x0000006622800000)]
  0x0000022a71ea2800 JavaThread "Reference Handler" daemon [_thread_blocked, id=31640, stack(0x0000006622e00000,0x0000006622f00000)]
  0x0000022a71ea3800 JavaThread "Finalizer" daemon [_thread_blocked, id=1708, stack(0x0000006622f00000,0x0000006623000000)]
  0x0000022a71f17800 JavaThread "Signal Dispatcher" daemon [_thread_blocked, id=32996, stack(0x0000006623000000,0x0000006623100000)]
  0x0000022a71f18000 JavaThread "Attach Listener" daemon [_thread_blocked, id=10252, stack(0x0000006623100000,0x0000006623200000)]
  0x0000022a71f19800 JavaThread "Service Thread" daemon [_thread_blocked, id=24032, stack(0x0000006623200000,0x0000006623300000)]
=>0x0000022a71f1d800 JavaThread "C2 CompilerThread0" daemon [_thread_in_native, id=19580, stack(0x0000006623300000,0x0000006623400000)]
  0x0000022a71f25000 JavaThread "C1 CompilerThread0" daemon [_thread_blocked, id=11684, stack(0x0000006623400000,0x0000006623500000)]
  0x0000022a71f80000 JavaThread "Sweeper thread" daemon [_thread_blocked, id=20072, stack(0x0000006623500000,0x0000006623600000)]
  0x0000022a7208c800 JavaThread "Common-Cleaner" daemon [_thread_blocked, id=4016, stack(0x0000006623600000,0x0000006623700000)]
  0x0000022a7307a800 JavaThread "Daemon health stats" [_thread_blocked, id=17588, stack(0x0000006623c00000,0x0000006623d00000)]
  0x0000022a73ab3000 JavaThread "Incoming local TCP Connector on port 52108" [_thread_in_native, id=34072, stack(0x0000006623800000,0x0000006623900000)]
  0x0000022a73279000 JavaThread "Daemon periodic checks" [_thread_blocked, id=15884, stack(0x0000006623d00000,0x0000006623e00000)]
  0x0000022a74479800 JavaThread "Daemon" [_thread_blocked, id=29520, stack(0x0000006623e00000,0x0000006623f00000)]
  0x0000022a7447a800 JavaThread "Handler for socket connection from /127.0.0.1:52108 to /127.0.0.1:52109" [_thread_in_native, id=28028, stack(0x0000006623f00000,0x0000006624000000)]
  0x0000022a73977000 JavaThread "Cancel handler" [_thread_blocked, id=17172, stack(0x0000006624000000,0x0000006624100000)]
  0x0000022a73977800 JavaThread "Daemon worker" [_thread_in_vm, id=24272, stack(0x0000006624100000,0x0000006624200000)]
  0x0000022a732cb800 JavaThread "Asynchronous log dispatcher for DefaultDaemonConnection: socket connection from /127.0.0.1:52108 to /127.0.0.1:52109" [_thread_blocked, id=21428, stack(0x0000006624200000,0x0000006624300000)]
  0x0000022a732cc800 JavaThread "Stdin handler" [_thread_blocked, id=34456, stack(0x0000006624300000,0x0000006624400000)]
  0x0000022a75a26800 JavaThread "Daemon client event forwarder" [_thread_blocked, id=8512, stack(0x0000006624400000,0x0000006624500000)]
  0x0000022a75a24000 JavaThread "Cache worker for journal cache (C:\Users\User\.gradle\caches\journal-1)" [_thread_blocked, id=12976, stack(0x0000006624500000,0x0000006624600000)]
  0x0000022a75a25800 JavaThread "File lock request listener" [_thread_in_native, id=34628, stack(0x0000006624600000,0x0000006624700000)]
  0x0000022a75a21800 JavaThread "Cache worker for file hash cache (C:\Users\User\.gradle\caches\7.2\fileHashes)" [_thread_blocked, id=25856, stack(0x0000006624700000,0x0000006624800000)]
  0x0000022a75a20800 JavaThread "Cache worker for file hash cache (C:\Users\User\AndroidStudioProjects\Why_Not\.gradle\7.2\fileHashes)" [_thread_blocked, id=5672, stack(0x0000006624800000,0x0000006624900000)]
  0x0000022a75a24800 JavaThread "File watcher server" daemon [_thread_in_native, id=3640, stack(0x0000006624a00000,0x0000006624b00000)]
  0x0000022a75a22000 JavaThread "File watcher consumer" daemon [_thread_blocked, id=11580, stack(0x0000006624b00000,0x0000006624c00000)]
  0x0000022a75a27000 JavaThread "Cache worker for checksums cache (C:\Users\User\AndroidStudioProjects\Why_Not\.gradle\checksums)" [_thread_blocked, id=29996, stack(0x0000006624900000,0x0000006624a00000)]
  0x0000022a75a23000 JavaThread "Cache worker for cache directory md-supplier (C:\Users\User\.gradle\caches\7.2\md-supplier)" [_thread_blocked, id=36848, stack(0x0000006624c00000,0x0000006624d00000)]
  0x0000022a748aa000 JavaThread "C2 CompilerThread1" daemon [_thread_blocked, id=27348, stack(0x0000006624d00000,0x0000006624e00000)]
  0x0000022a74944800 JavaThread "Cache worker for cache directory md-rule (C:\Users\User\.gradle\caches\7.2\md-rule)" [_thread_blocked, id=35792, stack(0x0000006624e00000,0x0000006624f00000)]
  0x0000022a74942800 JavaThread "Cache worker for execution history cache (C:\Users\User\.gradle\caches\7.2\executionHistory)" [_thread_blocked, id=5688, stack(0x0000006624f00000,0x0000006625000000)]
  0x0000022a74945000 JavaThread "jar transforms" [_thread_blocked, id=19032, stack(0x0000006625000000,0x0000006625100000)]
  0x0000022a74943800 JavaThread "Cache worker for file content cache (C:\Users\User\.gradle\caches\7.2\fileContent)" [_thread_blocked, id=13844, stack(0x0000006625100000,0x0000006625200000)]
  0x0000022a74947800 JavaThread "jar transforms Thread 2" [_thread_blocked, id=22316, stack(0x0000006625200000,0x0000006625300000)]
  0x0000022a74942000 JavaThread "Cache worker for dependencies-accessors (C:\Users\User\AndroidStudioProjects\Why_Not\.gradle\7.2\dependencies-accessors)" [_thread_blocked, id=29160, stack(0x0000006625300000,0x0000006625400000)]
  0x0000022a7494b800 JavaThread "jar transforms Thread 3" [_thread_blocked, id=33340, stack(0x0000006625400000,0x0000006625500000)]
  0x0000022a7494c800 JavaThread "Cache worker for Build Output Cleanup Cache (C:\Users\User\AndroidStudioProjects\Why_Not\.gradle\buildOutputCleanup)" [_thread_blocked, id=31444, stack(0x0000006625500000,0x0000006625600000)]
  0x0000022a7494a000 JavaThread "Unconstrained build operations" [_thread_blocked, id=26584, stack(0x0000006625600000,0x0000006625700000)]
  0x0000022a7494d800 JavaThread "Unconstrained build operations Thread 2" [_thread_blocked, id=30900, stack(0x0000006625700000,0x0000006625800000)]
  0x0000022a74949000 JavaThread "Unconstrained build operations Thread 3" [_thread_blocked, id=22580, stack(0x0000006625800000,0x0000006625900000)]
  0x0000022a7494b000 JavaThread "Unconstrained build operations Thread 4" [_thread_blocked, id=7468, stack(0x0000006625900000,0x0000006625a00000)]
  0x0000022a7494e000 JavaThread "Unconstrained build operations Thread 5" [_thread_blocked, id=22228, stack(0x0000006625a00000,0x0000006625b00000)]
  0x0000022a74948800 JavaThread "Unconstrained build operations Thread 6" [_thread_blocked, id=25304, stack(0x0000006625b00000,0x0000006625c00000)]
  0x0000022a7494f000 JavaThread "Unconstrained build operations Thread 7" [_thread_blocked, id=33380, stack(0x0000006625c00000,0x0000006625d00000)]
  0x0000022a73f8b800 JavaThread "Unconstrained build operations Thread 8" [_thread_blocked, id=34744, stack(0x0000006625d00000,0x0000006625e00000)]
  0x0000022a73f8c800 JavaThread "Unconstrained build operations Thread 9" [_thread_blocked, id=16020, stack(0x0000006625e00000,0x0000006625f00000)]
  0x0000022a73f86800 JavaThread "Unconstrained build operations Thread 10" [_thread_blocked, id=30016, stack(0x0000006625f00000,0x0000006626000000)]
  0x0000022a73f8d000 JavaThread "Unconstrained build operations Thread 11" [_thread_blocked, id=19744, stack(0x0000006626000000,0x0000006626100000)]
  0x0000022a73f8a000 JavaThread "Unconstrained build operations Thread 12" [_thread_blocked, id=35000, stack(0x0000006626100000,0x0000006626200000)]
  0x0000022a73f8a800 JavaThread "Unconstrained build operations Thread 13" [_thread_blocked, id=14036, stack(0x0000006626200000,0x0000006626300000)]
  0x0000022a73f89000 JavaThread "Unconstrained build operations Thread 14" [_thread_blocked, id=13768, stack(0x0000006626300000,0x0000006626400000)]
  0x0000022a73f87800 JavaThread "Unconstrained build operations Thread 15" [_thread_blocked, id=36724, stack(0x0000006626400000,0x0000006626500000)]
  0x0000022a73f8e000 JavaThread "Unconstrained build operations Thread 16" [_thread_blocked, id=13596, stack(0x0000006626500000,0x0000006626600000)]
  0x0000022a73f88000 JavaThread "Unconstrained build operations Thread 17" [_thread_blocked, id=19776, stack(0x0000006626600000,0x0000006626700000)]
  0x0000022a73f8f800 JavaThread "Unconstrained build operations Thread 18" [_thread_blocked, id=2796, stack(0x0000006626700000,0x0000006626800000)]
  0x0000022a73f90800 JavaThread "Unconstrained build operations Thread 19" [_thread_blocked, id=2544, stack(0x0000006626800000,0x0000006626900000)]
  0x0000022a73f92000 JavaThread "Unconstrained build operations Thread 20" [_thread_blocked, id=12100, stack(0x0000006626900000,0x0000006626a00000)]
  0x0000022a73f91000 JavaThread "Unconstrained build operations Thread 21" [_thread_blocked, id=11152, stack(0x0000006626a00000,0x0000006626b00000)]
  0x0000022a73f93000 JavaThread "Unconstrained build operations Thread 22" [_thread_blocked, id=34560, stack(0x0000006626b00000,0x0000006626c00000)]
  0x0000022a73f93800 JavaThread "Unconstrained build operations Thread 23" [_thread_blocked, id=33688, stack(0x0000006626c00000,0x0000006626d00000)]
  0x0000022a73f94800 JavaThread "Unconstrained build operations Thread 24" [_thread_blocked, id=8280, stack(0x0000006626d00000,0x0000006626e00000)]
  0x0000022a73f8e800 JavaThread "Unconstrained build operations Thread 25" [_thread_blocked, id=19684, stack(0x0000006626e00000,0x0000006626f00000)]
  0x0000022a73f95000 JavaThread "Unconstrained build operations Thread 26" [_thread_blocked, id=9104, stack(0x0000006626f00000,0x0000006627000000)]
  0x0000022a77376800 JavaThread "Unconstrained build operations Thread 27" [_thread_blocked, id=19952, stack(0x0000006627000000,0x0000006627100000)]
  0x0000022a77378000 JavaThread "Unconstrained build operations Thread 28" [_thread_blocked, id=36604, stack(0x0000006627100000,0x0000006627200000)]
  0x0000022a7737b000 JavaThread "Unconstrained build operations Thread 29" [_thread_blocked, id=9400, stack(0x0000006627200000,0x0000006627300000)]
  0x0000022a7737c000 JavaThread "Unconstrained build operations Thread 30" [_thread_blocked, id=5656, stack(0x0000006627300000,0x0000006627400000)]
  0x0000022a77378800 JavaThread "Unconstrained build operations Thread 31" [_thread_blocked, id=27468, stack(0x0000006627400000,0x0000006627500000)]
  0x0000022a77379800 JavaThread "Unconstrained build operations Thread 32" [_thread_blocked, id=14796, stack(0x0000006627500000,0x0000006627600000)]
  0x0000022a7737a800 JavaThread "Unconstrained build operations Thread 33" [_thread_blocked, id=24392, stack(0x0000006627600000,0x0000006627700000)]
  0x0000022a7737d000 JavaThread "Unconstrained build operations Thread 34" [_thread_blocked, id=17232, stack(0x0000006627700000,0x0000006627800000)]
  0x0000022a77377000 JavaThread "Unconstrained build operations Thread 35" [_thread_blocked, id=34604, stack(0x0000006627800000,0x0000006627900000)]
  0x0000022a77383800 JavaThread "Unconstrained build operations Thread 36" [_thread_blocked, id=31168, stack(0x0000006627900000,0x0000006627a00000)]
  0x0000022a7737f800 JavaThread "Unconstrained build operations Thread 37" [_thread_blocked, id=6040, stack(0x0000006627a00000,0x0000006627b00000)]
  0x0000022a77380000 JavaThread "Unconstrained build operations Thread 38" [_thread_blocked, id=25616, stack(0x0000006627b00000,0x0000006627c00000)]
  0x0000022a77381000 JavaThread "Unconstrained build operations Thread 39" [_thread_blocked, id=10868, stack(0x0000006627c00000,0x0000006627d00000)]
  0x0000022a77381800 JavaThread "Unconstrained build operations Thread 40" [_thread_blocked, id=32988, stack(0x0000006627d00000,0x0000006627e00000)]
  0x0000022a77382800 JavaThread "jar transforms Thread 4" [_thread_blocked, id=8432, stack(0x0000006627e00000,0x0000006627f00000)]

Other Threads:
  0x0000022a71679800 VMThread "VM Thread" [stack: 0x0000006622d00000,0x0000006622e00000] [id=26212]
  0x0000022a72092000 WatcherThread [stack: 0x0000006623700000,0x0000006623800000] [id=16272]
  0x0000022a57a68000 GCTaskThread "GC Thread#0" [stack: 0x0000006622800000,0x0000006622900000] [id=16292]
  0x0000022a725a8800 GCTaskThread "GC Thread#1" [stack: 0x0000006623900000,0x0000006623a00000] [id=35960]
  0x0000022a724f5800 GCTaskThread "GC Thread#2" [stack: 0x0000006623a00000,0x0000006623b00000] [id=14792]
  0x0000022a7258e000 GCTaskThread "GC Thread#3" [stack: 0x0000006623b00000,0x0000006623c00000] [id=10064]
  0x0000022a57a98000 ConcurrentGCThread "G1 Main Marker" [stack: 0x0000006622900000,0x0000006622a00000] [id=11572]
  0x0000022a57a99800 ConcurrentGCThread "G1 Conc#0" [stack: 0x0000006622a00000,0x0000006622b00000] [id=8184]
  0x0000022a714e4800 ConcurrentGCThread "G1 Refine#0" [stack: 0x0000006622b00000,0x0000006622c00000] [id=32980]
  0x0000022a714e5800 ConcurrentGCThread "G1 Young RemSet Sampling" [stack: 0x0000006622c00000,0x0000006622d00000] [id=8744]

Threads with active compile tasks:
C2 CompilerThread0   8936 5399       4       java.util.zip.ZipFile$Source::initCEN (658 bytes)
C1 CompilerThread0   8936 5430       3       java.lang.reflect.ProxyGenerator$ProxyMethod::generateMethod (733 bytes)

VM state:not at safepoint (normal execution)

VM Mutex/Monitor currently owned by a thread: None

Heap address: 0x0000000080000000, size: 2048 MB, Compressed Oops mode: 32-bit
Narrow klass base: 0x0000000000000000, Narrow klass shift: 3
Compressed class space size: 1073741824 Address: 0x0000000100000000

Heap:
 garbage-first heap   total 262144K, used 98736K [0x0000000080000000, 0x0000000100000000)
  region size 1024K, 74 young (75776K), 14 survivors (14336K)
 Metaspace       used 48205K, capacity 49385K, committed 49616K, reserved 1091584K
  class space    used 6134K, capacity 6578K, committed 6656K, reserved 1048576K
Heap Regions: E=young(eden), S=young(survivor), O=old, HS=humongous(starts), HC=humongous(continues), CS=collection set, F=free, A=archive, TAMS=top-at-mark-start (previous, next)
|   0|0x0000000080000000, 0x0000000080100000, 0x0000000080100000|100%|HS|  |TAMS 0x0000000080100000, 0x0000000080000000| Complete 
|   1|0x0000000080100000, 0x0000000080200000, 0x0000000080200000|100%|HC|  |TAMS 0x0000000080200000, 0x0000000080100000| Complete 
|   2|0x0000000080200000, 0x0000000080300000, 0x0000000080300000|100%|HC|  |TAMS 0x0000000080300000, 0x0000000080200000| Complete 
|   3|0x0000000080300000, 0x0000000080400000, 0x0000000080400000|100%| O|  |TAMS 0x0000000080400000, 0x0000000080300000| Untracked 
|   4|0x0000000080400000, 0x0000000080500000, 0x0000000080500000|100%| O|  |TAMS 0x0000000080500000, 0x0000000080400000| Untracked 
|   5|0x0000000080500000, 0x0000000080600000, 0x0000000080600000|100%| O|  |TAMS 0x0000000080600000, 0x0000000080500000| Untracked 
|   6|0x0000000080600000, 0x0000000080700000, 0x0000000080700000|100%| O|  |TAMS 0x0000000080700000, 0x0000000080600000| Untracked 
|   7|0x0000000080700000, 0x0000000080800000, 0x0000000080800000|100%| O|  |TAMS 0x0000000080800000, 0x0000000080700000| Untracked 
|   8|0x0000000080800000, 0x0000000080900000, 0x0000000080900000|100%| O|  |TAMS 0x0000000080900000, 0x0000000080800000| Untracked 
|   9|0x0000000080900000, 0x0000000080a00000, 0x0000000080a00000|100%| O|  |TAMS 0x0000000080a00000, 0x0000000080900000| Untracked 
|  10|0x0000000080a00000, 0x0000000080b00000, 0x0000000080b00000|100%| O|  |TAMS 0x0000000080b00000, 0x0000000080a00000| Untracked 
|  11|0x0000000080b00000, 0x0000000080c00000, 0x0000000080c00000|100%| O|  |TAMS 0x0000000080c00000, 0x0000000080b00000| Untracked 
|  12|0x0000000080c00000, 0x0000000080d00000, 0x0000000080d00000|100%| O|  |TAMS 0x0000000080d00000, 0x0000000080c00000| Untracked 
|  13|0x0000000080d00000, 0x0000000080e00000, 0x0000000080e00000|100%| O|  |TAMS 0x0000000080e00000, 0x0000000080d00000| Untracked 
|  14|0x0000000080e00000, 0x0000000080f00000, 0x0000000080f00000|100%| O|  |TAMS 0x0000000080f00000, 0x0000000080e00000| Untracked 
|  15|0x0000000080f00000, 0x0000000080faea00, 0x0000000081000000| 68%| O|  |TAMS 0x0000000080faea00, 0x0000000080f00000| Untracked 
|  16|0x0000000081000000, 0x0000000081100000, 0x0000000081100000|100%|HS|  |TAMS 0x0000000081000000, 0x0000000081000000| Complete 
|  17|0x0000000081100000, 0x0000000081200000, 0x0000000081200000|100%|HS|  |TAMS 0x0000000081100000, 0x0000000081100000| Complete 
|  18|0x0000000081200000, 0x0000000081300000, 0x0000000081300000|100%|HS|  |TAMS 0x0000000081200000, 0x0000000081200000| Complete 
|  19|0x0000000081300000, 0x0000000081400000, 0x0000000081400000|100%|HS|  |TAMS 0x0000000081300000, 0x0000000081300000| Complete 
|  20|0x0000000081400000, 0x0000000081500000, 0x0000000081500000|100%|HS|  |TAMS 0x0000000081400000, 0x0000000081400000| Complete 
|  21|0x0000000081500000, 0x0000000081600000, 0x0000000081600000|100%|HC|  |TAMS 0x0000000081500000, 0x0000000081500000| Complete 
|  22|0x0000000081600000, 0x0000000081700000, 0x0000000081700000|100%|HC|  |TAMS 0x0000000081600000, 0x0000000081600000| Complete 
|  23|0x0000000081700000, 0x0000000081800000, 0x0000000081800000|100%|HS|  |TAMS 0x0000000081700000, 0x0000000081700000| Complete 
|  24|0x0000000081800000, 0x0000000081900000, 0x0000000081900000|100%|HC|  |TAMS 0x0000000081800000, 0x0000000081800000| Complete 
|  25|0x0000000081900000, 0x0000000081900000, 0x0000000081a00000|  0%| F|  |TAMS 0x0000000081900000, 0x0000000081900000| Untracked 
|  26|0x0000000081a00000, 0x0000000081a00000, 0x0000000081b00000|  0%| F|  |TAMS 0x0000000081a00000, 0x0000000081a00000| Untracked 
|  27|0x0000000081b00000, 0x0000000081b00000, 0x0000000081c00000|  0%| F|  |TAMS 0x0000000081b00000, 0x0000000081b00000| Untracked 
|  28|0x0000000081c00000, 0x0000000081c00000, 0x0000000081d00000|  0%| F|  |TAMS 0x0000000081c00000, 0x0000000081c00000| Untracked 
|  29|0x0000000081d00000, 0x0000000081d00000, 0x0000000081e00000|  0%| F|  |TAMS 0x0000000081d00000, 0x0000000081d00000| Untracked 
|  30|0x0000000081e00000, 0x0000000081e00000, 0x0000000081f00000|  0%| F|  |TAMS 0x0000000081e00000, 0x0000000081e00000| Untracked 
|  31|0x0000000081f00000, 0x0000000081f00000, 0x0000000082000000|  0%| F|  |TAMS 0x0000000081f00000, 0x0000000081f00000| Untracked 
|  32|0x0000000082000000, 0x0000000082000000, 0x0000000082100000|  0%| F|  |TAMS 0x0000000082000000, 0x0000000082000000| Untracked 
|  33|0x0000000082100000, 0x0000000082100000, 0x0000000082200000|  0%| F|  |TAMS 0x0000000082100000, 0x0000000082100000| Untracked 
|  34|0x0000000082200000, 0x0000000082200000, 0x0000000082300000|  0%| F|  |TAMS 0x0000000082200000, 0x0000000082200000| Untracked 
|  35|0x0000000082300000, 0x0000000082300000, 0x0000000082400000|  0%| F|  |TAMS 0x0000000082300000, 0x0000000082300000| Untracked 
|  36|0x0000000082400000, 0x0000000082400000, 0x0000000082500000|  0%| F|  |TAMS 0x0000000082400000, 0x0000000082400000| Untracked 
|  37|0x0000000082500000, 0x0000000082500000, 0x0000000082600000|  0%| F|  |TAMS 0x0000000082500000, 0x0000000082500000| Untracked 
|  38|0x0000000082600000, 0x0000000082600000, 0x0000000082700000|  0%| F|  |TAMS 0x0000000082600000, 0x0000000082600000| Untracked 
|  39|0x0000000082700000, 0x0000000082700000, 0x0000000082800000|  0%| F|  |TAMS 0x0000000082700000, 0x0000000082700000| Untracked 
|  40|0x0000000082800000, 0x0000000082800000, 0x0000000082900000|  0%| F|  |TAMS 0x0000000082800000, 0x0000000082800000| Untracked 
|  41|0x0000000082900000, 0x0000000082900000, 0x0000000082a00000|  0%| F|  |TAMS 0x0000000082900000, 0x0000000082900000| Untracked 
|  42|0x0000000082a00000, 0x0000000082a00000, 0x0000000082b00000|  0%| F|  |TAMS 0x0000000082a00000, 0x0000000082a00000| Untracked 
|  43|0x0000000082b00000, 0x0000000082b00000, 0x0000000082c00000|  0%| F|  |TAMS 0x0000000082b00000, 0x0000000082b00000| Untracked 
|  44|0x0000000082c00000, 0x0000000082c00000, 0x0000000082d00000|  0%| F|  |TAMS 0x0000000082c00000, 0x0000000082c00000| Untracked 
|  45|0x0000000082d00000, 0x0000000082d00000, 0x0000000082e00000|  0%| F|  |TAMS 0x0000000082d00000, 0x0000000082d00000| Untracked 
|  46|0x0000000082e00000, 0x0000000082e00000, 0x0000000082f00000|  0%| F|  |TAMS 0x0000000082e00000, 0x0000000082e00000| Untracked 
|  47|0x0000000082f00000, 0x0000000082f00000, 0x0000000083000000|  0%| F|  |TAMS 0x0000000082f00000, 0x0000000082f00000| Untracked 
|  48|0x0000000083000000, 0x0000000083000000, 0x0000000083100000|  0%| F|  |TAMS 0x0000000083000000, 0x0000000083000000| Untracked 
|  49|0x0000000083100000, 0x0000000083100000, 0x0000000083200000|  0%| F|  |TAMS 0x0000000083100000, 0x0000000083100000| Untracked 
|  50|0x0000000083200000, 0x0000000083200000, 0x0000000083300000|  0%| F|  |TAMS 0x0000000083200000, 0x0000000083200000| Untracked 
|  51|0x0000000083300000, 0x0000000083300000, 0x0000000083400000|  0%| F|  |TAMS 0x0000000083300000, 0x0000000083300000| Untracked 
|  52|0x0000000083400000, 0x0000000083400000, 0x0000000083500000|  0%| F|  |TAMS 0x0000000083400000, 0x0000000083400000| Untracked 
|  53|0x0000000083500000, 0x0000000083500000, 0x0000000083600000|  0%| F|  |TAMS 0x0000000083500000, 0x0000000083500000| Untracked 
|  54|0x0000000083600000, 0x0000000083600000, 0x0000000083700000|  0%| F|  |TAMS 0x0000000083600000, 0x0000000083600000| Untracked 
|  55|0x0000000083700000, 0x0000000083700000, 0x0000000083800000|  0%| F|  |TAMS 0x0000000083700000, 0x0000000083700000| Untracked 
|  56|0x0000000083800000, 0x0000000083800000, 0x0000000083900000|  0%| F|  |TAMS 0x0000000083800000, 0x0000000083800000| Untracked 
|  57|0x0000000083900000, 0x0000000083900000, 0x0000000083a00000|  0%| F|  |TAMS 0x0000000083900000, 0x0000000083900000| Untracked 
|  58|0x0000000083a00000, 0x0000000083a00000, 0x0000000083b00000|  0%| F|  |TAMS 0x0000000083a00000, 0x0000000083a00000| Untracked 
|  59|0x0000000083b00000, 0x0000000083b00000, 0x0000000083c00000|  0%| F|  |TAMS 0x0000000083b00000, 0x0000000083b00000| Untracked 
|  60|0x0000000083c00000, 0x0000000083c00000, 0x0000000083d00000|  0%| F|  |TAMS 0x0000000083c00000, 0x0000000083c00000| Untracked 
|  61|0x0000000083d00000, 0x0000000083d00000, 0x0000000083e00000|  0%| F|  |TAMS 0x0000000083d00000, 0x0000000083d00000| Untracked 
|  62|0x0000000083e00000, 0x0000000083e00000, 0x0000000083f00000|  0%| F|  |TAMS 0x0000000083e00000, 0x0000000083e00000| Untracked 
|  63|0x0000000083f00000, 0x0000000083f00000, 0x0000000084000000|  0%| F|  |TAMS 0x0000000083f00000, 0x0000000083f00000| Untracked 
|  64|0x0000000084000000, 0x0000000084000000, 0x0000000084100000|  0%| F|  |TAMS 0x0000000084000000, 0x0000000084000000| Untracked 
|  65|0x0000000084100000, 0x0000000084100000, 0x0000000084200000|  0%| F|  |TAMS 0x0000000084100000, 0x0000000084100000| Untracked 
|  66|0x0000000084200000, 0x0000000084200000, 0x0000000084300000|  0%| F|  |TAMS 0x0000000084200000, 0x0000000084200000| Untracked 
|  67|0x0000000084300000, 0x0000000084300000, 0x0000000084400000|  0%| F|  |TAMS 0x0000000084300000, 0x0000000084300000| Untracked 
|  68|0x0000000084400000, 0x0000000084400000, 0x0000000084500000|  0%| F|  |TAMS 0x0000000084400000, 0x0000000084400000| Untracked 
|  69|0x0000000084500000, 0x0000000084500000, 0x0000000084600000|  0%| F|  |TAMS 0x0000000084500000, 0x0000000084500000| Untracked 
|  70|0x0000000084600000, 0x0000000084600000, 0x0000000084700000|  0%| F|  |TAMS 0x0000000084600000, 0x0000000084600000| Untracked 
|  71|0x0000000084700000, 0x0000000084700000, 0x0000000084800000|  0%| F|  |TAMS 0x0000000084700000, 0x0000000084700000| Untracked 
|  72|0x0000000084800000, 0x0000000084800000, 0x0000000084900000|  0%| F|  |TAMS 0x0000000084800000, 0x0000000084800000| Untracked 
|  73|0x0000000084900000, 0x0000000084900000, 0x0000000084a00000|  0%| F|  |TAMS 0x0000000084900000, 0x0000000084900000| Untracked 
|  74|0x0000000084a00000, 0x0000000084a00000, 0x0000000084b00000|  0%| F|  |TAMS 0x0000000084a00000, 0x0000000084a00000| Untracked 
|  75|0x0000000084b00000, 0x0000000084b00000, 0x0000000084c00000|  0%| F|  |TAMS 0x0000000084b00000, 0x0000000084b00000| Untracked 
|  76|0x0000000084c00000, 0x0000000084c00000, 0x0000000084d00000|  0%| F|  |TAMS 0x0000000084c00000, 0x0000000084c00000| Untracked 
|  77|0x0000000084d00000, 0x0000000084d00000, 0x0000000084e00000|  0%| F|  |TAMS 0x0000000084d00000, 0x0000000084d00000| Untracked 
|  78|0x0000000084e00000, 0x0000000084e00000, 0x0000000084f00000|  0%| F|  |TAMS 0x0000000084e00000, 0x0000000084e00000| Untracked 
|  79|0x0000000084f00000, 0x0000000084f00000, 0x0000000085000000|  0%| F|  |TAMS 0x0000000084f00000, 0x0000000084f00000| Untracked 
|  80|0x0000000085000000, 0x0000000085000000, 0x0000000085100000|  0%| F|  |TAMS 0x0000000085000000, 0x0000000085000000| Untracked 
|  81|0x0000000085100000, 0x0000000085100000, 0x0000000085200000|  0%| F|  |TAMS 0x0000000085100000, 0x0000000085100000| Untracked 
|  82|0x0000000085200000, 0x0000000085200000, 0x0000000085300000|  0%| F|  |TAMS 0x0000000085200000, 0x0000000085200000| Untracked 
|  83|0x0000000085300000, 0x0000000085300000, 0x0000000085400000|  0%| F|  |TAMS 0x0000000085300000, 0x0000000085300000| Untracked 
|  84|0x0000000085400000, 0x0000000085400000, 0x0000000085500000|  0%| F|  |TAMS 0x0000000085400000, 0x0000000085400000| Untracked 
|  85|0x0000000085500000, 0x0000000085500000, 0x0000000085600000|  0%| F|  |TAMS 0x0000000085500000, 0x0000000085500000| Untracked 
|  86|0x0000000085600000, 0x0000000085600000, 0x0000000085700000|  0%| F|  |TAMS 0x0000000085600000, 0x0000000085600000| Untracked 
|  87|0x0000000085700000, 0x0000000085700000, 0x0000000085800000|  0%| F|  |TAMS 0x0000000085700000, 0x0000000085700000| Untracked 
|  88|0x0000000085800000, 0x0000000085800000, 0x0000000085900000|  0%| F|  |TAMS 0x0000000085800000, 0x0000000085800000| Untracked 
|  89|0x0000000085900000, 0x0000000085900000, 0x0000000085a00000|  0%| F|  |TAMS 0x0000000085900000, 0x0000000085900000| Untracked 
|  90|0x0000000085a00000, 0x0000000085a00000, 0x0000000085b00000|  0%| F|  |TAMS 0x0000000085a00000, 0x0000000085a00000| Untracked 
|  91|0x0000000085b00000, 0x0000000085b00000, 0x0000000085c00000|  0%| F|  |TAMS 0x0000000085b00000, 0x0000000085b00000| Untracked 
|  92|0x0000000085c00000, 0x0000000085c00000, 0x0000000085d00000|  0%| F|  |TAMS 0x0000000085c00000, 0x0000000085c00000| Untracked 
|  93|0x0000000085d00000, 0x0000000085d00000, 0x0000000085e00000|  0%| F|  |TAMS 0x0000000085d00000, 0x0000000085d00000| Untracked 
|  94|0x0000000085e00000, 0x0000000085e00000, 0x0000000085f00000|  0%| F|  |TAMS 0x0000000085e00000, 0x0000000085e00000| Untracked 
|  95|0x0000000085f00000, 0x0000000085f00000, 0x0000000086000000|  0%| F|  |TAMS 0x0000000085f00000, 0x0000000085f00000| Untracked 
|  96|0x0000000086000000, 0x0000000086000000, 0x0000000086100000|  0%| F|  |TAMS 0x0000000086000000, 0x0000000086000000| Untracked 
|  97|0x0000000086100000, 0x0000000086100000, 0x0000000086200000|  0%| F|  |TAMS 0x0000000086100000, 0x0000000086100000| Untracked 
|  98|0x0000000086200000, 0x0000000086200000, 0x0000000086300000|  0%| F|  |TAMS 0x0000000086200000, 0x0000000086200000| Untracked 
|  99|0x0000000086300000, 0x0000000086300000, 0x0000000086400000|  0%| F|  |TAMS 0x0000000086300000, 0x0000000086300000| Untracked 
| 100|0x0000000086400000, 0x0000000086400000, 0x0000000086500000|  0%| F|  |TAMS 0x0000000086400000, 0x0000000086400000| Untracked 
| 101|0x0000000086500000, 0x0000000086500000, 0x0000000086600000|  0%| F|  |TAMS 0x0000000086500000, 0x0000000086500000| Untracked 
| 102|0x0000000086600000, 0x0000000086600000, 0x0000000086700000|  0%| F|  |TAMS 0x0000000086600000, 0x0000000086600000| Untracked 
| 103|0x0000000086700000, 0x0000000086700000, 0x0000000086800000|  0%| F|  |TAMS 0x0000000086700000, 0x0000000086700000| Untracked 
| 104|0x0000000086800000, 0x0000000086800000, 0x0000000086900000|  0%| F|  |TAMS 0x0000000086800000, 0x0000000086800000| Untracked 
| 105|0x0000000086900000, 0x00000000869bd620, 0x0000000086a00000| 73%| S|CS|TAMS 0x0000000086900000, 0x0000000086900000| Complete 
| 106|0x0000000086a00000, 0x0000000086b00000, 0x0000000086b00000|100%| S|CS|TAMS 0x0000000086a00000, 0x0000000086a00000| Complete 
| 107|0x0000000086b00000, 0x0000000086c00000, 0x0000000086c00000|100%| S|CS|TAMS 0x0000000086b00000, 0x0000000086b00000| Complete 
| 108|0x0000000086c00000, 0x0000000086d00000, 0x0000000086d00000|100%| S|CS|TAMS 0x0000000086c00000, 0x0000000086c00000| Complete 
| 109|0x0000000086d00000, 0x0000000086e00000, 0x0000000086e00000|100%| S|CS|TAMS 0x0000000086d00000, 0x0000000086d00000| Complete 
| 110|0x0000000086e00000, 0x0000000086f00000, 0x0000000086f00000|100%| S|CS|TAMS 0x0000000086e00000, 0x0000000086e00000| Complete 
| 111|0x0000000086f00000, 0x0000000087000000, 0x0000000087000000|100%| S|CS|TAMS 0x0000000086f00000, 0x0000000086f00000| Complete 
| 112|0x0000000087000000, 0x0000000087100000, 0x0000000087100000|100%| S|CS|TAMS 0x0000000087000000, 0x0000000087000000| Complete 
| 113|0x0000000087100000, 0x0000000087200000, 0x0000000087200000|100%| S|CS|TAMS 0x0000000087100000, 0x0000000087100000| Complete 
| 114|0x0000000087200000, 0x0000000087300000, 0x0000000087300000|100%| S|CS|TAMS 0x0000000087200000, 0x0000000087200000| Complete 
| 115|0x0000000087300000, 0x0000000087400000, 0x0000000087400000|100%| S|CS|TAMS 0x0000000087300000, 0x0000000087300000| Complete 
| 116|0x0000000087400000, 0x0000000087500000, 0x0000000087500000|100%| S|CS|TAMS 0x0000000087400000, 0x0000000087400000| Complete 
| 117|0x0000000087500000, 0x0000000087600000, 0x0000000087600000|100%| S|CS|TAMS 0x0000000087500000, 0x0000000087500000| Complete 
| 118|0x0000000087600000, 0x0000000087700000, 0x0000000087700000|100%| S|CS|TAMS 0x0000000087600000, 0x0000000087600000| Complete 
| 119|0x0000000087700000, 0x0000000087700000, 0x0000000087800000|  0%| F|  |TAMS 0x0000000087700000, 0x0000000087700000| Untracked 
| 120|0x0000000087800000, 0x0000000087800000, 0x0000000087900000|  0%| F|  |TAMS 0x0000000087800000, 0x0000000087800000| Untracked 
| 121|0x0000000087900000, 0x0000000087900000, 0x0000000087a00000|  0%| F|  |TAMS 0x0000000087900000, 0x0000000087900000| Untracked 
| 122|0x0000000087a00000, 0x0000000087a00000, 0x0000000087b00000|  0%| F|  |TAMS 0x0000000087a00000, 0x0000000087a00000| Untracked 
| 123|0x0000000087b00000, 0x0000000087b00000, 0x0000000087c00000|  0%| F|  |TAMS 0x0000000087b00000, 0x0000000087b00000| Untracked 
| 124|0x0000000087c00000, 0x0000000087c00000, 0x0000000087d00000|  0%| F|  |TAMS 0x0000000087c00000, 0x0000000087c00000| Untracked 
| 125|0x0000000087d00000, 0x0000000087d00000, 0x0000000087e00000|  0%| F|  |TAMS 0x0000000087d00000, 0x0000000087d00000| Untracked 
| 126|0x0000000087e00000, 0x0000000087e00000, 0x0000000087f00000|  0%| F|  |TAMS 0x0000000087e00000, 0x0000000087e00000| Untracked 
| 127|0x0000000087f00000, 0x0000000087f00000, 0x0000000088000000|  0%| F|  |TAMS 0x0000000087f00000, 0x0000000087f00000| Untracked 
| 128|0x0000000088000000, 0x0000000088000000, 0x0000000088100000|  0%| F|  |TAMS 0x0000000088000000, 0x0000000088000000| Untracked 
| 129|0x0000000088100000, 0x0000000088100000, 0x0000000088200000|  0%| F|  |TAMS 0x0000000088100000, 0x0000000088100000| Untracked 
| 130|0x0000000088200000, 0x0000000088200000, 0x0000000088300000|  0%| F|  |TAMS 0x0000000088200000, 0x0000000088200000| Untracked 
| 131|0x0000000088300000, 0x0000000088300000, 0x0000000088400000|  0%| F|  |TAMS 0x0000000088300000, 0x0000000088300000| Untracked 
| 132|0x0000000088400000, 0x0000000088400000, 0x0000000088500000|  0%| F|  |TAMS 0x0000000088400000, 0x0000000088400000| Untracked 
| 133|0x0000000088500000, 0x0000000088500000, 0x0000000088600000|  0%| F|  |TAMS 0x0000000088500000, 0x0000000088500000| Untracked 
| 134|0x0000000088600000, 0x0000000088600000, 0x0000000088700000|  0%| F|  |TAMS 0x0000000088600000, 0x0000000088600000| Untracked 
| 135|0x0000000088700000, 0x0000000088700000, 0x0000000088800000|  0%| F|  |TAMS 0x0000000088700000, 0x0000000088700000| Untracked 
| 136|0x0000000088800000, 0x0000000088800000, 0x0000000088900000|  0%| F|  |TAMS 0x0000000088800000, 0x0000000088800000| Untracked 
| 137|0x0000000088900000, 0x0000000088900000, 0x0000000088a00000|  0%| F|  |TAMS 0x0000000088900000, 0x0000000088900000| Untracked 
| 138|0x0000000088a00000, 0x0000000088a00000, 0x0000000088b00000|  0%| F|  |TAMS 0x0000000088a00000, 0x0000000088a00000| Untracked 
| 139|0x0000000088b00000, 0x0000000088b00000, 0x0000000088c00000|  0%| F|  |TAMS 0x0000000088b00000, 0x0000000088b00000| Untracked 
| 140|0x0000000088c00000, 0x0000000088c00000, 0x0000000088d00000|  0%| F|  |TAMS 0x0000000088c00000, 0x0000000088c00000| Untracked 
| 141|0x0000000088d00000, 0x0000000088d00000, 0x0000000088e00000|  0%| F|  |TAMS 0x0000000088d00000, 0x0000000088d00000| Untracked 
| 142|0x0000000088e00000, 0x0000000088e00000, 0x0000000088f00000|  0%| F|  |TAMS 0x0000000088e00000, 0x0000000088e00000| Untracked 
| 143|0x0000000088f00000, 0x0000000088f00000, 0x0000000089000000|  0%| F|  |TAMS 0x0000000088f00000, 0x0000000088f00000| Untracked 
| 144|0x0000000089000000, 0x0000000089000000, 0x0000000089100000|  0%| F|  |TAMS 0x0000000089000000, 0x0000000089000000| Untracked 
| 145|0x0000000089100000, 0x0000000089100000, 0x0000000089200000|  0%| F|  |TAMS 0x0000000089100000, 0x0000000089100000| Untracked 
| 146|0x0000000089200000, 0x0000000089200000, 0x0000000089300000|  0%| F|  |TAMS 0x0000000089200000, 0x0000000089200000| Untracked 
| 147|0x0000000089300000, 0x0000000089300000, 0x0000000089400000|  0%| F|  |TAMS 0x0000000089300000, 0x0000000089300000| Untracked 
| 148|0x0000000089400000, 0x0000000089400000, 0x0000000089500000|  0%| F|  |TAMS 0x0000000089400000, 0x0000000089400000| Untracked 
| 149|0x0000000089500000, 0x0000000089500000, 0x0000000089600000|  0%| F|  |TAMS 0x0000000089500000, 0x0000000089500000| Untracked 
| 150|0x0000000089600000, 0x0000000089600000, 0x0000000089700000|  0%| F|  |TAMS 0x0000000089600000, 0x0000000089600000| Untracked 
| 151|0x0000000089700000, 0x0000000089700000, 0x0000000089800000|  0%| F|  |TAMS 0x0000000089700000, 0x0000000089700000| Untracked 
| 152|0x0000000089800000, 0x0000000089800000, 0x0000000089900000|  0%| F|  |TAMS 0x0000000089800000, 0x0000000089800000| Untracked 
| 153|0x0000000089900000, 0x0000000089900000, 0x0000000089a00000|  0%| F|  |TAMS 0x0000000089900000, 0x0000000089900000| Untracked 
| 154|0x0000000089a00000, 0x0000000089a00000, 0x0000000089b00000|  0%| F|  |TAMS 0x0000000089a00000, 0x0000000089a00000| Untracked 
| 155|0x0000000089b00000, 0x0000000089b00000, 0x0000000089c00000|  0%| F|  |TAMS 0x0000000089b00000, 0x0000000089b00000| Untracked 
| 156|0x0000000089c00000, 0x0000000089c00000, 0x0000000089d00000|  0%| F|  |TAMS 0x0000000089c00000, 0x0000000089c00000| Untracked 
| 157|0x0000000089d00000, 0x0000000089d00000, 0x0000000089e00000|  0%| F|  |TAMS 0x0000000089d00000, 0x0000000089d00000| Untracked 
| 158|0x0000000089e00000, 0x0000000089e00000, 0x0000000089f00000|  0%| F|  |TAMS 0x0000000089e00000, 0x0000000089e00000| Untracked 
| 159|0x0000000089f00000, 0x0000000089f00000, 0x000000008a000000|  0%| F|  |TAMS 0x0000000089f00000, 0x0000000089f00000| Untracked 
| 160|0x000000008a000000, 0x000000008a000000, 0x000000008a100000|  0%| F|  |TAMS 0x000000008a000000, 0x000000008a000000| Untracked 
| 161|0x000000008a100000, 0x000000008a100000, 0x000000008a200000|  0%| F|  |TAMS 0x000000008a100000, 0x000000008a100000| Untracked 
| 162|0x000000008a200000, 0x000000008a200000, 0x000000008a300000|  0%| F|  |TAMS 0x000000008a200000, 0x000000008a200000| Untracked 
| 163|0x000000008a300000, 0x000000008a300000, 0x000000008a400000|  0%| F|  |TAMS 0x000000008a300000, 0x000000008a300000| Untracked 
| 164|0x000000008a400000, 0x000000008a400000, 0x000000008a500000|  0%| F|  |TAMS 0x000000008a400000, 0x000000008a400000| Untracked 
| 165|0x000000008a500000, 0x000000008a500000, 0x000000008a600000|  0%| F|  |TAMS 0x000000008a500000, 0x000000008a500000| Untracked 
| 166|0x000000008a600000, 0x000000008a600000, 0x000000008a700000|  0%| F|  |TAMS 0x000000008a600000, 0x000000008a600000| Untracked 
| 167|0x000000008a700000, 0x000000008a700000, 0x000000008a800000|  0%| F|  |TAMS 0x000000008a700000, 0x000000008a700000| Untracked 
| 168|0x000000008a800000, 0x000000008a800000, 0x000000008a900000|  0%| F|  |TAMS 0x000000008a800000, 0x000000008a800000| Untracked 
| 169|0x000000008a900000, 0x000000008a900000, 0x000000008aa00000|  0%| F|  |TAMS 0x000000008a900000, 0x000000008a900000| Untracked 
| 170|0x000000008aa00000, 0x000000008aa00000, 0x000000008ab00000|  0%| F|  |TAMS 0x000000008aa00000, 0x000000008aa00000| Untracked 
| 171|0x000000008ab00000, 0x000000008ab00000, 0x000000008ac00000|  0%| F|  |TAMS 0x000000008ab00000, 0x000000008ab00000| Untracked 
| 172|0x000000008ac00000, 0x000000008ac00000, 0x000000008ad00000|  0%| F|  |TAMS 0x000000008ac00000, 0x000000008ac00000| Untracked 
| 173|0x000000008ad00000, 0x000000008ad00000, 0x000000008ae00000|  0%| F|  |TAMS 0x000000008ad00000, 0x000000008ad00000| Untracked 
| 174|0x000000008ae00000, 0x000000008ae00000, 0x000000008af00000|  0%| F|  |TAMS 0x000000008ae00000, 0x000000008ae00000| Untracked 
| 175|0x000000008af00000, 0x000000008af00000, 0x000000008b000000|  0%| F|  |TAMS 0x000000008af00000, 0x000000008af00000| Untracked 
| 176|0x000000008b000000, 0x000000008b000000, 0x000000008b100000|  0%| F|  |TAMS 0x000000008b000000, 0x000000008b000000| Untracked 
| 177|0x000000008b100000, 0x000000008b100000, 0x000000008b200000|  0%| F|  |TAMS 0x000000008b100000, 0x000000008b100000| Untracked 
| 178|0x000000008b200000, 0x000000008b200000, 0x000000008b300000|  0%| F|  |TAMS 0x000000008b200000, 0x000000008b200000| Untracked 
| 179|0x000000008b300000, 0x000000008b300000, 0x000000008b400000|  0%| F|  |TAMS 0x000000008b300000, 0x000000008b300000| Untracked 
| 180|0x000000008b400000, 0x000000008b400000, 0x000000008b500000|  0%| F|  |TAMS 0x000000008b400000, 0x000000008b400000| Untracked 
| 181|0x000000008b500000, 0x000000008b500000, 0x000000008b600000|  0%| F|  |TAMS 0x000000008b500000, 0x000000008b500000| Untracked 
| 182|0x000000008b600000, 0x000000008b600000, 0x000000008b700000|  0%| F|  |TAMS 0x000000008b600000, 0x000000008b600000| Untracked 
| 183|0x000000008b700000, 0x000000008b700000, 0x000000008b800000|  0%| F|  |TAMS 0x000000008b700000, 0x000000008b700000| Untracked 
| 184|0x000000008b800000, 0x000000008b800000, 0x000000008b900000|  0%| F|  |TAMS 0x000000008b800000, 0x000000008b800000| Untracked 
| 185|0x000000008b900000, 0x000000008b900000, 0x000000008ba00000|  0%| F|  |TAMS 0x000000008b900000, 0x000000008b900000| Untracked 
| 186|0x000000008ba00000, 0x000000008ba00000, 0x000000008bb00000|  0%| F|  |TAMS 0x000000008ba00000, 0x000000008ba00000| Untracked 
| 187|0x000000008bb00000, 0x000000008bb00000, 0x000000008bc00000|  0%| F|  |TAMS 0x000000008bb00000, 0x000000008bb00000| Untracked 
| 188|0x000000008bc00000, 0x000000008bc00000, 0x000000008bd00000|  0%| F|  |TAMS 0x000000008bc00000, 0x000000008bc00000| Untracked 
| 189|0x000000008bd00000, 0x000000008bd00000, 0x000000008be00000|  0%| F|  |TAMS 0x000000008bd00000, 0x000000008bd00000| Untracked 
| 190|0x000000008be00000, 0x000000008be00000, 0x000000008bf00000|  0%| F|  |TAMS 0x000000008be00000, 0x000000008be00000| Untracked 
| 191|0x000000008bf00000, 0x000000008bf00000, 0x000000008c000000|  0%| F|  |TAMS 0x000000008bf00000, 0x000000008bf00000| Untracked 
| 192|0x000000008c000000, 0x000000008c000000, 0x000000008c100000|  0%| F|  |TAMS 0x000000008c000000, 0x000000008c000000| Untracked 
| 193|0x000000008c100000, 0x000000008c100000, 0x000000008c200000|  0%| F|  |TAMS 0x000000008c100000, 0x000000008c100000| Untracked 
| 194|0x000000008c200000, 0x000000008c200000, 0x000000008c300000|  0%| F|  |TAMS 0x000000008c200000, 0x000000008c200000| Untracked 
| 195|0x000000008c300000, 0x000000008c381c10, 0x000000008c400000| 50%| E|  |TAMS 0x000000008c300000, 0x000000008c300000| Complete 
| 196|0x000000008c400000, 0x000000008c500000, 0x000000008c500000|100%| E|CS|TAMS 0x000000008c400000, 0x000000008c400000| Complete 
| 197|0x000000008c500000, 0x000000008c600000, 0x000000008c600000|100%| E|CS|TAMS 0x000000008c500000, 0x000000008c500000| Complete 
| 198|0x000000008c600000, 0x000000008c700000, 0x000000008c700000|100%| E|CS|TAMS 0x000000008c600000, 0x000000008c600000| Complete 
| 199|0x000000008c700000, 0x000000008c800000, 0x000000008c800000|100%| E|CS|TAMS 0x000000008c700000, 0x000000008c700000| Complete 
| 200|0x000000008c800000, 0x000000008c900000, 0x000000008c900000|100%| E|CS|TAMS 0x000000008c800000, 0x000000008c800000| Complete 
| 201|0x000000008c900000, 0x000000008ca00000, 0x000000008ca00000|100%| E|CS|TAMS 0x000000008c900000, 0x000000008c900000| Complete 
| 202|0x000000008ca00000, 0x000000008cb00000, 0x000000008cb00000|100%| E|CS|TAMS 0x000000008ca00000, 0x000000008ca00000| Complete 
| 203|0x000000008cb00000, 0x000000008cc00000, 0x000000008cc00000|100%| E|CS|TAMS 0x000000008cb00000, 0x000000008cb00000| Complete 
| 204|0x000000008cc00000, 0x000000008cd00000, 0x000000008cd00000|100%| E|  |TAMS 0x000000008cc00000, 0x000000008cc00000| Complete 
| 205|0x000000008cd00000, 0x000000008ce00000, 0x000000008ce00000|100%| E|CS|TAMS 0x000000008cd00000, 0x000000008cd00000| Complete 
| 206|0x000000008ce00000, 0x000000008cf00000, 0x000000008cf00000|100%| E|CS|TAMS 0x000000008ce00000, 0x000000008ce00000| Complete 
| 207|0x000000008cf00000, 0x000000008d000000, 0x000000008d000000|100%| E|CS|TAMS 0x000000008cf00000, 0x000000008cf00000| Complete 
| 208|0x000000008d000000, 0x000000008d100000, 0x000000008d100000|100%| E|CS|TAMS 0x000000008d000000, 0x000000008d000000| Complete 
| 209|0x000000008d100000, 0x000000008d200000, 0x000000008d200000|100%| E|CS|TAMS 0x000000008d100000, 0x000000008d100000| Complete 
| 210|0x000000008d200000, 0x000000008d300000, 0x000000008d300000|100%| E|CS|TAMS 0x000000008d200000, 0x000000008d200000| Complete 
| 211|0x000000008d300000, 0x000000008d400000, 0x000000008d400000|100%| E|CS|TAMS 0x000000008d300000, 0x000000008d300000| Complete 
| 212|0x000000008d400000, 0x000000008d500000, 0x000000008d500000|100%| E|CS|TAMS 0x000000008d400000, 0x000000008d400000| Complete 
| 213|0x000000008d500000, 0x000000008d600000, 0x000000008d600000|100%| E|CS|TAMS 0x000000008d500000, 0x000000008d500000| Complete 
| 214|0x000000008d600000, 0x000000008d700000, 0x000000008d700000|100%| E|CS|TAMS 0x000000008d600000, 0x000000008d600000| Complete 
| 215|0x000000008d700000, 0x000000008d800000, 0x000000008d800000|100%| E|CS|TAMS 0x000000008d700000, 0x000000008d700000| Complete 
| 216|0x000000008d800000, 0x000000008d900000, 0x000000008d900000|100%| E|CS|TAMS 0x000000008d800000, 0x000000008d800000| Complete 
| 217|0x000000008d900000, 0x000000008da00000, 0x000000008da00000|100%| E|CS|TAMS 0x000000008d900000, 0x000000008d900000| Complete 
| 218|0x000000008da00000, 0x000000008db00000, 0x000000008db00000|100%| E|CS|TAMS 0x000000008da00000, 0x000000008da00000| Complete 
| 219|0x000000008db00000, 0x000000008dc00000, 0x000000008dc00000|100%| E|CS|TAMS 0x000000008db00000, 0x000000008db00000| Complete 
| 220|0x000000008dc00000, 0x000000008dd00000, 0x000000008dd00000|100%| E|CS|TAMS 0x000000008dc00000, 0x000000008dc00000| Complete 
| 221|0x000000008dd00000, 0x000000008de00000, 0x000000008de00000|100%| E|CS|TAMS 0x000000008dd00000, 0x000000008dd00000| Complete 
| 222|0x000000008de00000, 0x000000008df00000, 0x000000008df00000|100%| E|CS|TAMS 0x000000008de00000, 0x000000008de00000| Complete 
| 223|0x000000008df00000, 0x000000008e000000, 0x000000008e000000|100%| E|CS|TAMS 0x000000008df00000, 0x000000008df00000| Complete 
| 224|0x000000008e000000, 0x000000008e100000, 0x000000008e100000|100%| E|CS|TAMS 0x000000008e000000, 0x000000008e000000| Complete 
| 225|0x000000008e100000, 0x000000008e200000, 0x000000008e200000|100%| E|CS|TAMS 0x000000008e100000, 0x000000008e100000| Complete 
| 226|0x000000008e200000, 0x000000008e300000, 0x000000008e300000|100%| E|CS|TAMS 0x000000008e200000, 0x000000008e200000| Complete 
| 227|0x000000008e300000, 0x000000008e400000, 0x000000008e400000|100%| E|CS|TAMS 0x000000008e300000, 0x000000008e300000| Complete 
| 228|0x000000008e400000, 0x000000008e500000, 0x000000008e500000|100%| E|CS|TAMS 0x000000008e400000, 0x000000008e400000| Complete 
| 229|0x000000008e500000, 0x000000008e600000, 0x000000008e600000|100%| E|CS|TAMS 0x000000008e500000, 0x000000008e500000| Complete 
| 230|0x000000008e600000, 0x000000008e700000, 0x000000008e700000|100%| E|CS|TAMS 0x000000008e600000, 0x000000008e600000| Complete 
| 231|0x000000008e700000, 0x000000008e800000, 0x000000008e800000|100%| E|CS|TAMS 0x000000008e700000, 0x000000008e700000| Complete 
| 232|0x000000008e800000, 0x000000008e900000, 0x000000008e900000|100%| E|CS|TAMS 0x000000008e800000, 0x000000008e800000| Complete 
| 233|0x000000008e900000, 0x000000008ea00000, 0x000000008ea00000|100%| E|CS|TAMS 0x000000008e900000, 0x000000008e900000| Complete 
| 234|0x000000008ea00000, 0x000000008eb00000, 0x000000008eb00000|100%| E|CS|TAMS 0x000000008ea00000, 0x000000008ea00000| Complete 
| 235|0x000000008eb00000, 0x000000008ec00000, 0x000000008ec00000|100%| E|CS|TAMS 0x000000008eb00000, 0x000000008eb00000| Complete 
| 236|0x000000008ec00000, 0x000000008ed00000, 0x000000008ed00000|100%| E|CS|TAMS 0x000000008ec00000, 0x000000008ec00000| Complete 
| 237|0x000000008ed00000, 0x000000008ee00000, 0x000000008ee00000|100%| E|CS|TAMS 0x000000008ed00000, 0x000000008ed00000| Complete 
| 238|0x000000008ee00000, 0x000000008ef00000, 0x000000008ef00000|100%| E|CS|TAMS 0x000000008ee00000, 0x000000008ee00000| Complete 
| 239|0x000000008ef00000, 0x000000008f000000, 0x000000008f000000|100%| E|CS|TAMS 0x000000008ef00000, 0x000000008ef00000| Complete 
| 240|0x000000008f000000, 0x000000008f100000, 0x000000008f100000|100%| E|CS|TAMS 0x000000008f000000, 0x000000008f000000| Complete 
| 241|0x000000008f100000, 0x000000008f200000, 0x000000008f200000|100%| E|CS|TAMS 0x000000008f100000, 0x000000008f100000| Complete 
| 242|0x000000008f200000, 0x000000008f300000, 0x000000008f300000|100%| E|CS|TAMS 0x000000008f200000, 0x000000008f200000| Complete 
| 243|0x000000008f300000, 0x000000008f400000, 0x000000008f400000|100%| E|CS|TAMS 0x000000008f300000, 0x000000008f300000| Complete 
| 244|0x000000008f400000, 0x000000008f500000, 0x000000008f500000|100%| E|CS|TAMS 0x000000008f400000, 0x000000008f400000| Complete 
| 245|0x000000008f500000, 0x000000008f600000, 0x000000008f600000|100%| E|CS|TAMS 0x000000008f500000, 0x000000008f500000| Complete 
| 246|0x000000008f600000, 0x000000008f700000, 0x000000008f700000|100%| E|CS|TAMS 0x000000008f600000, 0x000000008f600000| Complete 
| 247|0x000000008f700000, 0x000000008f800000, 0x000000008f800000|100%| E|CS|TAMS 0x000000008f700000, 0x000000008f700000| Complete 
| 248|0x000000008f800000, 0x000000008f900000, 0x000000008f900000|100%| E|CS|TAMS 0x000000008f800000, 0x000000008f800000| Complete 
| 249|0x000000008f900000, 0x000000008fa00000, 0x000000008fa00000|100%| E|CS|TAMS 0x000000008f900000, 0x000000008f900000| Complete 
| 250|0x000000008fa00000, 0x000000008fb00000, 0x000000008fb00000|100%| E|CS|TAMS 0x000000008fa00000, 0x000000008fa00000| Complete 
| 251|0x000000008fb00000, 0x000000008fc00000, 0x000000008fc00000|100%| E|CS|TAMS 0x000000008fb00000, 0x000000008fb00000| Complete 
| 252|0x000000008fc00000, 0x000000008fd00000, 0x000000008fd00000|100%| E|CS|TAMS 0x000000008fc00000, 0x000000008fc00000| Complete 
| 253|0x000000008fd00000, 0x000000008fe00000, 0x000000008fe00000|100%| E|CS|TAMS 0x000000008fd00000, 0x000000008fd00000| Complete 
| 254|0x000000008fe00000, 0x000000008ff00000, 0x000000008ff00000|100%| E|CS|TAMS 0x000000008fe00000, 0x000000008fe00000| Complete 
| 255|0x000000008ff00000, 0x0000000090000000, 0x0000000090000000|100%| E|CS|TAMS 0x000000008ff00000, 0x000000008ff00000| Complete 

Card table byte_map: [0x0000022a6a950000,0x0000022a6ad50000] _byte_map_base: 0x0000022a6a550000

Marking Bits (Prev, Next): (CMBitMap*) 0x0000022a57a8f408, (CMBitMap*) 0x0000022a57a8f440
 Prev Bits: [0x0000022a6b150000, 0x0000022a6d150000)
 Next Bits: [0x0000022a6d150000, 0x0000022a6f150000)

Polling page: 0x0000022a55a70000

Metaspace:

Usage:
  Non-class:     41.93 MB capacity,    41.21 MB ( 98%) used,   605.73 KB (  1%) free+waste,   125.38 KB ( <1%) overhead. 
      Class:      6.46 MB capacity,     6.02 MB ( 93%) used,   389.16 KB (  6%) free+waste,    59.38 KB ( <1%) overhead. 
       Both:     48.38 MB capacity,    47.23 MB ( 98%) used,   994.89 KB (  2%) free+waste,   184.75 KB ( <1%) overhead. 

Virtual space:
  Non-class space:       42.00 MB reserved,      41.95 MB (>99%) committed 
      Class space:        1.00 GB reserved,       6.50 MB ( <1%) committed 
             Both:        1.04 GB reserved,      48.45 MB (  5%) committed 

Chunk freelists:
   Non-Class:  25.00 KB
       Class:  14.00 KB
        Both:  39.00 KB

MaxMetaspaceSize: 17179869184.00 GB
CompressedClassSpaceSize: 1.00 GB

CodeHeap 'non-profiled nmethods': size=120064Kb used=2999Kb max_used=2999Kb free=117064Kb
 bounds [0x0000022a63010000, 0x0000022a63300000, 0x0000022a6a550000]
CodeHeap 'profiled nmethods': size=120000Kb used=11063Kb max_used=11063Kb free=108936Kb
 bounds [0x0000022a5bae0000, 0x0000022a5c5b0000, 0x0000022a63010000]
CodeHeap 'non-nmethods': size=5696Kb used=2217Kb max_used=2253Kb free=3478Kb
 bounds [0x0000022a5b550000, 0x0000022a5b7c0000, 0x0000022a5bae0000]
 total_blobs=6218 nmethods=5429 adapters=700
 compilation: enabled
              stopped_count=0, restarted_count=0
 full_count=0

Compilation events (20 events):
Event: 8.796 Thread 0x0000022a71f25000 nmethod 5391 0x0000022a5c576b90 code [0x0000022a5c576e60, 0x0000022a5c577d98]
Event: 8.808 Thread 0x0000022a71f25000 5394   !   3       jdk.internal.loader.URLClassPath$JarLoader$1::run (175 bytes)
Event: 8.809 Thread 0x0000022a71f25000 nmethod 5394 0x0000022a5c578290 code [0x0000022a5c578580, 0x0000022a5c579678]
Event: 8.809 Thread 0x0000022a71f25000 5392       3       jdk.internal.loader.URLClassPath$JarLoader::<init> (67 bytes)
Event: 8.809 Thread 0x0000022a71f25000 nmethod 5392 0x0000022a5c579d90 code [0x0000022a5c57a060, 0x0000022a5c57ae38]
Event: 8.809 Thread 0x0000022a71f25000 5393       3       jdk.internal.loader.URLClassPath$JarLoader$1::run (5 bytes)
Event: 8.809 Thread 0x0000022a71f25000 nmethod 5393 0x0000022a5c57b310 code [0x0000022a5c57b4c0, 0x0000022a5c57b608]
Event: 8.809 Thread 0x0000022a71f25000 5395       3       jdk.internal.loader.URLClassPath$JarLoader::getJarFile (102 bytes)
Event: 8.810 Thread 0x0000022a71f25000 nmethod 5395 0x0000022a5c57b690 code [0x0000022a5c57b9a0, 0x0000022a5c57c7a8]
Event: 8.810 Thread 0x0000022a71f25000 5396       3       jdk.internal.loader.URLClassPath$JarLoader::isOptimizable (10 bytes)
Event: 8.810 Thread 0x0000022a71f25000 nmethod 5396 0x0000022a5c57cc90 code [0x0000022a5c57ce40, 0x0000022a5c57cf88]
Event: 8.828 Thread 0x0000022a71f1d800 5397 %     4       java.util.jar.JarFile::match @ 14 (132 bytes)
Event: 8.832 Thread 0x0000022a71f1d800 nmethod 5397% 0x0000022a632fa410 code [0x0000022a632fa5c0, 0x0000022a632fa998]
Event: 8.841 Thread 0x0000022a748aa000 5398       4       java.util.jar.JarFile::match (132 bytes)
Event: 8.846 Thread 0x0000022a748aa000 nmethod 5398 0x0000022a632fac90 code [0x0000022a632fae40, 0x0000022a632fb158]
Event: 8.856 Thread 0x0000022a71f1d800 5399       4       java.util.zip.ZipFile$Source::initCEN (658 bytes)
Event: 8.881 Thread 0x0000022a748aa000 5400       4       java.util.LinkedList::linkLast (59 bytes)
Event: 8.885 Thread 0x0000022a748aa000 nmethod 5400 0x0000022a632fb410 code [0x0000022a632fb5a0, 0x0000022a632fba78]
Event: 8.887 Thread 0x0000022a748aa000 5401       4       java.nio.HeapByteBuffer::ix (7 bytes)
Event: 8.887 Thread 0x0000022a748aa000 nmethod 5401 0x0000022a632fbb10 code [0x0000022a632fbca0, 0x0000022a632fbd18]

GC Heap History (16 events):
Event: 0.763 GC heap before
{Heap before GC invocations=0 (full 0):
 garbage-first heap   total 262144K, used 16384K [0x0000000080000000, 0x0000000100000000)
  region size 1024K, 14 young (14336K), 0 survivors (0K)
 Metaspace       used 6784K, capacity 7001K, committed 7168K, reserved 1056768K
  class space    used 585K, capacity 650K, committed 768K, reserved 1048576K
}
Event: 0.773 GC heap after
{Heap after GC invocations=1 (full 0):
 garbage-first heap   total 262144K, used 4761K [0x0000000080000000, 0x0000000100000000)
  region size 1024K, 2 young (2048K), 2 survivors (2048K)
 Metaspace       used 6784K, capacity 7001K, committed 7168K, reserved 1056768K
  class space    used 585K, capacity 650K, committed 768K, reserved 1048576K
}
Event: 1.023 GC heap before
{Heap before GC invocations=1 (full 0):
 garbage-first heap   total 262144K, used 18073K [0x0000000080000000, 0x0000000100000000)
  region size 1024K, 12 young (12288K), 2 survivors (2048K)
 Metaspace       used 10204K, capacity 10435K, committed 10624K, reserved 1058816K
  class space    used 1067K, capacity 1138K, committed 1152K, reserved 1048576K
}
Event: 1.025 GC heap after
{Heap after GC invocations=2 (full 0):
 garbage-first heap   total 262144K, used 9674K [0x0000000080000000, 0x0000000100000000)
  region size 1024K, 2 young (2048K), 2 survivors (2048K)
 Metaspace       used 10204K, capacity 10435K, committed 10624K, reserved 1058816K
  class space    used 1067K, capacity 1138K, committed 1152K, reserved 1048576K
}
Event: 1.792 GC heap before
{Heap before GC invocations=2 (full 0):
 garbage-first heap   total 262144K, used 37322K [0x0000000080000000, 0x0000000100000000)
  region size 1024K, 29 young (29696K), 2 survivors (2048K)
 Metaspace       used 11251K, capacity 11520K, committed 11776K, reserved 1060864K
  class space    used 1177K, capacity 1244K, committed 1280K, reserved 1048576K
}
Event: 1.794 GC heap after
{Heap after GC invocations=3 (full 0):
 garbage-first heap   total 262144K, used 10988K [0x0000000080000000, 0x0000000100000000)
  region size 1024K, 4 young (4096K), 4 survivors (4096K)
 Metaspace       used 11251K, capacity 11520K, committed 11776K, reserved 1060864K
  class space    used 1177K, capacity 1244K, committed 1280K, reserved 1048576K
}
Event: 3.390 GC heap before
{Heap before GC invocations=3 (full 0):
 garbage-first heap   total 262144K, used 53996K [0x0000000080000000, 0x0000000100000000)
  region size 1024K, 45 young (46080K), 4 survivors (4096K)
 Metaspace       used 17400K, capacity 17876K, committed 18048K, reserved 1064960K
  class space    used 2034K, capacity 2155K, committed 2176K, reserved 1048576K
}
Event: 3.395 GC heap after
{Heap after GC invocations=4 (full 0):
 garbage-first heap   total 262144K, used 15844K [0x0000000080000000, 0x0000000100000000)
  region size 1024K, 6 young (6144K), 6 survivors (6144K)
 Metaspace       used 17400K, capacity 17876K, committed 18048K, reserved 1064960K
  class space    used 2034K, capacity 2155K, committed 2176K, reserved 1048576K
}
Event: 3.659 GC heap before
{Heap before GC invocations=4 (full 0):
 garbage-first heap   total 262144K, used 46564K [0x0000000080000000, 0x0000000100000000)
  region size 1024K, 37 young (37888K), 6 survivors (6144K)
 Metaspace       used 20698K, capacity 21180K, committed 21296K, reserved 1069056K
  class space    used 2533K, capacity 2660K, committed 2688K, reserved 1048576K
}
Event: 3.666 GC heap after
{Heap after GC invocations=5 (full 0):
 garbage-first heap   total 262144K, used 17138K [0x0000000080000000, 0x0000000100000000)
  region size 1024K, 8 young (8192K), 8 survivors (8192K)
 Metaspace       used 20698K, capacity 21180K, committed 21296K, reserved 1069056K
  class space    used 2533K, capacity 2660K, committed 2688K, reserved 1048576K
}
Event: 4.652 GC heap before
{Heap before GC invocations=6 (full 0):
 garbage-first heap   total 262144K, used 80626K [0x0000000080000000, 0x0000000100000000)
  region size 1024K, 70 young (71680K), 8 survivors (8192K)
 Metaspace       used 26793K, capacity 27448K, committed 27648K, reserved 1073152K
  class space    used 3521K, capacity 3737K, committed 3840K, reserved 1048576K
}
Event: 4.658 GC heap after
{Heap after GC invocations=7 (full 0):
 garbage-first heap   total 262144K, used 19736K [0x0000000080000000, 0x0000000100000000)
  region size 1024K, 4 young (4096K), 4 survivors (4096K)
 Metaspace       used 26793K, capacity 27448K, committed 27648K, reserved 1073152K
  class space    used 3521K, capacity 3737K, committed 3840K, reserved 1048576K
}
Event: 5.538 GC heap before
{Heap before GC invocations=7 (full 0):
 garbage-first heap   total 262144K, used 68888K [0x0000000080000000, 0x0000000100000000)
  region size 1024K, 53 young (54272K), 4 survivors (4096K)
 Metaspace       used 35133K, capacity 35922K, committed 36048K, reserved 1081344K
  class space    used 4563K, capacity 4863K, committed 4864K, reserved 1048576K
}
Event: 5.546 GC heap after
{Heap after GC invocations=8 (full 0):
 garbage-first heap   total 262144K, used 22894K [0x0000000080000000, 0x0000000100000000)
  region size 1024K, 7 young (7168K), 7 survivors (7168K)
 Metaspace       used 35133K, capacity 35922K, committed 36048K, reserved 1081344K
  class space    used 4563K, capacity 4863K, committed 4864K, reserved 1048576K
}
Event: 7.932 GC heap before
{Heap before GC invocations=9 (full 0):
 garbage-first heap   total 262144K, used 159086K [0x0000000080000000, 0x0000000100000000)
  region size 1024K, 137 young (140288K), 7 survivors (7168K)
 Metaspace       used 46099K, capacity 47157K, committed 47312K, reserved 1089536K
  class space    used 5923K, capacity 6333K, committed 6400K, reserved 1048576K
}
Event: 7.952 GC heap after
{Heap after GC invocations=10 (full 0):
 garbage-first heap   total 262144K, used 30128K [0x0000000080000000, 0x0000000100000000)
  region size 1024K, 14 young (14336K), 14 survivors (14336K)
 Metaspace       used 46099K, capacity 47157K, committed 47312K, reserved 1089536K
  class space    used 5923K, capacity 6333K, committed 6400K, reserved 1048576K
}

Deoptimization events (20 events):
Event: 8.754 Thread 0x0000022a73977800 DEOPT PACKING pc=0x0000022a5bd64dda sp=0x00000066241f1740
Event: 8.754 Thread 0x0000022a73977800 DEOPT UNPACKING pc=0x0000022a5b576dde sp=0x00000066241f0bd8 mode 0
Event: 8.760 Thread 0x0000022a73977800 DEOPT PACKING pc=0x0000022a5c563daa sp=0x00000066241f1660
Event: 8.760 Thread 0x0000022a73977800 DEOPT UNPACKING pc=0x0000022a5b576dde sp=0x00000066241f0c50 mode 0
Event: 8.768 Thread 0x0000022a73977800 DEOPT PACKING pc=0x0000022a5c563daa sp=0x00000066241f1660
Event: 8.768 Thread 0x0000022a73977800 DEOPT UNPACKING pc=0x0000022a5b576dde sp=0x00000066241f0c50 mode 0
Event: 8.769 Thread 0x0000022a73977800 Uncommon trap: trap_request=0xffffff4d fr.pc=0x0000022a630712dc relative=0x00000000000012dc
Event: 8.769 Thread 0x0000022a73977800 Uncommon trap: reason=unstable_if action=reinterpret pc=0x0000022a630712dc method=java.util.jar.JarFile.checkForSpecialAttributes()V @ 53 c2
Event: 8.769 Thread 0x0000022a73977800 DEOPT PACKING pc=0x0000022a630712dc sp=0x00000066241f1be0
Event: 8.769 Thread 0x0000022a73977800 DEOPT UNPACKING pc=0x0000022a5b57662f sp=0x00000066241f1ba0 mode 2
Event: 8.797 Thread 0x0000022a73977800 DEOPT PACKING pc=0x0000022a5c563daa sp=0x00000066241f15d0
Event: 8.797 Thread 0x0000022a73977800 DEOPT UNPACKING pc=0x0000022a5b576dde sp=0x00000066241f0ba8 mode 0
Event: 8.820 Thread 0x0000022a73977800 DEOPT PACKING pc=0x0000022a5c563daa sp=0x00000066241f14a0
Event: 8.820 Thread 0x0000022a73977800 DEOPT UNPACKING pc=0x0000022a5b576dde sp=0x00000066241f0a78 mode 0
Event: 8.834 Thread 0x0000022a73977800 DEOPT PACKING pc=0x0000022a5c563daa sp=0x00000066241f14a0
Event: 8.835 Thread 0x0000022a73977800 DEOPT UNPACKING pc=0x0000022a5b576dde sp=0x00000066241f0a78 mode 0
Event: 8.841 Thread 0x0000022a73977800 DEOPT PACKING pc=0x0000022a5bbaa22e sp=0x00000066241f1ad0
Event: 8.841 Thread 0x0000022a73977800 DEOPT UNPACKING pc=0x0000022a5b576dde sp=0x00000066241f0f40 mode 0
Event: 8.856 Thread 0x0000022a73977800 DEOPT PACKING pc=0x0000022a5c563daa sp=0x00000066241f14a0
Event: 8.856 Thread 0x0000022a73977800 DEOPT UNPACKING pc=0x0000022a5b576dde sp=0x00000066241f0a78 mode 0

Classes redefined (0 events):
No events

Internal exceptions (20 events):
Event: 8.771 Thread 0x0000022a73977800 Exception <a 'java/security/PrivilegedActionException'{0x000000008ce97e48}> (0x000000008ce97e48) thrown at [./src/hotspot/share/prims/jvm.cpp, line 1306]
Event: 8.771 Thread 0x0000022a73977800 Exception <a 'java/security/PrivilegedActionException'{0x000000008ce99108}> (0x000000008ce99108) thrown at [./src/hotspot/share/prims/jvm.cpp, line 1306]
Event: 8.771 Thread 0x0000022a73977800 Exception <a 'java/security/PrivilegedActionException'{0x000000008ce9bd88}> (0x000000008ce9bd88) thrown at [./src/hotspot/share/prims/jvm.cpp, line 1306]
Event: 8.771 Thread 0x0000022a73977800 Exception <a 'java/security/PrivilegedActionException'{0x000000008ce9d048}> (0x000000008ce9d048) thrown at [./src/hotspot/share/prims/jvm.cpp, line 1306]
Event: 8.772 Thread 0x0000022a73977800 Exception <a 'java/security/PrivilegedActionException'{0x000000008ce9fcd0}> (0x000000008ce9fcd0) thrown at [./src/hotspot/share/prims/jvm.cpp, line 1306]
Event: 8.772 Thread 0x0000022a73977800 Exception <a 'java/security/PrivilegedActionException'{0x000000008cea0f90}> (0x000000008cea0f90) thrown at [./src/hotspot/share/prims/jvm.cpp, line 1306]
Event: 8.772 Thread 0x0000022a73977800 Exception <a 'java/security/PrivilegedActionException'{0x000000008cea3bb8}> (0x000000008cea3bb8) thrown at [./src/hotspot/share/prims/jvm.cpp, line 1306]
Event: 8.772 Thread 0x0000022a73977800 Exception <a 'java/security/PrivilegedActionException'{0x000000008cea4e78}> (0x000000008cea4e78) thrown at [./src/hotspot/share/prims/jvm.cpp, line 1306]
Event: 8.791 Thread 0x0000022a73977800 Exception <a 'java/security/PrivilegedActionException'{0x000000008cdaa818}> (0x000000008cdaa818) thrown at [./src/hotspot/share/prims/jvm.cpp, line 1306]
Event: 8.791 Thread 0x0000022a73977800 Exception <a 'java/security/PrivilegedActionException'{0x000000008cdabad8}> (0x000000008cdabad8) thrown at [./src/hotspot/share/prims/jvm.cpp, line 1306]
Event: 8.791 Thread 0x0000022a73977800 Exception <a 'java/security/PrivilegedActionException'{0x000000008cdae700}> (0x000000008cdae700) thrown at [./src/hotspot/share/prims/jvm.cpp, line 1306]
Event: 8.791 Thread 0x0000022a73977800 Exception <a 'java/security/PrivilegedActionException'{0x000000008cdaf9c0}> (0x000000008cdaf9c0) thrown at [./src/hotspot/share/prims/jvm.cpp, line 1306]
Event: 8.792 Thread 0x0000022a73977800 Exception <a 'java/security/PrivilegedActionException'{0x000000008cdb2698}> (0x000000008cdb2698) thrown at [./src/hotspot/share/prims/jvm.cpp, line 1306]
Event: 8.792 Thread 0x0000022a73977800 Exception <a 'java/security/PrivilegedActionException'{0x000000008cdb3958}> (0x000000008cdb3958) thrown at [./src/hotspot/share/prims/jvm.cpp, line 1306]
Event: 8.792 Thread 0x0000022a73977800 Exception <a 'java/security/PrivilegedActionException'{0x000000008cdb6588}> (0x000000008cdb6588) thrown at [./src/hotspot/share/prims/jvm.cpp, line 1306]
Event: 8.792 Thread 0x0000022a73977800 Exception <a 'java/security/PrivilegedActionException'{0x000000008cdb7848}> (0x000000008cdb7848) thrown at [./src/hotspot/share/prims/jvm.cpp, line 1306]
Event: 8.792 Thread 0x0000022a73977800 Exception <a 'java/security/PrivilegedActionException'{0x000000008cdba4c8}> (0x000000008cdba4c8) thrown at [./src/hotspot/share/prims/jvm.cpp, line 1306]
Event: 8.792 Thread 0x0000022a73977800 Exception <a 'java/security/PrivilegedActionException'{0x000000008cdbb788}> (0x000000008cdbb788) thrown at [./src/hotspot/share/prims/jvm.cpp, line 1306]
Event: 8.792 Thread 0x0000022a73977800 Exception <a 'java/security/PrivilegedActionException'{0x000000008cdbe460}> (0x000000008cdbe460) thrown at [./src/hotspot/share/prims/jvm.cpp, line 1306]
Event: 8.792 Thread 0x0000022a73977800 Exception <a 'java/security/PrivilegedActionException'{0x000000008cdbf720}> (0x000000008cdbf720) thrown at [./src/hotspot/share/prims/jvm.cpp, line 1306]

Events (20 events):
Event: 8.742 loading class build_bde7c3m76f91e0slt5ra8m67dBeanInfo done
Event: 8.742 loading class build_bde7c3m76f91e0slt5ra8m67dCustomizer
Event: 8.742 loading class build_bde7c3m76f91e0slt5ra8m67dCustomizer done
Event: 8.742 loading class build_bde7c3m76f91e0slt5ra8m67dCustomizer
Event: 8.742 loading class build_bde7c3m76f91e0slt5ra8m67dCustomizer done
Event: 8.744 loading class org/gradle/api/tasks/Delete
Event: 8.744 loading class org/gradle/api/tasks/Delete done
Event: 8.744 loading class org/gradle/api/tasks/Delete
Event: 8.744 loading class org/gradle/api/tasks/Delete done
Event: 8.746 loading class groovy/runtime/metaclass/build_bde7c3m76f91e0slt5ra8m67d$_run_closure1MetaClass
Event: 8.746 loading class groovy/runtime/metaclass/build_bde7c3m76f91e0slt5ra8m67d$_run_closure1MetaClass done
Event: 8.746 loading class groovy/runtime/metaclass/org/gradle/api/internal/project/DefaultProject_DecoratedMetaClass
Event: 8.746 loading class groovy/runtime/metaclass/org/gradle/api/internal/project/DefaultProject_DecoratedMetaClass done
Event: 8.750 loading class org/gradle/api/internal/project/DefaultProject_DecoratedBeanInfo
Event: 8.750 loading class org/gradle/api/internal/project/DefaultProject_DecoratedBeanInfo done
Event: 8.750 loading class org/gradle/api/internal/project/DefaultProject_DecoratedBeanInfo
Event: 8.750 loading class org/gradle/api/internal/project/DefaultProject_DecoratedBeanInfo done
Event: 8.750 loading class org/gradle/api/internal/project/DefaultProject_DecoratedBeanInfo
Event: 8.750 loading class org/gradle/api/internal/project/DefaultProject_DecoratedBeanInfo done
Event: 8.781 Loaded shared library C:\Program Files\Android\Android Studio\jre\bin\nio.dll


Dynamic libraries:
0x00007ff6c2350000 - 0x00007ff6c235a000 	C:\Program Files\Android\Android Studio\jre\bin\java.exe
0x00007ffbe36b0000 - 0x00007ffbe38a5000 	C:\WINDOWS\SYSTEM32\ntdll.dll
0x00007ffbe2ae0000 - 0x00007ffbe2b9d000 	C:\WINDOWS\System32\KERNEL32.DLL
0x00007ffbe1120000 - 0x00007ffbe13ed000 	C:\WINDOWS\System32\KERNELBASE.dll
0x00007ffbe1020000 - 0x00007ffbe1120000 	C:\WINDOWS\System32\ucrtbase.dll
0x00007ffbd50f0000 - 0x00007ffbd5109000 	C:\Program Files\Android\Android Studio\jre\bin\jli.dll
0x00007ffbe2cb0000 - 0x00007ffbe2e50000 	C:\WINDOWS\System32\USER32.dll
0x00007ffbe16d0000 - 0x00007ffbe16f2000 	C:\WINDOWS\System32\win32u.dll
0x00007ffbd4300000 - 0x00007ffbd4317000 	C:\Program Files\Android\Android Studio\jre\bin\VCRUNTIME140.dll
0x00007ffbe3510000 - 0x00007ffbe353a000 	C:\WINDOWS\System32\GDI32.dll
0x00007ffbe0e60000 - 0x00007ffbe0f6b000 	C:\WINDOWS\System32\gdi32full.dll
0x00007ffbe0dc0000 - 0x00007ffbe0e5d000 	C:\WINDOWS\System32\msvcp_win.dll
0x00007ffbcdda0000 - 0x00007ffbce03a000 	C:\WINDOWS\WinSxS\amd64_microsoft.windows.common-controls_6595b64144ccf1df_6.0.19041.1110_none_60b5254171f9507e\COMCTL32.dll
0x00007ffbe1d60000 - 0x00007ffbe1dfe000 	C:\WINDOWS\System32\msvcrt.dll
0x00007ffbe1a50000 - 0x00007ffbe1a80000 	C:\WINDOWS\System32\IMM32.DLL
0x00007ffbb5550000 - 0x00007ffbb55ed000 	C:\Program Files\Android\Android Studio\jre\bin\msvcp140.dll
0x00007ffb94850000 - 0x00007ffb95325000 	C:\Program Files\Android\Android Studio\jre\bin\server\jvm.dll
0x00007ffbe1e00000 - 0x00007ffbe1eae000 	C:\WINDOWS\System32\ADVAPI32.dll
0x00007ffbe1eb0000 - 0x00007ffbe1f4c000 	C:\WINDOWS\System32\sechost.dll
0x00007ffbe2ee0000 - 0x00007ffbe3005000 	C:\WINDOWS\System32\RPCRT4.dll
0x00007ffbe3080000 - 0x00007ffbe3088000 	C:\WINDOWS\System32\PSAPI.DLL
0x00007ffbd86c0000 - 0x00007ffbd86c9000 	C:\WINDOWS\SYSTEM32\WSOCK32.dll
0x00007ffbe3010000 - 0x00007ffbe307b000 	C:\WINDOWS\System32\WS2_32.dll
0x00007ffbdb150000 - 0x00007ffbdb15a000 	C:\WINDOWS\SYSTEM32\VERSION.dll
0x00007ffbd6e90000 - 0x00007ffbd6eb7000 	C:\WINDOWS\SYSTEM32\WINMM.dll
0x00007ffbdece0000 - 0x00007ffbdecf2000 	C:\WINDOWS\SYSTEM32\kernel.appcore.dll
0x00007ffbd8630000 - 0x00007ffbd8641000 	C:\Program Files\Android\Android Studio\jre\bin\verify.dll
0x00007ffbcf500000 - 0x00007ffbcf6e4000 	C:\WINDOWS\SYSTEM32\DBGHELP.DLL
0x00007ffbca570000 - 0x00007ffbca59c000 	C:\WINDOWS\SYSTEM32\dbgcore.DLL
0x00007ffbe15f0000 - 0x00007ffbe1672000 	C:\WINDOWS\System32\bcryptPrimitives.dll
0x00007ffbd8090000 - 0x00007ffbd80b9000 	C:\Program Files\Android\Android Studio\jre\bin\java.dll
0x00007ffbd82e0000 - 0x00007ffbd82eb000 	C:\Program Files\Android\Android Studio\jre\bin\jimage.dll
0x00007ffbd7940000 - 0x00007ffbd7958000 	C:\Program Files\Android\Android Studio\jre\bin\zip.dll
0x00007ffbe2330000 - 0x00007ffbe2a74000 	C:\WINDOWS\System32\SHELL32.dll
0x00007ffbdeee0000 - 0x00007ffbdf674000 	C:\WINDOWS\SYSTEM32\windows.storage.dll
0x00007ffbe1f50000 - 0x00007ffbe22a4000 	C:\WINDOWS\System32\combase.dll
0x00007ffbe0820000 - 0x00007ffbe084c000 	C:\WINDOWS\SYSTEM32\Wldp.dll
0x00007ffbe1940000 - 0x00007ffbe19ed000 	C:\WINDOWS\System32\SHCORE.dll
0x00007ffbe1830000 - 0x00007ffbe1885000 	C:\WINDOWS\System32\shlwapi.dll
0x00007ffbe0d00000 - 0x00007ffbe0d1f000 	C:\WINDOWS\SYSTEM32\profapi.dll
0x00007ffbd7790000 - 0x00007ffbd77aa000 	C:\Program Files\Android\Android Studio\jre\bin\net.dll
0x00007ffbdc0f0000 - 0x00007ffbdc1fa000 	C:\WINDOWS\SYSTEM32\WINHTTP.dll
0x00007ffbe0580000 - 0x00007ffbe05ea000 	C:\WINDOWS\system32\mswsock.dll
0x00007ffbd6e30000 - 0x00007ffbd6e44000 	C:\Program Files\Android\Android Studio\jre\bin\nio.dll
0x00007ffbd8210000 - 0x00007ffbd8237000 	C:\Users\User\.gradle\native\e1d6ef7f7dcc3fd88c89a11ec53ec762bb8ba0a96d01ffa2cd45eb1d1d8dd5c5\windows-amd64\native-platform.dll
0x00007ffbb2990000 - 0x00007ffbb2ad4000 	C:\Users\User\.gradle\native\5664cfc778a61ccfe75a443a1ab52a65af34e5dc3c78e0209fed803814484fcb\windows-amd64\native-platform-file-events.dll
0x00007ffbd82d0000 - 0x00007ffbd82da000 	C:\Program Files\Android\Android Studio\jre\bin\management.dll
0x00007ffbd81e0000 - 0x00007ffbd81ed000 	C:\Program Files\Android\Android Studio\jre\bin\management_ext.dll
0x00007ffbe0770000 - 0x00007ffbe0788000 	C:\WINDOWS\SYSTEM32\CRYPTSP.dll
0x00007ffbdfe90000 - 0x00007ffbdfec4000 	C:\WINDOWS\system32\rsaenh.dll
0x00007ffbe15c0000 - 0x00007ffbe15e7000 	C:\WINDOWS\System32\bcrypt.dll
0x00007ffbe0cc0000 - 0x00007ffbe0cee000 	C:\WINDOWS\SYSTEM32\USERENV.dll
0x00007ffbe0790000 - 0x00007ffbe079c000 	C:\WINDOWS\SYSTEM32\CRYPTBASE.dll
0x00007ffbe0220000 - 0x00007ffbe025b000 	C:\WINDOWS\SYSTEM32\IPHLPAPI.DLL
0x00007ffbe3540000 - 0x00007ffbe3548000 	C:\WINDOWS\System32\NSI.dll
0x00007ffbdb3e0000 - 0x00007ffbdb3f7000 	C:\WINDOWS\SYSTEM32\dhcpcsvc6.DLL
0x00007ffbdb080000 - 0x00007ffbdb09d000 	C:\WINDOWS\SYSTEM32\dhcpcsvc.DLL
0x00007ffbe0260000 - 0x00007ffbe032b000 	C:\WINDOWS\SYSTEM32\DNSAPI.dll

dbghelp: loaded successfully - version: 4.0.5 - missing functions: none
symbol engine: initialized successfully - sym options: 0x614 - pdb path: .;C:\Program Files\Android\Android Studio\jre\bin;C:\WINDOWS\SYSTEM32;C:\WINDOWS\WinSxS\amd64_microsoft.windows.common-controls_6595b64144ccf1df_6.0.19041.1110_none_60b5254171f9507e;C:\Program Files\Android\Android Studio\jre\bin\server;C:\Users\User\.gradle\native\e1d6ef7f7dcc3fd88c89a11ec53ec762bb8ba0a96d01ffa2cd45eb1d1d8dd5c5\windows-amd64;C:\Users\User\.gradle\native\5664cfc778a61ccfe75a443a1ab52a65af34e5dc3c78e0209fed803814484fcb\windows-amd64

VM Arguments:
jvm_args: --add-opens=java.base/java.util=ALL-UNNAMED --add-opens=java.base/java.lang=ALL-UNNAMED --add-opens=java.base/java.lang.invoke=ALL-UNNAMED --add-opens=java.base/java.util=ALL-UNNAMED --add-opens=java.prefs/java.util.prefs=ALL-UNNAMED --add-opens=java.prefs/java.util.prefs=ALL-UNNAMED --add-opens=java.base/java.nio.charset=ALL-UNNAMED --add-opens=java.base/java.net=ALL-UNNAMED --add-opens=java.base/java.util.concurrent.atomic=ALL-UNNAMED -Xmx2048m -Dfile.encoding=UTF-8 -Duser.country=KR -Duser.language=ko -Duser.variant 
java_command: org.gradle.launcher.daemon.bootstrap.GradleDaemon 7.2
java_class_path (initial): C:\Users\User\.gradle\wrapper\dists\gradle-7.2-bin\2dnblmf4td7x66yl1d74lt32g\gradle-7.2\lib\gradle-launcher-7.2.jar
Launcher Type: SUN_STANDARD

[Global flags]
     intx CICompilerCount                          = 3                                         {product} {ergonomic}
     uint ConcGCThreads                            = 1                                         {product} {ergonomic}
     uint G1ConcRefinementThreads                  = 4                                         {product} {ergonomic}
   size_t G1HeapRegionSize                         = 1048576                                   {product} {ergonomic}
    uintx GCDrainStackTargetSize                   = 64                                        {product} {ergonomic}
   size_t InitialHeapSize                          = 268435456                                 {product} {ergonomic}
   size_t MarkStackSize                            = 4194304                                   {product} {ergonomic}
   size_t MaxHeapSize                              = 2147483648                                {product} {command line}
   size_t MaxNewSize                               = 1287651328                                {product} {ergonomic}
   size_t MinHeapDeltaBytes                        = 1048576                                   {product} {ergonomic}
    uintx NonNMethodCodeHeapSize                   = 5830732                                {pd product} {ergonomic}
    uintx NonProfiledCodeHeapSize                  = 122913754                              {pd product} {ergonomic}
    uintx ProfiledCodeHeapSize                     = 122913754                              {pd product} {ergonomic}
    uintx ReservedCodeCacheSize                    = 251658240                              {pd product} {ergonomic}
     bool SegmentedCodeCache                       = true                                      {product} {ergonomic}
     bool UseCompressedClassPointers               = true                                 {lp64_product} {ergonomic}
     bool UseCompressedOops                        = true                                 {lp64_product} {ergonomic}
     bool UseG1GC                                  = true                                      {product} {ergonomic}
     bool UseLargePagesIndividualAllocation        = false                                  {pd product} {ergonomic}

Logging:
Log output configuration:
 #0: stdout all=warning uptime,level,tags
 #1: stderr all=off uptime,level,tags

Environment Variables:
JAVA_HOME=C:\Program Files\Java\jdk-15.0.1
CLASSPATH=C:\Program Files\Java\jdk-15.0.1\lib
PATH=C:\Python310\Scripts\;C:\Python310\;C:\Program Files\Java\jdk-15.0.2\bin;C:\Program Files (x86)\Common Files\Oracle\Java\javapath;C:\Program Files\Java\jdk-15.0.1;C:\Users\User\anaconda3\Scripts;C:\Users\User\anaconda3\Scripts;C:\Program Files (x86)\NAT Service;C:\Windows\system32;C:\Windows;C:\Windows\System32\Wbem;C:\Windows\System32\WindowsPowerShell\v1.0\;C:\Program Files (x86)\NVIDIA Corporation\PhysX\Common;C:\WINDOWS\system32;C:\WINDOWS;C:\WINDOWS\System32\Wbem;C:\WINDOWS\System32\WindowsPowerShell\v1.0\;C:\WINDOWS\System32\OpenSSH\;C:\Users\User\anaconda3\Scripts;C:\Program Files\Java\jdk-15.0.1\bin;C:\Program Files\NVIDIA Corporation\NVIDIA NvDLISR;D:\bin;C:\Program Files\dotnet\;C:\Program Files\nodejs\;C:\ProgramData\chocolatey\bin;C:\Program Files\Git\cmd;C:\Python39\Scripts\;C:\Python39\;C:\Users\User\AppData\Local\Programs\Python\Python38\Scripts\;C:\Users\User\AppData\Local\Programs\Python\Python38\;C:\Users\User\AppData\Local\Microsoft\WindowsApps;C:\Users\User\AppData\Local\GitHubDesktop\bin;C:\Users\User\.dotnet\tools;C:\Program Files\Bandizip\;C:\Users\User\AppData\Local\afreeca;C:\Microsoft VS Code\bin;C:\Users\User\AppData\Roaming\npm
USERNAME=User
OS=Windows_NT
PROCESSOR_IDENTIFIER=Intel64 Family 6 Model 60 Stepping 3, GenuineIntel



---------------  S Y S T E M  ---------------

OS: Windows 10 , 64 bit Build 19041 (10.0.19041.1706)
OS uptime: 15 days 21:40 hours

CPU:total 4 (initial active 4) (4 cores per cpu, 1 threads per core) family 6 model 60 stepping 3 microcode 0x27, cmov, cx8, fxsr, mmx, sse, sse2, sse3, ssse3, sse4.1, sse4.2, popcnt, avx, avx2, aes, clmul, erms, lzcnt, tsc, tscinvbit, bmi1, bmi2, fma

Memory: 4k page, system-wide physical 16303M (5584M free)
TotalPageFile size 48956M (AvailPageFile size 415M)
current process WorkingSet (physical memory assigned to process): 354M, peak: 354M
current process commit charge ("private bytes"): 465M, peak: 465M

vm_info: OpenJDK 64-Bit Server VM (11.0.11+9-b60-7590822) for windows-amd64 JRE (11.0.11+9-b60-7590822), built on Jul 29 2021 21:43:44 by "builder" with MS VC++ 14.0 (VS2015)

END.
