#
# There is insufficient memory for the Java Runtime Environment to continue.
# Native memory allocation (malloc) failed to allocate 870896 bytes for Chunk::new
# Possible reasons:
#   The system is out of physical RAM or swap space
#   The process is running with CompressedOops enabled, and the Java Heap may be blocking the growth of the native heap
# Possible solutions:
#   Reduce memory load on the system
#   Increase physical memory or swap space
#   Check if swap backing store is full
#   Decrease Java heap size (-Xmx/-Xms)
#   Decrease number of Java threads
#   Decrease Java thread stack sizes (-Xss)
#   Set larger code cache with -XX:ReservedCodeCacheSize=
#   JVM is running with Unscaled Compressed Oops mode in which the Java heap is
#     placed in the first 4GB address space. The Java Heap base address is the
#     maximum limit for the native heap growth. Please use -XX:HeapBaseMinAddress
#     to set the Java Heap base and to place the Java Heap above 4GB virtual address.
# This output file may be truncated or incomplete.
#
#  Out of Memory Error (./src/hotspot/share/memory/arena.cpp:197), pid=35424, tid=12092
#
# JRE version: OpenJDK Runtime Environment (11.0.11+9) (build 11.0.11+9-b60-7590822)
# Java VM: OpenJDK 64-Bit Server VM (11.0.11+9-b60-7590822, mixed mode, tiered, compressed oops, g1 gc, windows-amd64)
# No core dump will be written. Minidumps are not enabled by default on client versions of Windows
#

---------------  S U M M A R Y ------------

Command Line: --add-opens=java.base/java.util=ALL-UNNAMED --add-opens=java.base/java.lang=ALL-UNNAMED --add-opens=java.base/java.lang.invoke=ALL-UNNAMED --add-opens=java.base/java.util=ALL-UNNAMED --add-opens=java.prefs/java.util.prefs=ALL-UNNAMED --add-opens=java.prefs/java.util.prefs=ALL-UNNAMED --add-opens=java.base/java.nio.charset=ALL-UNNAMED --add-opens=java.base/java.net=ALL-UNNAMED --add-opens=java.base/java.util.concurrent.atomic=ALL-UNNAMED -Xmx2048m -Dfile.encoding=UTF-8 -Duser.country=KR -Duser.language=ko -Duser.variant org.gradle.launcher.daemon.bootstrap.GradleDaemon 7.2

Host: Intel(R) Core(TM) i5-4690 CPU @ 3.50GHz, 4 cores, 15G,  Windows 10 , 64 bit Build 19041 (10.0.19041.1706)
Time: Wed Jun 29 22:11:17 2022 대한민국 표준시 elapsed time: 7.641700 seconds (0d 0h 0m 7s)

---------------  T H R E A D  ---------------

Current thread (0x000002336d4b9800):  JavaThread "C2 CompilerThread0" daemon [_thread_in_native, id=12092, stack(0x0000006f01a00000,0x0000006f01b00000)]


Current CompileTask:
C2:   7641 3893       4       java.util.jar.JarFile::getManifest (5 bytes)

Stack: [0x0000006f01a00000,0x0000006f01b00000]
Native frames: (J=compiled Java code, j=interpreted, Vv=VM code, C=native code)
V  [jvm.dll+0x5f214a]
V  [jvm.dll+0x726fb5]
V  [jvm.dll+0x7285cd]
V  [jvm.dll+0x728c83]
V  [jvm.dll+0x243278]
V  [jvm.dll+0xbc53c]
V  [jvm.dll+0xbca3c]
V  [jvm.dll+0x353e7d]
V  [jvm.dll+0x321893]
V  [jvm.dll+0x320d8a]
V  [jvm.dll+0x1fc1e2]
V  [jvm.dll+0x1fb3d4]
V  [jvm.dll+0x183d6c]
V  [jvm.dll+0x209a57]
V  [jvm.dll+0x2082a1]
V  [jvm.dll+0x6ef58f]
V  [jvm.dll+0x6e80b5]
V  [jvm.dll+0x5f1036]
C  [ucrtbase.dll+0x21bb2]
C  [KERNEL32.DLL+0x17034]
C  [ntdll.dll+0x52651]


---------------  P R O C E S S  ---------------

Threads class SMR info:
_java_thread_list=0x0000023370af27e0, length=37, elements={
0x0000023350f5c000, 0x000002336cc1b800, 0x000002336cc1d800, 0x000002336d4b4800,
0x000002336d4b5000, 0x000002336d4b6000, 0x000002336d4b9800, 0x000002336d4bc800,
0x000002336d523800, 0x000002336d62f000, 0x000002336ee53800, 0x000002336e9d7800,
0x000002336f72d800, 0x000002336eca7000, 0x000002336fad8800, 0x0000023370184000,
0x000002336f948000, 0x000002336fbed800, 0x000002336e5d6000, 0x000002336f64d800,
0x000002336f64b000, 0x000002336f649800, 0x000002336f64e000, 0x0000023370834000,
0x000002336f64c800, 0x000002336f64f000, 0x000002336f650000, 0x000002336f64a000,
0x000002336f64b800, 0x0000023370e4f800, 0x0000023370e54800, 0x0000023370e4f000,
0x0000023370e56000, 0x0000023370e51000, 0x0000023370e52000, 0x0000023370e58000,
0x0000023370e55800
}

Java Threads: ( => current thread )
  0x0000023350f5c000 JavaThread "main" [_thread_blocked, id=17016, stack(0x0000006f00e00000,0x0000006f00f00000)]
  0x000002336cc1b800 JavaThread "Reference Handler" daemon [_thread_blocked, id=23504, stack(0x0000006f01500000,0x0000006f01600000)]
  0x000002336cc1d800 JavaThread "Finalizer" daemon [_thread_blocked, id=34128, stack(0x0000006f01600000,0x0000006f01700000)]
  0x000002336d4b4800 JavaThread "Signal Dispatcher" daemon [_thread_blocked, id=7776, stack(0x0000006f01700000,0x0000006f01800000)]
  0x000002336d4b5000 JavaThread "Attach Listener" daemon [_thread_blocked, id=18200, stack(0x0000006f01800000,0x0000006f01900000)]
  0x000002336d4b6000 JavaThread "Service Thread" daemon [_thread_blocked, id=32008, stack(0x0000006f01900000,0x0000006f01a00000)]
=>0x000002336d4b9800 JavaThread "C2 CompilerThread0" daemon [_thread_in_native, id=12092, stack(0x0000006f01a00000,0x0000006f01b00000)]
  0x000002336d4bc800 JavaThread "C1 CompilerThread0" daemon [_thread_blocked, id=10916, stack(0x0000006f01b00000,0x0000006f01c00000)]
  0x000002336d523800 JavaThread "Sweeper thread" daemon [_thread_blocked, id=15768, stack(0x0000006f01c00000,0x0000006f01d00000)]
  0x000002336d62f000 JavaThread "Common-Cleaner" daemon [_thread_blocked, id=24296, stack(0x0000006f01d00000,0x0000006f01e00000)]
  0x000002336ee53800 JavaThread "Daemon health stats" [_thread_blocked, id=8512, stack(0x0000006f02300000,0x0000006f02400000)]
  0x000002336e9d7800 JavaThread "Incoming local TCP Connector on port 51769" [_thread_in_native, id=36316, stack(0x0000006f01f00000,0x0000006f02000000)]
  0x000002336f72d800 JavaThread "Daemon periodic checks" [_thread_blocked, id=22572, stack(0x0000006f02400000,0x0000006f02500000)]
  0x000002336eca7000 JavaThread "Daemon" [_thread_blocked, id=10148, stack(0x0000006f02500000,0x0000006f02600000)]
  0x000002336fad8800 JavaThread "Handler for socket connection from /127.0.0.1:51769 to /127.0.0.1:51770" [_thread_in_native, id=10060, stack(0x0000006f02600000,0x0000006f02700000)]
  0x0000023370184000 JavaThread "Cancel handler" [_thread_blocked, id=17768, stack(0x0000006f02700000,0x0000006f02800000)]
  0x000002336f948000 JavaThread "Daemon worker" [_thread_in_Java, id=35828, stack(0x0000006f02800000,0x0000006f02900000)]
  0x000002336fbed800 JavaThread "Asynchronous log dispatcher for DefaultDaemonConnection: socket connection from /127.0.0.1:51769 to /127.0.0.1:51770" [_thread_blocked, id=30560, stack(0x0000006f02900000,0x0000006f02a00000)]
  0x000002336e5d6000 JavaThread "Stdin handler" [_thread_blocked, id=22464, stack(0x0000006f02a00000,0x0000006f02b00000)]
  0x000002336f64d800 JavaThread "Daemon client event forwarder" [_thread_blocked, id=31892, stack(0x0000006f02b00000,0x0000006f02c00000)]
  0x000002336f64b000 JavaThread "Cache worker for journal cache (C:\Users\User\.gradle\caches\journal-1)" [_thread_blocked, id=12424, stack(0x0000006f02c00000,0x0000006f02d00000)]
  0x000002336f649800 JavaThread "File lock request listener" [_thread_in_native, id=10376, stack(0x0000006f02d00000,0x0000006f02e00000)]
  0x000002336f64e000 JavaThread "Cache worker for file hash cache (C:\Users\User\.gradle\caches\7.2\fileHashes)" [_thread_blocked, id=32288, stack(0x0000006f02e00000,0x0000006f02f00000)]
  0x0000023370834000 JavaThread "C2 CompilerThread1" daemon [_thread_in_native, id=13556, stack(0x0000006f02f00000,0x0000006f03000000)]
  0x000002336f64c800 JavaThread "Cache worker for file hash cache (C:\Users\User\AndroidStudioProjects\Why_Not\.gradle\7.2\fileHashes)" [_thread_blocked, id=23980, stack(0x0000006f03000000,0x0000006f03100000)]
  0x000002336f64f000 JavaThread "File watcher server" daemon [_thread_in_native, id=11860, stack(0x0000006f03100000,0x0000006f03200000)]
  0x000002336f650000 JavaThread "File watcher consumer" daemon [_thread_blocked, id=32724, stack(0x0000006f03200000,0x0000006f03300000)]
  0x000002336f64a000 JavaThread "Cache worker for checksums cache (C:\Users\User\AndroidStudioProjects\Why_Not\.gradle\checksums)" [_thread_blocked, id=28488, stack(0x0000006f03300000,0x0000006f03400000)]
  0x000002336f64b800 JavaThread "Cache worker for cache directory md-supplier (C:\Users\User\.gradle\caches\7.2\md-supplier)" [_thread_blocked, id=19880, stack(0x0000006f03400000,0x0000006f03500000)]
  0x0000023370e4f800 JavaThread "Cache worker for cache directory md-rule (C:\Users\User\.gradle\caches\7.2\md-rule)" [_thread_blocked, id=28588, stack(0x0000006f03500000,0x0000006f03600000)]
  0x0000023370e54800 JavaThread "Cache worker for execution history cache (C:\Users\User\.gradle\caches\7.2\executionHistory)" [_thread_blocked, id=27436, stack(0x0000006f03600000,0x0000006f03700000)]
  0x0000023370e4f000 JavaThread "jar transforms" [_thread_blocked, id=25828, stack(0x0000006f03700000,0x0000006f03800000)]
  0x0000023370e56000 JavaThread "Cache worker for file content cache (C:\Users\User\.gradle\caches\7.2\fileContent)" [_thread_blocked, id=18376, stack(0x0000006f03800000,0x0000006f03900000)]
  0x0000023370e51000 JavaThread "jar transforms Thread 2" [_thread_blocked, id=29336, stack(0x0000006f03900000,0x0000006f03a00000)]
  0x0000023370e52000 JavaThread "Cache worker for dependencies-accessors (C:\Users\User\AndroidStudioProjects\Why_Not\.gradle\7.2\dependencies-accessors)" [_thread_blocked, id=5316, stack(0x0000006f03a00000,0x0000006f03b00000)]
  0x0000023370e58000 JavaThread "jar transforms Thread 3" [_thread_blocked, id=11588, stack(0x0000006f03b00000,0x0000006f03c00000)]
  0x0000023370e55800 JavaThread "Cache worker for Build Output Cleanup Cache (C:\Users\User\AndroidStudioProjects\Why_Not\.gradle\buildOutputCleanup)" [_thread_blocked, id=35588, stack(0x0000006f03c00000,0x0000006f03d00000)]

Other Threads:
  0x000002336cc18800 VMThread "VM Thread" [stack: 0x0000006f01400000,0x0000006f01500000] [id=26036]
  0x000002336d670000 WatcherThread [stack: 0x0000006f01e00000,0x0000006f01f00000] [id=33860]
  0x0000023353005000 GCTaskThread "GC Thread#0" [stack: 0x0000006f00f00000,0x0000006f01000000] [id=26844]
  0x000002336dcd7800 GCTaskThread "GC Thread#1" [stack: 0x0000006f02000000,0x0000006f02100000] [id=17028]
  0x000002336db0f000 GCTaskThread "GC Thread#2" [stack: 0x0000006f02100000,0x0000006f02200000] [id=26628]
  0x000002336dae1800 GCTaskThread "GC Thread#3" [stack: 0x0000006f02200000,0x0000006f02300000] [id=12904]
  0x0000023353035000 ConcurrentGCThread "G1 Main Marker" [stack: 0x0000006f01000000,0x0000006f01100000] [id=15888]
  0x0000023353036000 ConcurrentGCThread "G1 Conc#0" [stack: 0x0000006f01100000,0x0000006f01200000] [id=35420]
  0x00000233530cd800 ConcurrentGCThread "G1 Refine#0" [stack: 0x0000006f01200000,0x0000006f01300000] [id=10980]
  0x00000233530ce800 ConcurrentGCThread "G1 Young RemSet Sampling" [stack: 0x0000006f01300000,0x0000006f01400000] [id=24048]

Threads with active compile tasks:
C2 CompilerThread0   7677 3893       4       java.util.jar.JarFile::getManifest (5 bytes)
C2 CompilerThread1   7677 3874       4       jdk.internal.org.objectweb.asm.Frame::execute (2264 bytes)

VM state:not at safepoint (normal execution)

VM Mutex/Monitor currently owned by a thread: None

Heap address: 0x0000000080000000, size: 2048 MB, Compressed Oops mode: 32-bit
Narrow klass base: 0x0000000000000000, Narrow klass shift: 3
Compressed class space size: 1073741824 Address: 0x0000000100000000

Heap:
 garbage-first heap   total 262144K, used 166268K [0x0000000080000000, 0x0000000100000000)
  region size 1024K, 145 young (148480K), 7 survivors (7168K)
 Metaspace       used 46732K, capacity 47806K, committed 47952K, reserved 1091584K
  class space    used 6027K, capacity 6467K, committed 6528K, reserved 1048576K
Heap Regions: E=young(eden), S=young(survivor), O=old, HS=humongous(starts), HC=humongous(continues), CS=collection set, F=free, A=archive, TAMS=top-at-mark-start (previous, next)
|   0|0x0000000080000000, 0x0000000080100000, 0x0000000080100000|100%|HS|  |TAMS 0x0000000080100000, 0x0000000080000000| Complete 
|   1|0x0000000080100000, 0x0000000080200000, 0x0000000080200000|100%|HC|  |TAMS 0x0000000080200000, 0x0000000080100000| Complete 
|   2|0x0000000080200000, 0x0000000080300000, 0x0000000080300000|100%|HC|  |TAMS 0x0000000080300000, 0x0000000080200000| Complete 
|   3|0x0000000080300000, 0x0000000080400000, 0x0000000080400000|100%| O|  |TAMS 0x0000000080400000, 0x0000000080300000| Untracked 
|   4|0x0000000080400000, 0x0000000080500000, 0x0000000080500000|100%| O|  |TAMS 0x0000000080500000, 0x0000000080400000| Untracked 
|   5|0x0000000080500000, 0x0000000080600000, 0x0000000080600000|100%| O|  |TAMS 0x0000000080600000, 0x0000000080500000| Untracked 
|   6|0x0000000080600000, 0x0000000080700000, 0x0000000080700000|100%| O|  |TAMS 0x0000000080700000, 0x0000000080600000| Untracked 
|   7|0x0000000080700000, 0x0000000080800000, 0x0000000080800000|100%| O|  |TAMS 0x0000000080800000, 0x0000000080700000| Untracked 
|   8|0x0000000080800000, 0x0000000080900000, 0x0000000080900000|100%| O|  |TAMS 0x0000000080900000, 0x0000000080800000| Untracked 
|   9|0x0000000080900000, 0x0000000080a00000, 0x0000000080a00000|100%| O|  |TAMS 0x0000000080a00000, 0x0000000080900000| Untracked 
|  10|0x0000000080a00000, 0x0000000080b00000, 0x0000000080b00000|100%| O|  |TAMS 0x0000000080b00000, 0x0000000080a00000| Untracked 
|  11|0x0000000080b00000, 0x0000000080c00000, 0x0000000080c00000|100%| O|  |TAMS 0x0000000080c00000, 0x0000000080b00000| Untracked 
|  12|0x0000000080c00000, 0x0000000080d00000, 0x0000000080d00000|100%| O|  |TAMS 0x0000000080d00000, 0x0000000080c00000| Untracked 
|  13|0x0000000080d00000, 0x0000000080e00000, 0x0000000080e00000|100%| O|  |TAMS 0x0000000080e00000, 0x0000000080d00000| Untracked 
|  14|0x0000000080e00000, 0x0000000080f00000, 0x0000000080f00000|100%| O|  |TAMS 0x0000000080f00000, 0x0000000080e00000| Untracked 
|  15|0x0000000080f00000, 0x0000000080ffe400, 0x0000000081000000| 99%| O|  |TAMS 0x0000000080ffe400, 0x0000000080f00000| Untracked 
|  16|0x0000000081000000, 0x0000000081100000, 0x0000000081100000|100%|HS|  |TAMS 0x0000000081000000, 0x0000000081000000| Complete 
|  17|0x0000000081100000, 0x0000000081200000, 0x0000000081200000|100%|HS|  |TAMS 0x0000000081100000, 0x0000000081100000| Complete 
|  18|0x0000000081200000, 0x0000000081300000, 0x0000000081300000|100%|HC|  |TAMS 0x0000000081200000, 0x0000000081200000| Complete 
|  19|0x0000000081300000, 0x0000000081400000, 0x0000000081400000|100%|HS|  |TAMS 0x0000000081300000, 0x0000000081300000| Complete 
|  20|0x0000000081400000, 0x0000000081400000, 0x0000000081500000|  0%| F|  |TAMS 0x0000000081400000, 0x0000000081400000| Untracked 
|  21|0x0000000081500000, 0x0000000081500000, 0x0000000081600000|  0%| F|  |TAMS 0x0000000081500000, 0x0000000081500000| Untracked 
|  22|0x0000000081600000, 0x0000000081600000, 0x0000000081700000|  0%| F|  |TAMS 0x0000000081600000, 0x0000000081600000| Untracked 
|  23|0x0000000081700000, 0x0000000081700000, 0x0000000081800000|  0%| F|  |TAMS 0x0000000081700000, 0x0000000081700000| Untracked 
|  24|0x0000000081800000, 0x0000000081800000, 0x0000000081900000|  0%| F|  |TAMS 0x0000000081800000, 0x0000000081800000| Untracked 
|  25|0x0000000081900000, 0x0000000081900000, 0x0000000081a00000|  0%| F|  |TAMS 0x0000000081900000, 0x0000000081900000| Untracked 
|  26|0x0000000081a00000, 0x0000000081a00000, 0x0000000081b00000|  0%| F|  |TAMS 0x0000000081a00000, 0x0000000081a00000| Untracked 
|  27|0x0000000081b00000, 0x0000000081b00000, 0x0000000081c00000|  0%| F|  |TAMS 0x0000000081b00000, 0x0000000081b00000| Untracked 
|  28|0x0000000081c00000, 0x0000000081c00000, 0x0000000081d00000|  0%| F|  |TAMS 0x0000000081c00000, 0x0000000081c00000| Untracked 
|  29|0x0000000081d00000, 0x0000000081d00000, 0x0000000081e00000|  0%| F|  |TAMS 0x0000000081d00000, 0x0000000081d00000| Untracked 
|  30|0x0000000081e00000, 0x0000000081e00000, 0x0000000081f00000|  0%| F|  |TAMS 0x0000000081e00000, 0x0000000081e00000| Untracked 
|  31|0x0000000081f00000, 0x0000000081f00000, 0x0000000082000000|  0%| F|  |TAMS 0x0000000081f00000, 0x0000000081f00000| Untracked 
|  32|0x0000000082000000, 0x0000000082000000, 0x0000000082100000|  0%| F|  |TAMS 0x0000000082000000, 0x0000000082000000| Untracked 
|  33|0x0000000082100000, 0x0000000082100000, 0x0000000082200000|  0%| F|  |TAMS 0x0000000082100000, 0x0000000082100000| Untracked 
|  34|0x0000000082200000, 0x0000000082200000, 0x0000000082300000|  0%| F|  |TAMS 0x0000000082200000, 0x0000000082200000| Untracked 
|  35|0x0000000082300000, 0x0000000082300000, 0x0000000082400000|  0%| F|  |TAMS 0x0000000082300000, 0x0000000082300000| Untracked 
|  36|0x0000000082400000, 0x0000000082400000, 0x0000000082500000|  0%| F|  |TAMS 0x0000000082400000, 0x0000000082400000| Untracked 
|  37|0x0000000082500000, 0x0000000082500000, 0x0000000082600000|  0%| F|  |TAMS 0x0000000082500000, 0x0000000082500000| Untracked 
|  38|0x0000000082600000, 0x0000000082600000, 0x0000000082700000|  0%| F|  |TAMS 0x0000000082600000, 0x0000000082600000| Untracked 
|  39|0x0000000082700000, 0x0000000082700000, 0x0000000082800000|  0%| F|  |TAMS 0x0000000082700000, 0x0000000082700000| Untracked 
|  40|0x0000000082800000, 0x0000000082800000, 0x0000000082900000|  0%| F|  |TAMS 0x0000000082800000, 0x0000000082800000| Untracked 
|  41|0x0000000082900000, 0x0000000082900000, 0x0000000082a00000|  0%| F|  |TAMS 0x0000000082900000, 0x0000000082900000| Untracked 
|  42|0x0000000082a00000, 0x0000000082a00000, 0x0000000082b00000|  0%| F|  |TAMS 0x0000000082a00000, 0x0000000082a00000| Untracked 
|  43|0x0000000082b00000, 0x0000000082b00000, 0x0000000082c00000|  0%| F|  |TAMS 0x0000000082b00000, 0x0000000082b00000| Untracked 
|  44|0x0000000082c00000, 0x0000000082c00000, 0x0000000082d00000|  0%| F|  |TAMS 0x0000000082c00000, 0x0000000082c00000| Untracked 
|  45|0x0000000082d00000, 0x0000000082d00000, 0x0000000082e00000|  0%| F|  |TAMS 0x0000000082d00000, 0x0000000082d00000| Untracked 
|  46|0x0000000082e00000, 0x0000000082e00000, 0x0000000082f00000|  0%| F|  |TAMS 0x0000000082e00000, 0x0000000082e00000| Untracked 
|  47|0x0000000082f00000, 0x0000000082f00000, 0x0000000083000000|  0%| F|  |TAMS 0x0000000082f00000, 0x0000000082f00000| Untracked 
|  48|0x0000000083000000, 0x0000000083000000, 0x0000000083100000|  0%| F|  |TAMS 0x0000000083000000, 0x0000000083000000| Untracked 
|  49|0x0000000083100000, 0x0000000083100000, 0x0000000083200000|  0%| F|  |TAMS 0x0000000083100000, 0x0000000083100000| Untracked 
|  50|0x0000000083200000, 0x0000000083200000, 0x0000000083300000|  0%| F|  |TAMS 0x0000000083200000, 0x0000000083200000| Untracked 
|  51|0x0000000083300000, 0x0000000083300000, 0x0000000083400000|  0%| F|  |TAMS 0x0000000083300000, 0x0000000083300000| Untracked 
|  52|0x0000000083400000, 0x0000000083400000, 0x0000000083500000|  0%| F|  |TAMS 0x0000000083400000, 0x0000000083400000| Untracked 
|  53|0x0000000083500000, 0x0000000083500000, 0x0000000083600000|  0%| F|  |TAMS 0x0000000083500000, 0x0000000083500000| Untracked 
|  54|0x0000000083600000, 0x0000000083600000, 0x0000000083700000|  0%| F|  |TAMS 0x0000000083600000, 0x0000000083600000| Untracked 
|  55|0x0000000083700000, 0x0000000083700000, 0x0000000083800000|  0%| F|  |TAMS 0x0000000083700000, 0x0000000083700000| Untracked 
|  56|0x0000000083800000, 0x0000000083800000, 0x0000000083900000|  0%| F|  |TAMS 0x0000000083800000, 0x0000000083800000| Untracked 
|  57|0x0000000083900000, 0x0000000083900000, 0x0000000083a00000|  0%| F|  |TAMS 0x0000000083900000, 0x0000000083900000| Untracked 
|  58|0x0000000083a00000, 0x0000000083a00000, 0x0000000083b00000|  0%| F|  |TAMS 0x0000000083a00000, 0x0000000083a00000| Untracked 
|  59|0x0000000083b00000, 0x0000000083b00000, 0x0000000083c00000|  0%| F|  |TAMS 0x0000000083b00000, 0x0000000083b00000| Untracked 
|  60|0x0000000083c00000, 0x0000000083c00000, 0x0000000083d00000|  0%| F|  |TAMS 0x0000000083c00000, 0x0000000083c00000| Untracked 
|  61|0x0000000083d00000, 0x0000000083d00000, 0x0000000083e00000|  0%| F|  |TAMS 0x0000000083d00000, 0x0000000083d00000| Untracked 
|  62|0x0000000083e00000, 0x0000000083e00000, 0x0000000083f00000|  0%| F|  |TAMS 0x0000000083e00000, 0x0000000083e00000| Untracked 
|  63|0x0000000083f00000, 0x0000000083f00000, 0x0000000084000000|  0%| F|  |TAMS 0x0000000083f00000, 0x0000000083f00000| Untracked 
|  64|0x0000000084000000, 0x0000000084000000, 0x0000000084100000|  0%| F|  |TAMS 0x0000000084000000, 0x0000000084000000| Untracked 
|  65|0x0000000084100000, 0x0000000084100000, 0x0000000084200000|  0%| F|  |TAMS 0x0000000084100000, 0x0000000084100000| Untracked 
|  66|0x0000000084200000, 0x0000000084200000, 0x0000000084300000|  0%| F|  |TAMS 0x0000000084200000, 0x0000000084200000| Untracked 
|  67|0x0000000084300000, 0x0000000084300000, 0x0000000084400000|  0%| F|  |TAMS 0x0000000084300000, 0x0000000084300000| Untracked 
|  68|0x0000000084400000, 0x0000000084400000, 0x0000000084500000|  0%| F|  |TAMS 0x0000000084400000, 0x0000000084400000| Untracked 
|  69|0x0000000084500000, 0x0000000084500000, 0x0000000084600000|  0%| F|  |TAMS 0x0000000084500000, 0x0000000084500000| Untracked 
|  70|0x0000000084600000, 0x0000000084600000, 0x0000000084700000|  0%| F|  |TAMS 0x0000000084600000, 0x0000000084600000| Untracked 
|  71|0x0000000084700000, 0x0000000084700000, 0x0000000084800000|  0%| F|  |TAMS 0x0000000084700000, 0x0000000084700000| Untracked 
|  72|0x0000000084800000, 0x0000000084800000, 0x0000000084900000|  0%| F|  |TAMS 0x0000000084800000, 0x0000000084800000| Untracked 
|  73|0x0000000084900000, 0x0000000084900000, 0x0000000084a00000|  0%| F|  |TAMS 0x0000000084900000, 0x0000000084900000| Untracked 
|  74|0x0000000084a00000, 0x0000000084a00000, 0x0000000084b00000|  0%| F|  |TAMS 0x0000000084a00000, 0x0000000084a00000| Untracked 
|  75|0x0000000084b00000, 0x0000000084b00000, 0x0000000084c00000|  0%| F|  |TAMS 0x0000000084b00000, 0x0000000084b00000| Untracked 
|  76|0x0000000084c00000, 0x0000000084c00000, 0x0000000084d00000|  0%| F|  |TAMS 0x0000000084c00000, 0x0000000084c00000| Untracked 
|  77|0x0000000084d00000, 0x0000000084d00000, 0x0000000084e00000|  0%| F|  |TAMS 0x0000000084d00000, 0x0000000084d00000| Untracked 
|  78|0x0000000084e00000, 0x0000000084e00000, 0x0000000084f00000|  0%| F|  |TAMS 0x0000000084e00000, 0x0000000084e00000| Untracked 
|  79|0x0000000084f00000, 0x0000000084f00000, 0x0000000085000000|  0%| F|  |TAMS 0x0000000084f00000, 0x0000000084f00000| Untracked 
|  80|0x0000000085000000, 0x0000000085000000, 0x0000000085100000|  0%| F|  |TAMS 0x0000000085000000, 0x0000000085000000| Untracked 
|  81|0x0000000085100000, 0x0000000085100000, 0x0000000085200000|  0%| F|  |TAMS 0x0000000085100000, 0x0000000085100000| Untracked 
|  82|0x0000000085200000, 0x0000000085200000, 0x0000000085300000|  0%| F|  |TAMS 0x0000000085200000, 0x0000000085200000| Untracked 
|  83|0x0000000085300000, 0x0000000085300000, 0x0000000085400000|  0%| F|  |TAMS 0x0000000085300000, 0x0000000085300000| Untracked 
|  84|0x0000000085400000, 0x0000000085400000, 0x0000000085500000|  0%| F|  |TAMS 0x0000000085400000, 0x0000000085400000| Untracked 
|  85|0x0000000085500000, 0x0000000085500000, 0x0000000085600000|  0%| F|  |TAMS 0x0000000085500000, 0x0000000085500000| Untracked 
|  86|0x0000000085600000, 0x0000000085600000, 0x0000000085700000|  0%| F|  |TAMS 0x0000000085600000, 0x0000000085600000| Untracked 
|  87|0x0000000085700000, 0x0000000085700000, 0x0000000085800000|  0%| F|  |TAMS 0x0000000085700000, 0x0000000085700000| Untracked 
|  88|0x0000000085800000, 0x0000000085800000, 0x0000000085900000|  0%| F|  |TAMS 0x0000000085800000, 0x0000000085800000| Untracked 
|  89|0x0000000085900000, 0x0000000085900000, 0x0000000085a00000|  0%| F|  |TAMS 0x0000000085900000, 0x0000000085900000| Untracked 
|  90|0x0000000085a00000, 0x0000000085a00000, 0x0000000085b00000|  0%| F|  |TAMS 0x0000000085a00000, 0x0000000085a00000| Untracked 
|  91|0x0000000085b00000, 0x0000000085b00000, 0x0000000085c00000|  0%| F|  |TAMS 0x0000000085b00000, 0x0000000085b00000| Untracked 
|  92|0x0000000085c00000, 0x0000000085c00000, 0x0000000085d00000|  0%| F|  |TAMS 0x0000000085c00000, 0x0000000085c00000| Untracked 
|  93|0x0000000085d00000, 0x0000000085d00000, 0x0000000085e00000|  0%| F|  |TAMS 0x0000000085d00000, 0x0000000085d00000| Untracked 
|  94|0x0000000085e00000, 0x0000000085e00000, 0x0000000085f00000|  0%| F|  |TAMS 0x0000000085e00000, 0x0000000085e00000| Untracked 
|  95|0x0000000085f00000, 0x0000000085f00000, 0x0000000086000000|  0%| F|  |TAMS 0x0000000085f00000, 0x0000000085f00000| Untracked 
|  96|0x0000000086000000, 0x0000000086000000, 0x0000000086100000|  0%| F|  |TAMS 0x0000000086000000, 0x0000000086000000| Untracked 
|  97|0x0000000086100000, 0x0000000086100000, 0x0000000086200000|  0%| F|  |TAMS 0x0000000086100000, 0x0000000086100000| Untracked 
|  98|0x0000000086200000, 0x0000000086200000, 0x0000000086300000|  0%| F|  |TAMS 0x0000000086200000, 0x0000000086200000| Untracked 
|  99|0x0000000086300000, 0x0000000086300000, 0x0000000086400000|  0%| F|  |TAMS 0x0000000086300000, 0x0000000086300000| Untracked 
| 100|0x0000000086400000, 0x0000000086400000, 0x0000000086500000|  0%| F|  |TAMS 0x0000000086400000, 0x0000000086400000| Untracked 
| 101|0x0000000086500000, 0x0000000086500000, 0x0000000086600000|  0%| F|  |TAMS 0x0000000086500000, 0x0000000086500000| Untracked 
| 102|0x0000000086600000, 0x0000000086600000, 0x0000000086700000|  0%| F|  |TAMS 0x0000000086600000, 0x0000000086600000| Untracked 
| 103|0x0000000086700000, 0x0000000086700000, 0x0000000086800000|  0%| F|  |TAMS 0x0000000086700000, 0x0000000086700000| Untracked 
| 104|0x0000000086800000, 0x0000000086800000, 0x0000000086900000|  0%| F|  |TAMS 0x0000000086800000, 0x0000000086800000| Untracked 
| 105|0x0000000086900000, 0x0000000086900000, 0x0000000086a00000|  0%| F|  |TAMS 0x0000000086900000, 0x0000000086900000| Untracked 
| 106|0x0000000086a00000, 0x0000000086a00000, 0x0000000086b00000|  0%| F|  |TAMS 0x0000000086a00000, 0x0000000086a00000| Untracked 
| 107|0x0000000086b00000, 0x0000000086b00000, 0x0000000086c00000|  0%| F|  |TAMS 0x0000000086b00000, 0x0000000086b00000| Untracked 
| 108|0x0000000086c00000, 0x0000000086c00000, 0x0000000086d00000|  0%| F|  |TAMS 0x0000000086c00000, 0x0000000086c00000| Untracked 
| 109|0x0000000086d00000, 0x0000000086d00000, 0x0000000086e00000|  0%| F|  |TAMS 0x0000000086d00000, 0x0000000086d00000| Untracked 
| 110|0x0000000086e00000, 0x0000000086e00000, 0x0000000086f00000|  0%| F|  |TAMS 0x0000000086e00000, 0x0000000086e00000| Untracked 
| 111|0x0000000086f00000, 0x0000000086f80800, 0x0000000087000000| 50%| E|  |TAMS 0x0000000086f00000, 0x0000000086f00000| Complete 
| 112|0x0000000087000000, 0x0000000087100000, 0x0000000087100000|100%| E|CS|TAMS 0x0000000087000000, 0x0000000087000000| Complete 
| 113|0x0000000087100000, 0x0000000087200000, 0x0000000087200000|100%| E|CS|TAMS 0x0000000087100000, 0x0000000087100000| Complete 
| 114|0x0000000087200000, 0x0000000087300000, 0x0000000087300000|100%| E|CS|TAMS 0x0000000087200000, 0x0000000087200000| Complete 
| 115|0x0000000087300000, 0x0000000087400000, 0x0000000087400000|100%| E|CS|TAMS 0x0000000087300000, 0x0000000087300000| Complete 
| 116|0x0000000087400000, 0x0000000087500000, 0x0000000087500000|100%| E|CS|TAMS 0x0000000087400000, 0x0000000087400000| Complete 
| 117|0x0000000087500000, 0x0000000087600000, 0x0000000087600000|100%| E|CS|TAMS 0x0000000087500000, 0x0000000087500000| Complete 
| 118|0x0000000087600000, 0x0000000087700000, 0x0000000087700000|100%| E|CS|TAMS 0x0000000087600000, 0x0000000087600000| Complete 
| 119|0x0000000087700000, 0x0000000087800000, 0x0000000087800000|100%| E|CS|TAMS 0x0000000087700000, 0x0000000087700000| Complete 
| 120|0x0000000087800000, 0x0000000087900000, 0x0000000087900000|100%| E|CS|TAMS 0x0000000087800000, 0x0000000087800000| Complete 
| 121|0x0000000087900000, 0x0000000087a00000, 0x0000000087a00000|100%| E|CS|TAMS 0x0000000087900000, 0x0000000087900000| Complete 
| 122|0x0000000087a00000, 0x0000000087b00000, 0x0000000087b00000|100%| E|CS|TAMS 0x0000000087a00000, 0x0000000087a00000| Complete 
| 123|0x0000000087b00000, 0x0000000087c00000, 0x0000000087c00000|100%| E|CS|TAMS 0x0000000087b00000, 0x0000000087b00000| Complete 
| 124|0x0000000087c00000, 0x0000000087d00000, 0x0000000087d00000|100%| E|CS|TAMS 0x0000000087c00000, 0x0000000087c00000| Complete 
| 125|0x0000000087d00000, 0x0000000087e00000, 0x0000000087e00000|100%| E|CS|TAMS 0x0000000087d00000, 0x0000000087d00000| Complete 
| 126|0x0000000087e00000, 0x0000000087f00000, 0x0000000087f00000|100%| E|CS|TAMS 0x0000000087e00000, 0x0000000087e00000| Complete 
| 127|0x0000000087f00000, 0x0000000088000000, 0x0000000088000000|100%| E|CS|TAMS 0x0000000087f00000, 0x0000000087f00000| Complete 
| 128|0x0000000088000000, 0x0000000088100000, 0x0000000088100000|100%| E|CS|TAMS 0x0000000088000000, 0x0000000088000000| Complete 
| 129|0x0000000088100000, 0x0000000088200000, 0x0000000088200000|100%| E|CS|TAMS 0x0000000088100000, 0x0000000088100000| Complete 
| 130|0x0000000088200000, 0x0000000088300000, 0x0000000088300000|100%| E|CS|TAMS 0x0000000088200000, 0x0000000088200000| Complete 
| 131|0x0000000088300000, 0x0000000088400000, 0x0000000088400000|100%| E|CS|TAMS 0x0000000088300000, 0x0000000088300000| Complete 
| 132|0x0000000088400000, 0x0000000088500000, 0x0000000088500000|100%| E|CS|TAMS 0x0000000088400000, 0x0000000088400000| Complete 
| 133|0x0000000088500000, 0x0000000088600000, 0x0000000088600000|100%| E|CS|TAMS 0x0000000088500000, 0x0000000088500000| Complete 
| 134|0x0000000088600000, 0x0000000088700000, 0x0000000088700000|100%| E|CS|TAMS 0x0000000088600000, 0x0000000088600000| Complete 
| 135|0x0000000088700000, 0x0000000088800000, 0x0000000088800000|100%| E|CS|TAMS 0x0000000088700000, 0x0000000088700000| Complete 
| 136|0x0000000088800000, 0x0000000088900000, 0x0000000088900000|100%| E|CS|TAMS 0x0000000088800000, 0x0000000088800000| Complete 
| 137|0x0000000088900000, 0x0000000088a00000, 0x0000000088a00000|100%| E|CS|TAMS 0x0000000088900000, 0x0000000088900000| Complete 
| 138|0x0000000088a00000, 0x0000000088b00000, 0x0000000088b00000|100%| E|CS|TAMS 0x0000000088a00000, 0x0000000088a00000| Complete 
| 139|0x0000000088b00000, 0x0000000088c00000, 0x0000000088c00000|100%| E|CS|TAMS 0x0000000088b00000, 0x0000000088b00000| Complete 
| 140|0x0000000088c00000, 0x0000000088d00000, 0x0000000088d00000|100%| E|CS|TAMS 0x0000000088c00000, 0x0000000088c00000| Complete 
| 141|0x0000000088d00000, 0x0000000088e00000, 0x0000000088e00000|100%| E|CS|TAMS 0x0000000088d00000, 0x0000000088d00000| Complete 
| 142|0x0000000088e00000, 0x0000000088f00000, 0x0000000088f00000|100%| E|CS|TAMS 0x0000000088e00000, 0x0000000088e00000| Complete 
| 143|0x0000000088f00000, 0x0000000089000000, 0x0000000089000000|100%| E|CS|TAMS 0x0000000088f00000, 0x0000000088f00000| Complete 
| 144|0x0000000089000000, 0x0000000089100000, 0x0000000089100000|100%| E|CS|TAMS 0x0000000089000000, 0x0000000089000000| Complete 
| 145|0x0000000089100000, 0x0000000089200000, 0x0000000089200000|100%| E|CS|TAMS 0x0000000089100000, 0x0000000089100000| Complete 
| 146|0x0000000089200000, 0x0000000089300000, 0x0000000089300000|100%| E|CS|TAMS 0x0000000089200000, 0x0000000089200000| Complete 
| 147|0x0000000089300000, 0x0000000089400000, 0x0000000089400000|100%| E|CS|TAMS 0x0000000089300000, 0x0000000089300000| Complete 
| 148|0x0000000089400000, 0x0000000089500000, 0x0000000089500000|100%| E|CS|TAMS 0x0000000089400000, 0x0000000089400000| Complete 
| 149|0x0000000089500000, 0x0000000089600000, 0x0000000089600000|100%| E|CS|TAMS 0x0000000089500000, 0x0000000089500000| Complete 
| 150|0x0000000089600000, 0x0000000089700000, 0x0000000089700000|100%| E|CS|TAMS 0x0000000089600000, 0x0000000089600000| Complete 
| 151|0x0000000089700000, 0x0000000089800000, 0x0000000089800000|100%| E|CS|TAMS 0x0000000089700000, 0x0000000089700000| Complete 
| 152|0x0000000089800000, 0x0000000089900000, 0x0000000089900000|100%| E|CS|TAMS 0x0000000089800000, 0x0000000089800000| Complete 
| 153|0x0000000089900000, 0x0000000089a00000, 0x0000000089a00000|100%| E|CS|TAMS 0x0000000089900000, 0x0000000089900000| Complete 
| 154|0x0000000089a00000, 0x0000000089b00000, 0x0000000089b00000|100%| E|CS|TAMS 0x0000000089a00000, 0x0000000089a00000| Complete 
| 155|0x0000000089b00000, 0x0000000089c00000, 0x0000000089c00000|100%| E|CS|TAMS 0x0000000089b00000, 0x0000000089b00000| Complete 
| 156|0x0000000089c00000, 0x0000000089d00000, 0x0000000089d00000|100%| E|CS|TAMS 0x0000000089c00000, 0x0000000089c00000| Complete 
| 157|0x0000000089d00000, 0x0000000089e00000, 0x0000000089e00000|100%| E|CS|TAMS 0x0000000089d00000, 0x0000000089d00000| Complete 
| 158|0x0000000089e00000, 0x0000000089f00000, 0x0000000089f00000|100%| E|CS|TAMS 0x0000000089e00000, 0x0000000089e00000| Complete 
| 159|0x0000000089f00000, 0x000000008a000000, 0x000000008a000000|100%| E|CS|TAMS 0x0000000089f00000, 0x0000000089f00000| Complete 
| 160|0x000000008a000000, 0x000000008a100000, 0x000000008a100000|100%| E|  |TAMS 0x000000008a000000, 0x000000008a000000| Complete 
| 161|0x000000008a100000, 0x000000008a200000, 0x000000008a200000|100%| E|CS|TAMS 0x000000008a100000, 0x000000008a100000| Complete 
| 162|0x000000008a200000, 0x000000008a300000, 0x000000008a300000|100%| E|CS|TAMS 0x000000008a200000, 0x000000008a200000| Complete 
| 163|0x000000008a300000, 0x000000008a400000, 0x000000008a400000|100%| E|CS|TAMS 0x000000008a300000, 0x000000008a300000| Complete 
| 164|0x000000008a400000, 0x000000008a500000, 0x000000008a500000|100%| E|CS|TAMS 0x000000008a400000, 0x000000008a400000| Complete 
| 165|0x000000008a500000, 0x000000008a600000, 0x000000008a600000|100%| E|CS|TAMS 0x000000008a500000, 0x000000008a500000| Complete 
| 166|0x000000008a600000, 0x000000008a700000, 0x000000008a700000|100%| E|CS|TAMS 0x000000008a600000, 0x000000008a600000| Complete 
| 167|0x000000008a700000, 0x000000008a800000, 0x000000008a800000|100%| E|CS|TAMS 0x000000008a700000, 0x000000008a700000| Complete 
| 168|0x000000008a800000, 0x000000008a900000, 0x000000008a900000|100%| E|CS|TAMS 0x000000008a800000, 0x000000008a800000| Complete 
| 169|0x000000008a900000, 0x000000008aa00000, 0x000000008aa00000|100%| E|CS|TAMS 0x000000008a900000, 0x000000008a900000| Complete 
| 170|0x000000008aa00000, 0x000000008ab00000, 0x000000008ab00000|100%| E|CS|TAMS 0x000000008aa00000, 0x000000008aa00000| Complete 
| 171|0x000000008ab00000, 0x000000008ac00000, 0x000000008ac00000|100%| E|CS|TAMS 0x000000008ab00000, 0x000000008ab00000| Complete 
| 172|0x000000008ac00000, 0x000000008ad00000, 0x000000008ad00000|100%| E|CS|TAMS 0x000000008ac00000, 0x000000008ac00000| Complete 
| 173|0x000000008ad00000, 0x000000008ae00000, 0x000000008ae00000|100%| E|CS|TAMS 0x000000008ad00000, 0x000000008ad00000| Complete 
| 174|0x000000008ae00000, 0x000000008af00000, 0x000000008af00000|100%| E|CS|TAMS 0x000000008ae00000, 0x000000008ae00000| Complete 
| 175|0x000000008af00000, 0x000000008b000000, 0x000000008b000000|100%| E|CS|TAMS 0x000000008af00000, 0x000000008af00000| Complete 
| 176|0x000000008b000000, 0x000000008b100000, 0x000000008b100000|100%| E|CS|TAMS 0x000000008b000000, 0x000000008b000000| Complete 
| 177|0x000000008b100000, 0x000000008b200000, 0x000000008b200000|100%| E|CS|TAMS 0x000000008b100000, 0x000000008b100000| Complete 
| 178|0x000000008b200000, 0x000000008b300000, 0x000000008b300000|100%| E|CS|TAMS 0x000000008b200000, 0x000000008b200000| Complete 
| 179|0x000000008b300000, 0x000000008b400000, 0x000000008b400000|100%| E|CS|TAMS 0x000000008b300000, 0x000000008b300000| Complete 
| 180|0x000000008b400000, 0x000000008b500000, 0x000000008b500000|100%| E|CS|TAMS 0x000000008b400000, 0x000000008b400000| Complete 
| 181|0x000000008b500000, 0x000000008b600000, 0x000000008b600000|100%| E|CS|TAMS 0x000000008b500000, 0x000000008b500000| Complete 
| 182|0x000000008b600000, 0x000000008b700000, 0x000000008b700000|100%| E|CS|TAMS 0x000000008b600000, 0x000000008b600000| Complete 
| 183|0x000000008b700000, 0x000000008b800000, 0x000000008b800000|100%| E|CS|TAMS 0x000000008b700000, 0x000000008b700000| Complete 
| 184|0x000000008b800000, 0x000000008b900000, 0x000000008b900000|100%| E|CS|TAMS 0x000000008b800000, 0x000000008b800000| Complete 
| 185|0x000000008b900000, 0x000000008ba00000, 0x000000008ba00000|100%| E|CS|TAMS 0x000000008b900000, 0x000000008b900000| Complete 
| 186|0x000000008ba00000, 0x000000008bb00000, 0x000000008bb00000|100%| E|CS|TAMS 0x000000008ba00000, 0x000000008ba00000| Complete 
| 187|0x000000008bb00000, 0x000000008bc00000, 0x000000008bc00000|100%| E|CS|TAMS 0x000000008bb00000, 0x000000008bb00000| Complete 
| 188|0x000000008bc00000, 0x000000008bd00000, 0x000000008bd00000|100%| E|CS|TAMS 0x000000008bc00000, 0x000000008bc00000| Complete 
| 189|0x000000008bd00000, 0x000000008be00000, 0x000000008be00000|100%| E|CS|TAMS 0x000000008bd00000, 0x000000008bd00000| Complete 
| 190|0x000000008be00000, 0x000000008bf00000, 0x000000008bf00000|100%| E|CS|TAMS 0x000000008be00000, 0x000000008be00000| Complete 
| 191|0x000000008bf00000, 0x000000008c000000, 0x000000008c000000|100%| E|CS|TAMS 0x000000008bf00000, 0x000000008bf00000| Complete 
| 192|0x000000008c000000, 0x000000008c100000, 0x000000008c100000|100%| E|CS|TAMS 0x000000008c000000, 0x000000008c000000| Complete 
| 193|0x000000008c100000, 0x000000008c200000, 0x000000008c200000|100%| E|CS|TAMS 0x000000008c100000, 0x000000008c100000| Complete 
| 194|0x000000008c200000, 0x000000008c300000, 0x000000008c300000|100%| E|CS|TAMS 0x000000008c200000, 0x000000008c200000| Complete 
| 195|0x000000008c300000, 0x000000008c400000, 0x000000008c400000|100%| E|CS|TAMS 0x000000008c300000, 0x000000008c300000| Complete 
| 196|0x000000008c400000, 0x000000008c500000, 0x000000008c500000|100%| E|CS|TAMS 0x000000008c400000, 0x000000008c400000| Complete 
| 197|0x000000008c500000, 0x000000008c560c18, 0x000000008c600000| 37%| S|CS|TAMS 0x000000008c500000, 0x000000008c500000| Complete 
| 198|0x000000008c600000, 0x000000008c700000, 0x000000008c700000|100%| S|CS|TAMS 0x000000008c600000, 0x000000008c600000| Complete 
| 199|0x000000008c700000, 0x000000008c800000, 0x000000008c800000|100%| S|CS|TAMS 0x000000008c700000, 0x000000008c700000| Complete 
| 200|0x000000008c800000, 0x000000008c900000, 0x000000008c900000|100%| S|CS|TAMS 0x000000008c800000, 0x000000008c800000| Complete 
| 201|0x000000008c900000, 0x000000008ca00000, 0x000000008ca00000|100%| S|CS|TAMS 0x000000008c900000, 0x000000008c900000| Complete 
| 202|0x000000008ca00000, 0x000000008cb00000, 0x000000008cb00000|100%| S|CS|TAMS 0x000000008ca00000, 0x000000008ca00000| Complete 
| 203|0x000000008cb00000, 0x000000008cc00000, 0x000000008cc00000|100%| S|CS|TAMS 0x000000008cb00000, 0x000000008cb00000| Complete 
| 204|0x000000008cc00000, 0x000000008cd00000, 0x000000008cd00000|100%| E|CS|TAMS 0x000000008cc00000, 0x000000008cc00000| Complete 
| 205|0x000000008cd00000, 0x000000008ce00000, 0x000000008ce00000|100%| E|CS|TAMS 0x000000008cd00000, 0x000000008cd00000| Complete 
| 206|0x000000008ce00000, 0x000000008cf00000, 0x000000008cf00000|100%| E|CS|TAMS 0x000000008ce00000, 0x000000008ce00000| Complete 
| 207|0x000000008cf00000, 0x000000008d000000, 0x000000008d000000|100%| E|CS|TAMS 0x000000008cf00000, 0x000000008cf00000| Complete 
| 208|0x000000008d000000, 0x000000008d100000, 0x000000008d100000|100%| E|CS|TAMS 0x000000008d000000, 0x000000008d000000| Complete 
| 209|0x000000008d100000, 0x000000008d200000, 0x000000008d200000|100%| E|CS|TAMS 0x000000008d100000, 0x000000008d100000| Complete 
| 210|0x000000008d200000, 0x000000008d300000, 0x000000008d300000|100%| E|CS|TAMS 0x000000008d200000, 0x000000008d200000| Complete 
| 211|0x000000008d300000, 0x000000008d400000, 0x000000008d400000|100%| E|CS|TAMS 0x000000008d300000, 0x000000008d300000| Complete 
| 212|0x000000008d400000, 0x000000008d500000, 0x000000008d500000|100%| E|CS|TAMS 0x000000008d400000, 0x000000008d400000| Complete 
| 213|0x000000008d500000, 0x000000008d600000, 0x000000008d600000|100%| E|CS|TAMS 0x000000008d500000, 0x000000008d500000| Complete 
| 214|0x000000008d600000, 0x000000008d700000, 0x000000008d700000|100%| E|CS|TAMS 0x000000008d600000, 0x000000008d600000| Complete 
| 215|0x000000008d700000, 0x000000008d800000, 0x000000008d800000|100%| E|CS|TAMS 0x000000008d700000, 0x000000008d700000| Complete 
| 216|0x000000008d800000, 0x000000008d900000, 0x000000008d900000|100%| E|CS|TAMS 0x000000008d800000, 0x000000008d800000| Complete 
| 217|0x000000008d900000, 0x000000008da00000, 0x000000008da00000|100%| E|CS|TAMS 0x000000008d900000, 0x000000008d900000| Complete 
| 218|0x000000008da00000, 0x000000008db00000, 0x000000008db00000|100%| E|CS|TAMS 0x000000008da00000, 0x000000008da00000| Complete 
| 219|0x000000008db00000, 0x000000008dc00000, 0x000000008dc00000|100%| E|CS|TAMS 0x000000008db00000, 0x000000008db00000| Complete 
| 220|0x000000008dc00000, 0x000000008dd00000, 0x000000008dd00000|100%| E|CS|TAMS 0x000000008dc00000, 0x000000008dc00000| Complete 
| 221|0x000000008dd00000, 0x000000008de00000, 0x000000008de00000|100%| E|CS|TAMS 0x000000008dd00000, 0x000000008dd00000| Complete 
| 222|0x000000008de00000, 0x000000008df00000, 0x000000008df00000|100%| E|CS|TAMS 0x000000008de00000, 0x000000008de00000| Complete 
| 223|0x000000008df00000, 0x000000008e000000, 0x000000008e000000|100%| E|CS|TAMS 0x000000008df00000, 0x000000008df00000| Complete 
| 224|0x000000008e000000, 0x000000008e100000, 0x000000008e100000|100%| E|CS|TAMS 0x000000008e000000, 0x000000008e000000| Complete 
| 225|0x000000008e100000, 0x000000008e200000, 0x000000008e200000|100%| E|CS|TAMS 0x000000008e100000, 0x000000008e100000| Complete 
| 226|0x000000008e200000, 0x000000008e300000, 0x000000008e300000|100%| E|CS|TAMS 0x000000008e200000, 0x000000008e200000| Complete 
| 227|0x000000008e300000, 0x000000008e400000, 0x000000008e400000|100%| E|CS|TAMS 0x000000008e300000, 0x000000008e300000| Complete 
| 228|0x000000008e400000, 0x000000008e500000, 0x000000008e500000|100%| E|CS|TAMS 0x000000008e400000, 0x000000008e400000| Complete 
| 229|0x000000008e500000, 0x000000008e600000, 0x000000008e600000|100%| E|CS|TAMS 0x000000008e500000, 0x000000008e500000| Complete 
| 230|0x000000008e600000, 0x000000008e700000, 0x000000008e700000|100%| E|CS|TAMS 0x000000008e600000, 0x000000008e600000| Complete 
| 231|0x000000008e700000, 0x000000008e800000, 0x000000008e800000|100%| E|CS|TAMS 0x000000008e700000, 0x000000008e700000| Complete 
| 232|0x000000008e800000, 0x000000008e900000, 0x000000008e900000|100%| E|CS|TAMS 0x000000008e800000, 0x000000008e800000| Complete 
| 233|0x000000008e900000, 0x000000008ea00000, 0x000000008ea00000|100%| E|CS|TAMS 0x000000008e900000, 0x000000008e900000| Complete 
| 234|0x000000008ea00000, 0x000000008eb00000, 0x000000008eb00000|100%| E|CS|TAMS 0x000000008ea00000, 0x000000008ea00000| Complete 
| 235|0x000000008eb00000, 0x000000008ec00000, 0x000000008ec00000|100%| E|CS|TAMS 0x000000008eb00000, 0x000000008eb00000| Complete 
| 236|0x000000008ec00000, 0x000000008ed00000, 0x000000008ed00000|100%| E|CS|TAMS 0x000000008ec00000, 0x000000008ec00000| Complete 
| 237|0x000000008ed00000, 0x000000008ee00000, 0x000000008ee00000|100%| E|CS|TAMS 0x000000008ed00000, 0x000000008ed00000| Complete 
| 238|0x000000008ee00000, 0x000000008ef00000, 0x000000008ef00000|100%| E|CS|TAMS 0x000000008ee00000, 0x000000008ee00000| Complete 
| 239|0x000000008ef00000, 0x000000008f000000, 0x000000008f000000|100%| E|CS|TAMS 0x000000008ef00000, 0x000000008ef00000| Complete 
| 240|0x000000008f000000, 0x000000008f100000, 0x000000008f100000|100%| E|CS|TAMS 0x000000008f000000, 0x000000008f000000| Complete 
| 241|0x000000008f100000, 0x000000008f200000, 0x000000008f200000|100%| E|CS|TAMS 0x000000008f100000, 0x000000008f100000| Complete 
| 242|0x000000008f200000, 0x000000008f300000, 0x000000008f300000|100%| E|CS|TAMS 0x000000008f200000, 0x000000008f200000| Complete 
| 243|0x000000008f300000, 0x000000008f400000, 0x000000008f400000|100%| E|CS|TAMS 0x000000008f300000, 0x000000008f300000| Complete 
| 244|0x000000008f400000, 0x000000008f500000, 0x000000008f500000|100%| E|CS|TAMS 0x000000008f400000, 0x000000008f400000| Complete 
| 245|0x000000008f500000, 0x000000008f600000, 0x000000008f600000|100%| E|CS|TAMS 0x000000008f500000, 0x000000008f500000| Complete 
| 246|0x000000008f600000, 0x000000008f700000, 0x000000008f700000|100%| E|CS|TAMS 0x000000008f600000, 0x000000008f600000| Complete 
| 247|0x000000008f700000, 0x000000008f800000, 0x000000008f800000|100%| E|CS|TAMS 0x000000008f700000, 0x000000008f700000| Complete 
| 248|0x000000008f800000, 0x000000008f900000, 0x000000008f900000|100%| E|CS|TAMS 0x000000008f800000, 0x000000008f800000| Complete 
| 249|0x000000008f900000, 0x000000008fa00000, 0x000000008fa00000|100%| E|CS|TAMS 0x000000008f900000, 0x000000008f900000| Complete 
| 250|0x000000008fa00000, 0x000000008fb00000, 0x000000008fb00000|100%| E|CS|TAMS 0x000000008fa00000, 0x000000008fa00000| Complete 
| 251|0x000000008fb00000, 0x000000008fc00000, 0x000000008fc00000|100%| E|CS|TAMS 0x000000008fb00000, 0x000000008fb00000| Complete 
| 252|0x000000008fc00000, 0x000000008fd00000, 0x000000008fd00000|100%| E|CS|TAMS 0x000000008fc00000, 0x000000008fc00000| Complete 
| 253|0x000000008fd00000, 0x000000008fe00000, 0x000000008fe00000|100%| E|CS|TAMS 0x000000008fd00000, 0x000000008fd00000| Complete 
| 254|0x000000008fe00000, 0x000000008ff00000, 0x000000008ff00000|100%| E|CS|TAMS 0x000000008fe00000, 0x000000008fe00000| Complete 
| 255|0x000000008ff00000, 0x0000000090000000, 0x0000000090000000|100%| E|CS|TAMS 0x000000008ff00000, 0x000000008ff00000| Complete 

Card table byte_map: [0x0000023365ef0000,0x00000233662f0000] _byte_map_base: 0x0000023365af0000

Marking Bits (Prev, Next): (CMBitMap*) 0x000002335302bf48, (CMBitMap*) 0x000002335302bf80
 Prev Bits: [0x00000233666f0000, 0x00000233686f0000)
 Next Bits: [0x00000233686f0000, 0x000002336a6f0000)

Polling page: 0x00000233527d0000

Metaspace:

Usage:
  Non-class:     40.37 MB capacity,    39.77 MB ( 99%) used,   502.43 KB (  1%) free+waste,   117.13 KB ( <1%) overhead. 
      Class:      6.32 MB capacity,     5.89 MB ( 93%) used,   383.14 KB (  6%) free+waste,    56.38 KB ( <1%) overhead. 
       Both:     46.69 MB capacity,    45.65 MB ( 98%) used,   885.57 KB (  2%) free+waste,   173.50 KB ( <1%) overhead. 

Virtual space:
  Non-class space:       42.00 MB reserved,      40.45 MB ( 96%) committed 
      Class space:        1.00 GB reserved,       6.38 MB ( <1%) committed 
             Both:        1.04 GB reserved,      46.83 MB (  4%) committed 

Chunk freelists:
   Non-Class:  18.00 KB
       Class:  29.00 KB
        Both:  47.00 KB

MaxMetaspaceSize: 17179869184.00 GB
CompressedClassSpaceSize: 1.00 GB

CodeHeap 'non-profiled nmethods': size=120064Kb used=2324Kb max_used=2324Kb free=117739Kb
 bounds [0x000002335e5b0000, 0x000002335e820000, 0x0000023365af0000]
CodeHeap 'profiled nmethods': size=120000Kb used=8385Kb max_used=8385Kb free=111614Kb
 bounds [0x0000023357080000, 0x00000233578c0000, 0x000002335e5b0000]
CodeHeap 'non-nmethods': size=5696Kb used=2215Kb max_used=2246Kb free=3480Kb
 bounds [0x0000023356af0000, 0x0000023356d60000, 0x0000023357080000]
 total_blobs=4770 nmethods=3983 adapters=698
 compilation: enabled
              stopped_count=0, restarted_count=0
 full_count=0

Compilation events (20 events):
Event: 7.626 Thread 0x000002336d4bc800 3916       3       com.google.common.collect.ImmutableList::of (9 bytes)
Event: 7.626 Thread 0x000002336d4bc800 nmethod 3916 0x000002335789a910 code [0x000002335789ab00, 0x000002335789afc8]
Event: 7.626 Thread 0x000002336d4bc800 3917       3       com.google.common.collect.SingletonImmutableList::<init> (13 bytes)
Event: 7.627 Thread 0x000002336d4bc800 nmethod 3917 0x000002335789b190 code [0x000002335789b380, 0x000002335789b7a8]
Event: 7.630 Thread 0x000002336d4bc800 3918       1       org.gradle.api.internal.artifacts.DefaultModuleIdentifier::hashCode (5 bytes)
Event: 7.630 Thread 0x000002336d4bc800 nmethod 3918 0x000002335e7f0710 code [0x000002335e7f08c0, 0x000002335e7f0978]
Event: 7.633 Thread 0x000002336d4bc800 3919       3       com.google.common.collect.ImmutableList::iterator (5 bytes)
Event: 7.633 Thread 0x000002336d4bc800 nmethod 3919 0x000002335789b990 code [0x000002335789bb60, 0x000002335789be08]
Event: 7.637 Thread 0x000002336d4bc800 3920       3       com.esotericsoftware.kryo.io.Input::readString (127 bytes)
Event: 7.637 Thread 0x000002336d4bc800 nmethod 3920 0x000002335789bf10 code [0x000002335789c160, 0x000002335789c828]
Event: 7.638 Thread 0x000002336d4bc800 3921       3       com.google.common.collect.ImmutableList::asImmutableList (7 bytes)
Event: 7.638 Thread 0x000002336d4bc800 nmethod 3921 0x000002335789cb10 code [0x000002335789ccc0, 0x000002335789cdc8]
Event: 7.638 Thread 0x000002336d4bc800 3922       1       org.gradle.api.internal.artifacts.DefaultModuleIdentifier::getName (5 bytes)
Event: 7.638 Thread 0x000002336d4bc800 nmethod 3922 0x000002335e7f0a10 code [0x000002335e7f0bc0, 0x000002335e7f0c78]
Event: 7.638 Thread 0x000002336d4bc800 3923       3       java.util.stream.Collectors$CollectorImpl::<init> (13 bytes)
Event: 7.638 Thread 0x000002336d4bc800 nmethod 3923 0x000002335789ce90 code [0x000002335789d080, 0x000002335789d5b8]
Event: 7.638 Thread 0x000002336d4bc800 3924       1       org.gradle.api.internal.artifacts.DefaultModuleIdentifier::getGroup (5 bytes)
Event: 7.639 Thread 0x000002336d4bc800 nmethod 3924 0x000002335e7f0d10 code [0x000002335e7f0ec0, 0x000002335e7f0f78]
Event: 7.639 Thread 0x000002336d4bc800 3925       3       org.gradle.util.internal.SimpleMapInterner::intern (9 bytes)
Event: 7.639 Thread 0x000002336d4bc800 nmethod 3925 0x000002335789d790 code [0x000002335789d960, 0x000002335789db88]

GC Heap History (14 events):
Event: 0.720 GC heap before
{Heap before GC invocations=0 (full 0):
 garbage-first heap   total 262144K, used 16384K [0x0000000080000000, 0x0000000100000000)
  region size 1024K, 14 young (14336K), 0 survivors (0K)
 Metaspace       used 6778K, capacity 7001K, committed 7168K, reserved 1056768K
  class space    used 585K, capacity 650K, committed 768K, reserved 1048576K
}
Event: 0.750 GC heap after
{Heap after GC invocations=1 (full 0):
 garbage-first heap   total 262144K, used 4704K [0x0000000080000000, 0x0000000100000000)
  region size 1024K, 2 young (2048K), 2 survivors (2048K)
 Metaspace       used 6778K, capacity 7001K, committed 7168K, reserved 1056768K
  class space    used 585K, capacity 650K, committed 768K, reserved 1048576K
}
Event: 1.010 GC heap before
{Heap before GC invocations=1 (full 0):
 garbage-first heap   total 262144K, used 18016K [0x0000000080000000, 0x0000000100000000)
  region size 1024K, 12 young (12288K), 2 survivors (2048K)
 Metaspace       used 10232K, capacity 10499K, committed 10624K, reserved 1058816K
  class space    used 1067K, capacity 1138K, committed 1152K, reserved 1048576K
}
Event: 1.013 GC heap after
{Heap after GC invocations=2 (full 0):
 garbage-first heap   total 262144K, used 9744K [0x0000000080000000, 0x0000000100000000)
  region size 1024K, 2 young (2048K), 2 survivors (2048K)
 Metaspace       used 10232K, capacity 10499K, committed 10624K, reserved 1058816K
  class space    used 1067K, capacity 1138K, committed 1152K, reserved 1048576K
}
Event: 1.841 GC heap before
{Heap before GC invocations=2 (full 0):
 garbage-first heap   total 262144K, used 39440K [0x0000000080000000, 0x0000000100000000)
  region size 1024K, 30 young (30720K), 2 survivors (2048K)
 Metaspace       used 11280K, capacity 11520K, committed 11776K, reserved 1060864K
  class space    used 1177K, capacity 1244K, committed 1280K, reserved 1048576K
}
Event: 1.844 GC heap after
{Heap after GC invocations=3 (full 0):
 garbage-first heap   total 262144K, used 13272K [0x0000000080000000, 0x0000000100000000)
  region size 1024K, 4 young (4096K), 4 survivors (4096K)
 Metaspace       used 11280K, capacity 11520K, committed 11776K, reserved 1060864K
  class space    used 1177K, capacity 1244K, committed 1280K, reserved 1048576K
}
Event: 3.290 GC heap before
{Heap before GC invocations=3 (full 0):
 garbage-first heap   total 262144K, used 54232K [0x0000000080000000, 0x0000000100000000)
  region size 1024K, 45 young (46080K), 4 survivors (4096K)
 Metaspace       used 17551K, capacity 18036K, committed 18176K, reserved 1064960K
  class space    used 2066K, capacity 2187K, committed 2304K, reserved 1048576K
}
Event: 3.294 GC heap after
{Heap after GC invocations=4 (full 0):
 garbage-first heap   total 262144K, used 16100K [0x0000000080000000, 0x0000000100000000)
  region size 1024K, 6 young (6144K), 6 survivors (6144K)
 Metaspace       used 17551K, capacity 18036K, committed 18176K, reserved 1064960K
  class space    used 2066K, capacity 2187K, committed 2304K, reserved 1048576K
}
Event: 3.625 GC heap before
{Heap before GC invocations=4 (full 0):
 garbage-first heap   total 262144K, used 43748K [0x0000000080000000, 0x0000000100000000)
  region size 1024K, 34 young (34816K), 6 survivors (6144K)
 Metaspace       used 20689K, capacity 21116K, committed 21296K, reserved 1069056K
  class space    used 2535K, capacity 2660K, committed 2688K, reserved 1048576K
}
Event: 3.631 GC heap after
{Heap after GC invocations=5 (full 0):
 garbage-first heap   total 262144K, used 17550K [0x0000000080000000, 0x0000000100000000)
  region size 1024K, 2 young (2048K), 2 survivors (2048K)
 Metaspace       used 20689K, capacity 21116K, committed 21296K, reserved 1069056K
  class space    used 2535K, capacity 2660K, committed 2688K, reserved 1048576K
}
Event: 4.211 GC heap before
{Heap before GC invocations=6 (full 0):
 garbage-first heap   total 262144K, used 76942K [0x0000000080000000, 0x0000000100000000)
  region size 1024K, 60 young (61440K), 2 survivors (2048K)
 Metaspace       used 26488K, capacity 27102K, committed 27264K, reserved 1073152K
  class space    used 3475K, capacity 3683K, committed 3712K, reserved 1048576K
}
Event: 4.216 GC heap after
{Heap after GC invocations=7 (full 0):
 garbage-first heap   total 262144K, used 19590K [0x0000000080000000, 0x0000000100000000)
  region size 1024K, 4 young (4096K), 4 survivors (4096K)
 Metaspace       used 26488K, capacity 27102K, committed 27264K, reserved 1073152K
  class space    used 3475K, capacity 3683K, committed 3712K, reserved 1048576K
}
Event: 5.642 GC heap before
{Heap before GC invocations=7 (full 0):
 garbage-first heap   total 262144K, used 71814K [0x0000000080000000, 0x0000000100000000)
  region size 1024K, 56 young (57344K), 4 survivors (4096K)
 Metaspace       used 35113K, capacity 35857K, committed 36048K, reserved 1081344K
  class space    used 4569K, capacity 4863K, committed 4864K, reserved 1048576K
}
Event: 5.651 GC heap after
{Heap after GC invocations=8 (full 0):
 garbage-first heap   total 262144K, used 22908K [0x0000000080000000, 0x0000000100000000)
  region size 1024K, 7 young (7168K), 7 survivors (7168K)
 Metaspace       used 35113K, capacity 35857K, committed 36048K, reserved 1081344K
  class space    used 4569K, capacity 4863K, committed 4864K, reserved 1048576K
}

Deoptimization events (20 events):
Event: 6.918 Thread 0x000002336f948000 DEOPT PACKING pc=0x000002335e7a01ac sp=0x0000006f028fa5d0
Event: 6.918 Thread 0x000002336f948000 DEOPT UNPACKING pc=0x0000023356b1662f sp=0x0000006f028fa560 mode 2
Event: 7.015 Thread 0x000002336f948000 DEOPT PACKING pc=0x00000233576ae9f4 sp=0x0000006f028f97b0
Event: 7.015 Thread 0x000002336f948000 DEOPT UNPACKING pc=0x0000023356b16dde sp=0x0000006f028f8d50 mode 0
Event: 7.131 Thread 0x000002336f948000 Uncommon trap: trap_request=0xffffff4d fr.pc=0x000002335e60cb10 relative=0x00000000000001d0
Event: 7.131 Thread 0x000002336f948000 Uncommon trap: reason=unstable_if action=reinterpret pc=0x000002335e60cb10 method=java.net.URI$Parser.scan(IILjava/lang/String;)I @ 26 c2
Event: 7.131 Thread 0x000002336f948000 DEOPT PACKING pc=0x000002335e60cb10 sp=0x0000006f028f8d90
Event: 7.132 Thread 0x000002336f948000 DEOPT UNPACKING pc=0x0000023356b1662f sp=0x0000006f028f8d20 mode 2
Event: 7.132 Thread 0x000002336f948000 Uncommon trap: trap_request=0xffffff4d fr.pc=0x000002335e605adc relative=0x000000000000011c
Event: 7.132 Thread 0x000002336f948000 Uncommon trap: reason=unstable_if action=reinterpret pc=0x000002335e605adc method=java.net.URI.match(CJJ)Z @ 45 c2
Event: 7.132 Thread 0x000002336f948000 DEOPT PACKING pc=0x000002335e605adc sp=0x0000006f028f8b00
Event: 7.132 Thread 0x000002336f948000 DEOPT UNPACKING pc=0x0000023356b1662f sp=0x0000006f028f8a38 mode 2
Event: 7.132 Thread 0x000002336f948000 Uncommon trap: trap_request=0xffffff4d fr.pc=0x000002335e5d2ae8 relative=0x0000000000000048
Event: 7.132 Thread 0x000002336f948000 Uncommon trap: reason=unstable_if action=reinterpret pc=0x000002335e5d2ae8 method=java.net.URI.match(CJJ)Z @ 19 c2
Event: 7.132 Thread 0x000002336f948000 DEOPT PACKING pc=0x000002335e5d2ae8 sp=0x0000006f028f8b10
Event: 7.132 Thread 0x000002336f948000 DEOPT UNPACKING pc=0x0000023356b1662f sp=0x0000006f028f8ac0 mode 2
Event: 7.241 Thread 0x000002336f948000 Uncommon trap: trap_request=0xffffff4d fr.pc=0x000002335e60c2b4 relative=0x00000000000001f4
Event: 7.241 Thread 0x000002336f948000 Uncommon trap: reason=unstable_if action=reinterpret pc=0x000002335e60c2b4 method=java.net.URI$Parser.scan(IILjava/lang/String;)I @ 26 c2
Event: 7.241 Thread 0x000002336f948000 DEOPT PACKING pc=0x000002335e60c2b4 sp=0x0000006f028f8850
Event: 7.241 Thread 0x000002336f948000 DEOPT UNPACKING pc=0x0000023356b1662f sp=0x0000006f028f8800 mode 2

Classes redefined (0 events):
No events

Internal exceptions (20 events):
Event: 6.867 Thread 0x000002336f948000 Implicit null exception at 0x000002335e6922f4 to 0x000002335e692504
Event: 6.867 Thread 0x000002336f948000 Implicit null exception at 0x000002335e5f57f8 to 0x000002335e5f588a
Event: 7.023 Thread 0x000002336f948000 Exception <a 'java/lang/ClassNotFoundException'{0x0000000089dd0f58}: build_bde7c3m76f91e0slt5ra8m67dBeanInfo> (0x0000000089dd0f58) thrown at [./src/hotspot/share/classfile/systemDictionary.cpp, line 231]
Event: 7.023 Thread 0x000002336f948000 Exception <a 'java/lang/ClassNotFoundException'{0x0000000089de7450}: org/gradle/api/internal/project/ProjectScriptBeanInfo> (0x0000000089de7450) thrown at [./src/hotspot/share/classfile/systemDictionary.cpp, line 231]
Event: 7.024 Thread 0x000002336f948000 Exception <a 'java/lang/ClassNotFoundException'{0x0000000089dfd820}: org/gradle/api/internal/project/ProjectScriptCustomizer> (0x0000000089dfd820) thrown at [./src/hotspot/share/classfile/systemDictionary.cpp, line 231]
Event: 7.025 Thread 0x000002336f948000 Exception <a 'java/lang/ClassNotFoundException'{0x0000000089c18f38}: build_bde7c3m76f91e0slt5ra8m67dCustomizer> (0x0000000089c18f38) thrown at [./src/hotspot/share/classfile/systemDictionary.cpp, line 231]
Event: 7.034 Thread 0x000002336f948000 Exception <a 'java/lang/ClassNotFoundException'{0x0000000089ca2588}: org/gradle/plugin/use/internal/PluginRequestCollector$PluginDependenciesSpecImplBeanInfo> (0x0000000089ca2588) thrown at [./src/hotspot/share/classfile/systemDictionary.cpp, line 231]
Event: 7.035 Thread 0x000002336f948000 Exception <a 'java/lang/ClassNotFoundException'{0x0000000089cd1410}: org/gradle/plugin/use/internal/PluginRequestCollector$PluginDependenciesSpecImplCustomizer> (0x0000000089cd1410) thrown at [./src/hotspot/share/classfile/systemDictionary.cpp, line 231]
Event: 7.040 Thread 0x000002336f948000 Exception <a 'java/lang/ClassNotFoundException'{0x0000000089b376f0}: org/gradle/plugin/use/internal/PluginRequestCollector$PluginDependencySpecImplBeanInfo> (0x0000000089b376f0) thrown at [./src/hotspot/share/classfile/systemDictionary.cpp, line 231]
Event: 7.040 Thread 0x000002336f948000 Exception <a 'java/lang/ClassNotFoundException'{0x0000000089b65760}: org/gradle/plugin/use/internal/PluginRequestCollector$PluginDependencySpecImplCustomizer> (0x0000000089b65760) thrown at [./src/hotspot/share/classfile/systemDictionary.cpp, line 231]
Event: 7.355 Thread 0x000002336f948000 Exception <a 'java/lang/IncompatibleClassChangeError'{0x000000008834bd48}: Found class java.lang.Object, but interface was expected> (0x000000008834bd48) thrown at [./src/hotspot/share/interpreter/linkResolver.cpp, line 839]
Event: 7.426 Thread 0x000002336f948000 Exception <a 'java/lang/NoSuchMethodError'{0x0000000087b4cc70}: 'int java.lang.invoke.DirectMethodHandle$Holder.invokeStaticInit(java.lang.Object)'> (0x0000000087b4cc70) thrown at [./src/hotspot/share/interpreter/linkResolver.cpp, line 773]
Event: 7.455 Thread 0x000002336f948000 Exception <a 'java/lang/NoSuchMethodError'{0x0000000087809ff8}: 'void java.lang.invoke.DirectMethodHandle$Holder.invokeStatic(java.lang.Object, java.lang.Object, java.lang.Object, int, java.lang.Object)'> (0x0000000087809ff8) thrown at [./src/hotspot/share/interpreter/linkResolver.cpp, line 773]
Event: 7.563 Thread 0x000002336f948000 Exception <a 'java/lang/NoSuchMethodError'{0x00000000873da928}: 'java.lang.Object java.lang.invoke.DelegatingMethodHandle$Holder.reinvoke_L(java.lang.Object, java.lang.Object, java.lang.Object, java.lang.Object, java.lang.Object, java.lang.Object, java.lang.Object, java.lang.Object, java.lang.Object, java.lang.Object, java.lang.Object, java.lang.Object, java.lang.Object, java.lang.Object, java.lang.Object, java.lang.Object, java.lang.Object, java.lang.Object, java.lang.Object, java.lang.Object)'> (0x000000
Event: 7.563 Thread 0x000002336f948000 Exception <a 'java/lang/NoSuchMethodError'{0x00000000873e63c8}: 'java.lang.Object java.lang.invoke.DirectMethodHandle$Holder.invokeSpecial(java.lang.Object, java.lang.Object, java.lang.Object, java.lang.Object, java.lang.Object, java.lang.Object, java.lang.Object, java.lang.Object, java.lang.Object, java.lang.Object, java.lang.Object, java.lang.Object, java.lang.Object, java.lang.Object, java.lang.Object, java.lang.Object, java.lang.Object, java.lang.Object, java.lang.Object, java.lang.Object)'> (0x0000000
Event: 7.563 Thread 0x000002336f948000 Exception <a 'java/lang/NoSuchMethodError'{0x00000000873ec308}: 'java.lang.Object java.lang.invoke.Invokers$Holder.invoker(java.lang.Object, java.lang.Object, java.lang.Object, java.lang.Object, java.lang.Object, java.lang.Object, java.lang.Object, java.lang.Object, java.lang.Object, java.lang.Object, java.lang.Object, java.lang.Object, java.lang.Object, java.lang.Object, java.lang.Object, java.lang.Object, java.lang.Object, java.lang.Object, java.lang.Object, java.lang.Object)'> (0x00000000873ec308) throw
Event: 7.564 Thread 0x000002336f948000 Exception <a 'java/lang/NoSuchMethodError'{0x00000000873f3418}: 'java.lang.Object java.lang.invoke.DelegatingMethodHandle$Holder.delegate(java.lang.Object, java.lang.Object, java.lang.Object, java.lang.Object, java.lang.Object, java.lang.Object, java.lang.Object, java.lang.Object, java.lang.Object, java.lang.Object, java.lang.Object, java.lang.Object, java.lang.Object, java.lang.Object, java.lang.Object, java.lang.Object, java.lang.Object, java.lang.Object, java.lang.Object, java.lang.Object)'> (0x00000000
Event: 7.600 Thread 0x000002336f948000 Exception <a 'java/lang/NoSuchMethodError'{0x000000008723b848}: 'java.lang.Object java.lang.invoke.DirectMethodHandle$Holder.invokeStatic(java.lang.Object, java.lang.Object, java.lang.Object, java.lang.Object, java.lang.Object, java.lang.Object, java.lang.Object, java.lang.Object, java.lang.Object, java.lang.Object, java.lang.Object, java.lang.Object, java.lang.Object, java.lang.Object, java.lang.Object)'> (0x000000008723b848) thrown at [./src/hotspot/share/interpreter/linkResolver.cpp, line 773]
Event: 7.601 Thread 0x000002336f948000 Exception <a 'java/lang/NoSuchMethodError'{0x000000008724bf98}: 'java.lang.Object java.lang.invoke.DirectMethodHandle$Holder.invokeStatic(java.lang.Object, java.lang.Object, java.lang.Object, java.lang.Object, java.lang.Object, java.lang.Object, java.lang.Object, java.lang.Object, java.lang.Object, java.lang.Object, java.lang.Object, java.lang.Object, java.lang.Object, java.lang.Object, java.lang.Object, java.lang.Object)'> (0x000000008724bf98) thrown at [./src/hotspot/share/interpreter/linkResolver.cpp, l
Event: 7.602 Thread 0x000002336f948000 Exception <a 'java/lang/NoSuchMethodError'{0x000000008725c470}: 'java.lang.Object java.lang.invoke.DelegatingMethodHandle$Holder.reinvoke_L(java.lang.Object, java.lang.Object, java.lang.Object, java.lang.Object, java.lang.Object, java.lang.Object, java.lang.Object, java.lang.Object, java.lang.Object, java.lang.Object, java.lang.Object, java.lang.Object, java.lang.Object, java.lang.Object, java.lang.Object, java.lang.Object, java.lang.Object, java.lang.Object, java.lang.Object)'> (0x000000008725c470) thrown

Events (20 events):
Event: 7.627 loading class org/gradle/api/internal/artifacts/ivyservice/resolveengine/excludes/factories/OptimizingExcludeFactory
Event: 7.627 loading class org/gradle/api/internal/artifacts/ivyservice/resolveengine/excludes/factories/OptimizingExcludeFactory done
Event: 7.627 loading class org/gradle/api/internal/artifacts/ivyservice/resolveengine/excludes/factories/Optimizations
Event: 7.627 loading class org/gradle/api/internal/artifacts/ivyservice/resolveengine/excludes/factories/Optimizations done
Event: 7.628 loading class org/gradle/internal/component/external/model/ConfigurationBoundExternalDependencyMetadata
Event: 7.628 loading class org/gradle/internal/component/external/model/ConfigurationBoundExternalDependencyMetadata done
Event: 7.633 loading class org/gradle/internal/component/external/model/AbstractMutableModuleComponentResolveMetadata$MutableVariantImpl
Event: 7.633 loading class org/gradle/internal/component/external/model/AbstractMutableModuleComponentResolveMetadata$MutableVariantImpl done
Event: 7.634 loading class org/gradle/internal/component/external/model/AbstractMutableModuleComponentResolveMetadata$DependencyImpl
Event: 7.634 loading class org/gradle/internal/component/external/model/AbstractMutableModuleComponentResolveMetadata$DependencyImpl done
Event: 7.635 loading class org/gradle/internal/component/external/model/ComponentVariant$Dependency
Event: 7.635 loading class org/gradle/internal/component/external/model/ComponentVariant$Dependency done
Event: 7.635 loading class org/gradle/api/capabilities/Capability
Event: 7.635 loading class org/gradle/api/capabilities/Capability done
Event: 7.635 loading class org/gradle/api/capabilities/Capability
Event: 7.635 loading class org/gradle/api/capabilities/Capability done
Event: 7.636 loading class org/gradle/internal/component/external/model/AbstractMutableModuleComponentResolveMetadata$FileImpl
Event: 7.636 loading class org/gradle/internal/component/external/model/AbstractMutableModuleComponentResolveMetadata$FileImpl done
Event: 7.636 loading class org/gradle/internal/component/external/model/ComponentVariant$File
Event: 7.636 loading class org/gradle/internal/component/external/model/ComponentVariant$File done


Dynamic libraries:
0x00007ff6c2350000 - 0x00007ff6c235a000 	C:\Program Files\Android\Android Studio\jre\bin\java.exe
0x00007ffbe36b0000 - 0x00007ffbe38a5000 	C:\WINDOWS\SYSTEM32\ntdll.dll
0x00007ffbe2ae0000 - 0x00007ffbe2b9d000 	C:\WINDOWS\System32\KERNEL32.DLL
0x00007ffbe1120000 - 0x00007ffbe13ed000 	C:\WINDOWS\System32\KERNELBASE.dll
0x00007ffbe1020000 - 0x00007ffbe1120000 	C:\WINDOWS\System32\ucrtbase.dll
0x00007ffbd86b0000 - 0x00007ffbd86c9000 	C:\Program Files\Android\Android Studio\jre\bin\jli.dll
0x00007ffbe2cb0000 - 0x00007ffbe2e50000 	C:\WINDOWS\System32\USER32.dll
0x00007ffbe16d0000 - 0x00007ffbe16f2000 	C:\WINDOWS\System32\win32u.dll
0x00007ffbe3510000 - 0x00007ffbe353a000 	C:\WINDOWS\System32\GDI32.dll
0x00007ffbe0e60000 - 0x00007ffbe0f6b000 	C:\WINDOWS\System32\gdi32full.dll
0x00007ffbe0dc0000 - 0x00007ffbe0e5d000 	C:\WINDOWS\System32\msvcp_win.dll
0x00007ffbd8610000 - 0x00007ffbd8627000 	C:\Program Files\Android\Android Studio\jre\bin\VCRUNTIME140.dll
0x00007ffbcdda0000 - 0x00007ffbce03a000 	C:\WINDOWS\WinSxS\amd64_microsoft.windows.common-controls_6595b64144ccf1df_6.0.19041.1110_none_60b5254171f9507e\COMCTL32.dll
0x00007ffbe1d60000 - 0x00007ffbe1dfe000 	C:\WINDOWS\System32\msvcrt.dll
0x00007ffbe1a50000 - 0x00007ffbe1a80000 	C:\WINDOWS\System32\IMM32.DLL
0x00007ffbcece0000 - 0x00007ffbced7d000 	C:\Program Files\Android\Android Studio\jre\bin\msvcp140.dll
0x00007ffb94850000 - 0x00007ffb95325000 	C:\Program Files\Android\Android Studio\jre\bin\server\jvm.dll
0x00007ffbe1e00000 - 0x00007ffbe1eae000 	C:\WINDOWS\System32\ADVAPI32.dll
0x00007ffbe1eb0000 - 0x00007ffbe1f4c000 	C:\WINDOWS\System32\sechost.dll
0x00007ffbe2ee0000 - 0x00007ffbe3005000 	C:\WINDOWS\System32\RPCRT4.dll
0x00007ffbe3080000 - 0x00007ffbe3088000 	C:\WINDOWS\System32\PSAPI.DLL
0x00007ffbd8640000 - 0x00007ffbd8649000 	C:\WINDOWS\SYSTEM32\WSOCK32.dll
0x00007ffbe3010000 - 0x00007ffbe307b000 	C:\WINDOWS\System32\WS2_32.dll
0x00007ffbd6e90000 - 0x00007ffbd6eb7000 	C:\WINDOWS\SYSTEM32\WINMM.dll
0x00007ffbdb150000 - 0x00007ffbdb15a000 	C:\WINDOWS\SYSTEM32\VERSION.dll
0x00007ffbdece0000 - 0x00007ffbdecf2000 	C:\WINDOWS\SYSTEM32\kernel.appcore.dll
0x00007ffbd63e0000 - 0x00007ffbd63f1000 	C:\Program Files\Android\Android Studio\jre\bin\verify.dll
0x00007ffbcf500000 - 0x00007ffbcf6e4000 	C:\WINDOWS\SYSTEM32\DBGHELP.DLL
0x00007ffbca570000 - 0x00007ffbca59c000 	C:\WINDOWS\SYSTEM32\dbgcore.DLL
0x00007ffbe15f0000 - 0x00007ffbe1672000 	C:\WINDOWS\System32\bcryptPrimitives.dll
0x00007ffbd63b0000 - 0x00007ffbd63d9000 	C:\Program Files\Android\Android Studio\jre\bin\java.dll
0x00007ffbd8630000 - 0x00007ffbd863b000 	C:\Program Files\Android\Android Studio\jre\bin\jimage.dll
0x00007ffbd5ff0000 - 0x00007ffbd6008000 	C:\Program Files\Android\Android Studio\jre\bin\zip.dll
0x00007ffbe2330000 - 0x00007ffbe2a74000 	C:\WINDOWS\System32\SHELL32.dll
0x00007ffbdeee0000 - 0x00007ffbdf674000 	C:\WINDOWS\SYSTEM32\windows.storage.dll
0x00007ffbe1f50000 - 0x00007ffbe22a4000 	C:\WINDOWS\System32\combase.dll
0x00007ffbe0820000 - 0x00007ffbe084c000 	C:\WINDOWS\SYSTEM32\Wldp.dll
0x00007ffbe1940000 - 0x00007ffbe19ed000 	C:\WINDOWS\System32\SHCORE.dll
0x00007ffbe1830000 - 0x00007ffbe1885000 	C:\WINDOWS\System32\shlwapi.dll
0x00007ffbe0d00000 - 0x00007ffbe0d1f000 	C:\WINDOWS\SYSTEM32\profapi.dll
0x00007ffbd5fd0000 - 0x00007ffbd5fea000 	C:\Program Files\Android\Android Studio\jre\bin\net.dll
0x00007ffbdc0f0000 - 0x00007ffbdc1fa000 	C:\WINDOWS\SYSTEM32\WINHTTP.dll
0x00007ffbe0580000 - 0x00007ffbe05ea000 	C:\WINDOWS\system32\mswsock.dll
0x00007ffbd5fb0000 - 0x00007ffbd5fc4000 	C:\Program Files\Android\Android Studio\jre\bin\nio.dll
0x00007ffbd8090000 - 0x00007ffbd80b7000 	C:\Users\User\.gradle\native\e1d6ef7f7dcc3fd88c89a11ec53ec762bb8ba0a96d01ffa2cd45eb1d1d8dd5c5\windows-amd64\native-platform.dll
0x00007ffbb2970000 - 0x00007ffbb2ab4000 	C:\Users\User\.gradle\native\5664cfc778a61ccfe75a443a1ab52a65af34e5dc3c78e0209fed803814484fcb\windows-amd64\native-platform-file-events.dll
0x00007ffbd82d0000 - 0x00007ffbd82da000 	C:\Program Files\Android\Android Studio\jre\bin\management.dll
0x00007ffbd79a0000 - 0x00007ffbd79ad000 	C:\Program Files\Android\Android Studio\jre\bin\management_ext.dll
0x00007ffbe0770000 - 0x00007ffbe0788000 	C:\WINDOWS\SYSTEM32\CRYPTSP.dll
0x00007ffbdfe90000 - 0x00007ffbdfec4000 	C:\WINDOWS\system32\rsaenh.dll
0x00007ffbe15c0000 - 0x00007ffbe15e7000 	C:\WINDOWS\System32\bcrypt.dll
0x00007ffbe0cc0000 - 0x00007ffbe0cee000 	C:\WINDOWS\SYSTEM32\USERENV.dll
0x00007ffbe0790000 - 0x00007ffbe079c000 	C:\WINDOWS\SYSTEM32\CRYPTBASE.dll
0x00007ffbe0220000 - 0x00007ffbe025b000 	C:\WINDOWS\SYSTEM32\IPHLPAPI.DLL
0x00007ffbe3540000 - 0x00007ffbe3548000 	C:\WINDOWS\System32\NSI.dll
0x00007ffbdb3e0000 - 0x00007ffbdb3f7000 	C:\WINDOWS\SYSTEM32\dhcpcsvc6.DLL
0x00007ffbdb080000 - 0x00007ffbdb09d000 	C:\WINDOWS\SYSTEM32\dhcpcsvc.DLL
0x00007ffbe0260000 - 0x00007ffbe032b000 	C:\WINDOWS\SYSTEM32\DNSAPI.dll

dbghelp: loaded successfully - version: 4.0.5 - missing functions: none
symbol engine: initialized successfully - sym options: 0x614 - pdb path: .;C:\Program Files\Android\Android Studio\jre\bin;C:\WINDOWS\SYSTEM32;C:\WINDOWS\WinSxS\amd64_microsoft.windows.common-controls_6595b64144ccf1df_6.0.19041.1110_none_60b5254171f9507e;C:\Program Files\Android\Android Studio\jre\bin\server;C:\Users\User\.gradle\native\e1d6ef7f7dcc3fd88c89a11ec53ec762bb8ba0a96d01ffa2cd45eb1d1d8dd5c5\windows-amd64;C:\Users\User\.gradle\native\5664cfc778a61ccfe75a443a1ab52a65af34e5dc3c78e0209fed803814484fcb\windows-amd64

VM Arguments:
jvm_args: --add-opens=java.base/java.util=ALL-UNNAMED --add-opens=java.base/java.lang=ALL-UNNAMED --add-opens=java.base/java.lang.invoke=ALL-UNNAMED --add-opens=java.base/java.util=ALL-UNNAMED --add-opens=java.prefs/java.util.prefs=ALL-UNNAMED --add-opens=java.prefs/java.util.prefs=ALL-UNNAMED --add-opens=java.base/java.nio.charset=ALL-UNNAMED --add-opens=java.base/java.net=ALL-UNNAMED --add-opens=java.base/java.util.concurrent.atomic=ALL-UNNAMED -Xmx2048m -Dfile.encoding=UTF-8 -Duser.country=KR -Duser.language=ko -Duser.variant 
java_command: org.gradle.launcher.daemon.bootstrap.GradleDaemon 7.2
java_class_path (initial): C:\Users\User\.gradle\wrapper\dists\gradle-7.2-bin\2dnblmf4td7x66yl1d74lt32g\gradle-7.2\lib\gradle-launcher-7.2.jar
Launcher Type: SUN_STANDARD

[Global flags]
     intx CICompilerCount                          = 3                                         {product} {ergonomic}
     uint ConcGCThreads                            = 1                                         {product} {ergonomic}
     uint G1ConcRefinementThreads                  = 4                                         {product} {ergonomic}
   size_t G1HeapRegionSize                         = 1048576                                   {product} {ergonomic}
    uintx GCDrainStackTargetSize                   = 64                                        {product} {ergonomic}
   size_t InitialHeapSize                          = 268435456                                 {product} {ergonomic}
   size_t MarkStackSize                            = 4194304                                   {product} {ergonomic}
   size_t MaxHeapSize                              = 2147483648                                {product} {command line}
   size_t MaxNewSize                               = 1287651328                                {product} {ergonomic}
   size_t MinHeapDeltaBytes                        = 1048576                                   {product} {ergonomic}
    uintx NonNMethodCodeHeapSize                   = 5830732                                {pd product} {ergonomic}
    uintx NonProfiledCodeHeapSize                  = 122913754                              {pd product} {ergonomic}
    uintx ProfiledCodeHeapSize                     = 122913754                              {pd product} {ergonomic}
    uintx ReservedCodeCacheSize                    = 251658240                              {pd product} {ergonomic}
     bool SegmentedCodeCache                       = true                                      {product} {ergonomic}
     bool UseCompressedClassPointers               = true                                 {lp64_product} {ergonomic}
     bool UseCompressedOops                        = true                                 {lp64_product} {ergonomic}
     bool UseG1GC                                  = true                                      {product} {ergonomic}
     bool UseLargePagesIndividualAllocation        = false                                  {pd product} {ergonomic}

Logging:
Log output configuration:
 #0: stdout all=warning uptime,level,tags
 #1: stderr all=off uptime,level,tags

Environment Variables:
JAVA_HOME=C:\Program Files\Java\jdk-15.0.1
CLASSPATH=C:\Program Files\Java\jdk-15.0.1\lib
PATH=C:\Python310\Scripts\;C:\Python310\;C:\Program Files\Java\jdk-15.0.2\bin;C:\Program Files (x86)\Common Files\Oracle\Java\javapath;C:\Program Files\Java\jdk-15.0.1;C:\Users\User\anaconda3\Scripts;C:\Users\User\anaconda3\Scripts;C:\Program Files (x86)\NAT Service;C:\Windows\system32;C:\Windows;C:\Windows\System32\Wbem;C:\Windows\System32\WindowsPowerShell\v1.0\;C:\Program Files (x86)\NVIDIA Corporation\PhysX\Common;C:\WINDOWS\system32;C:\WINDOWS;C:\WINDOWS\System32\Wbem;C:\WINDOWS\System32\WindowsPowerShell\v1.0\;C:\WINDOWS\System32\OpenSSH\;C:\Users\User\anaconda3\Scripts;C:\Program Files\Java\jdk-15.0.1\bin;C:\Program Files\NVIDIA Corporation\NVIDIA NvDLISR;D:\bin;C:\Program Files\dotnet\;C:\Program Files\nodejs\;C:\ProgramData\chocolatey\bin;C:\Program Files\Git\cmd;C:\Python39\Scripts\;C:\Python39\;C:\Users\User\AppData\Local\Programs\Python\Python38\Scripts\;C:\Users\User\AppData\Local\Programs\Python\Python38\;C:\Users\User\AppData\Local\Microsoft\WindowsApps;C:\Users\User\AppData\Local\GitHubDesktop\bin;C:\Users\User\.dotnet\tools;C:\Program Files\Bandizip\;C:\Users\User\AppData\Local\afreeca;C:\Microsoft VS Code\bin;C:\Users\User\AppData\Roaming\npm
USERNAME=User
OS=Windows_NT
PROCESSOR_IDENTIFIER=Intel64 Family 6 Model 60 Stepping 3, GenuineIntel



---------------  S Y S T E M  ---------------

OS: Windows 10 , 64 bit Build 19041 (10.0.19041.1706)
OS uptime: 15 days 21:37 hours

CPU:total 4 (initial active 4) (4 cores per cpu, 1 threads per core) family 6 model 60 stepping 3 microcode 0x27, cmov, cx8, fxsr, mmx, sse, sse2, sse3, ssse3, sse4.1, sse4.2, popcnt, avx, avx2, aes, clmul, erms, lzcnt, tsc, tscinvbit, bmi1, bmi2, fma

Memory: 4k page, system-wide physical 16303M (5442M free)
TotalPageFile size 48956M (AvailPageFile size 0M)
current process WorkingSet (physical memory assigned to process): 333M, peak: 333M
current process commit charge ("private bytes"): 452M, peak: 453M

vm_info: OpenJDK 64-Bit Server VM (11.0.11+9-b60-7590822) for windows-amd64 JRE (11.0.11+9-b60-7590822), built on Jul 29 2021 21:43:44 by "builder" with MS VC++ 14.0 (VS2015)

END.
